2025-05-31 17:51:03.863 INFO  [http-nio-8080-exec-3] c.t.config.security.JwtFilter - JwtFilter : doFilterInternal() : Execution Start
2025-05-31 17:51:03.864 INFO  [http-nio-8080-exec-3] c.t.config.security.JwtFilter - Message :/farmer_app_shopping-doc/
2025-05-31 17:51:03.865 INFO  [http-nio-8080-exec-3] c.t.config.security.JwtFilter - JwtFilter : doFilterInternal() : Execution End
2025-05-31 17:51:03.868 ERROR [http-nio-8080-exec-3] c.t.exception.GlobalExceptionHandler - Exception : No static resource farmer_app_shopping-doc.
2025-05-31 17:51:03.870 WARN  [http-nio-8080-exec-3] o.s.w.s.m.m.a.ExceptionHandlerExceptionResolver - Resolved [org.springframework.web.servlet.resource.NoResourceFoundException: No static resource farmer_app_shopping-doc.]
2025-05-31 17:51:03.973 INFO  [http-nio-8080-exec-4] c.t.config.security.JwtFilter - JwtFilter : doFilterInternal() : Execution Start
2025-05-31 17:51:03.973 INFO  [http-nio-8080-exec-4] c.t.config.security.JwtFilter - Message :/favicon.ico
2025-05-31 17:51:03.973 INFO  [http-nio-8080-exec-4] c.t.config.security.JwtFilter - JwtFilter : doFilterInternal() : Execution End
2025-05-31 17:51:20.964 INFO  [http-nio-8080-exec-5] c.t.config.security.JwtFilter - JwtFilter : doFilterInternal() : Execution Start
2025-05-31 17:51:20.964 INFO  [http-nio-8080-exec-5] c.t.config.security.JwtFilter - Message :/farmer_app_shopping-doc/
2025-05-31 17:51:20.964 INFO  [http-nio-8080-exec-5] c.t.config.security.JwtFilter - JwtFilter : doFilterInternal() : Execution End
2025-05-31 17:51:20.967 ERROR [http-nio-8080-exec-5] c.t.exception.GlobalExceptionHandler - Exception : No static resource farmer_app_shopping-doc.
2025-05-31 17:51:20.970 WARN  [http-nio-8080-exec-5] o.s.w.s.m.m.a.ExceptionHandlerExceptionResolver - Resolved [org.springframework.web.servlet.resource.NoResourceFoundException: No static resource farmer_app_shopping-doc.]
2025-05-31 17:51:21.137 INFO  [http-nio-8080-exec-6] c.t.config.security.JwtFilter - JwtFilter : doFilterInternal() : Execution Start
2025-05-31 17:51:21.137 INFO  [http-nio-8080-exec-6] c.t.config.security.JwtFilter - Message :/favicon.ico
2025-05-31 17:51:21.137 INFO  [http-nio-8080-exec-6] c.t.config.security.JwtFilter - JwtFilter : doFilterInternal() : Execution End
2025-05-31 17:51:21.653 INFO  [File Watcher] o.s.b.d.a.LocalDevToolsAutoConfiguration$RestartingClassPathChangeChangedEventListener - Restarting due to 1 class path change (0 additions, 0 deletions, 1 modification)
2025-05-31 17:51:21.657 INFO  [Thread-29] o.s.b.w.e.tomcat.GracefulShutdown - Commencing graceful shutdown. Waiting for active requests to complete
2025-05-31 17:51:21.658 INFO  [tomcat-shutdown] o.a.coyote.http11.Http11NioProtocol - Pausing ProtocolHandler ["http-nio-8080"]
2025-05-31 17:51:21.660 INFO  [tomcat-shutdown] o.s.b.w.e.tomcat.GracefulShutdown - Graceful shutdown complete
2025-05-31 17:51:21.660 INFO  [Thread-29] o.a.coyote.http11.Http11NioProtocol - Stopping ProtocolHandler ["http-nio-8080"]
2025-05-31 17:51:21.670 INFO  [Thread-29] o.s.o.j.LocalContainerEntityManagerFactoryBean - Closing JPA EntityManagerFactory for persistence unit 'default'
2025-05-31 17:51:21.672 INFO  [Thread-29] com.zaxxer.hikari.HikariDataSource - HikariPool-8 - Shutdown initiated...
2025-05-31 17:51:21.679 INFO  [Thread-29] com.zaxxer.hikari.HikariDataSource - HikariPool-8 - Shutdown completed.
2025-05-31 17:51:21.942 INFO  [restartedMain] c.t.TempAgriProject2Application - Starting TempAgriProject2Application using Java 21.0.4 with PID 262966 (/media/pranjal/New Volume/CODES/PROJECT/AgriProject/TempAgriProject2/target/classes started by pranjal in /media/pranjal/New Volume/CODES/PROJECT/AgriProject/TempAgriProject2)
2025-05-31 17:51:21.943 INFO  [restartedMain] c.t.TempAgriProject2Application - No active profile set, falling back to 1 default profile: "default"
2025-05-31 17:51:22.696 INFO  [restartedMain] o.s.d.r.c.RepositoryConfigurationDelegate - Bootstrapping Spring Data JPA repositories in DEFAULT mode.
2025-05-31 17:51:22.730 INFO  [restartedMain] o.s.d.r.c.RepositoryConfigurationDelegate - Finished Spring Data repository scanning in 32 ms. Found 10 JPA repository interfaces.
2025-05-31 17:51:23.035 INFO  [restartedMain] o.s.b.w.e.tomcat.TomcatWebServer - Tomcat initialized with port 8080 (http)
2025-05-31 17:51:23.036 INFO  [restartedMain] o.a.coyote.http11.Http11NioProtocol - Initializing ProtocolHandler ["http-nio-8080"]
2025-05-31 17:51:23.036 INFO  [restartedMain] o.a.catalina.core.StandardService - Starting service [Tomcat]
2025-05-31 17:51:23.036 INFO  [restartedMain] o.a.catalina.core.StandardEngine - Starting Servlet engine: [Apache Tomcat/10.1.40]
2025-05-31 17:51:23.045 INFO  [restartedMain] o.a.c.c.C.[Tomcat-2].[localhost].[/] - Initializing Spring embedded WebApplicationContext
2025-05-31 17:51:23.045 INFO  [restartedMain] o.s.b.w.s.c.ServletWebServerApplicationContext - Root WebApplicationContext: initialization completed in 1098 ms
2025-05-31 17:51:23.149 INFO  [restartedMain] c.t.service.impl.JwtServiceImpl - JwtServiceImpl instantiated
2025-05-31 17:51:23.518 INFO  [restartedMain] o.h.jpa.internal.util.LogHelper - HHH000204: Processing PersistenceUnitInfo [name: default]
2025-05-31 17:51:23.520 INFO  [restartedMain] o.h.c.i.RegionFactoryInitiator - HHH000026: Second-level cache disabled
2025-05-31 17:51:23.530 INFO  [restartedMain] o.s.o.j.p.SpringPersistenceUnitInfo - No LoadTimeWeaver setup: ignoring JPA class transformer
2025-05-31 17:51:23.531 INFO  [restartedMain] com.zaxxer.hikari.HikariDataSource - HikariPool-9 - Starting...
2025-05-31 17:51:23.562 INFO  [restartedMain] com.zaxxer.hikari.pool.HikariPool - HikariPool-9 - Added connection com.mysql.cj.jdbc.ConnectionImpl@670ec05e
2025-05-31 17:51:23.562 INFO  [restartedMain] com.zaxxer.hikari.HikariDataSource - HikariPool-9 - Start completed.
2025-05-31 17:51:23.564 INFO  [restartedMain] o.hibernate.orm.connections.pooling - HHH10001005: Database info:
	Database JDBC URL [Connecting through datasource 'HikariDataSource (HikariPool-9)']
	Database driver: undefined/unknown
	Database version: 8.0.41
	Autocommit mode: undefined/unknown
	Isolation level: undefined/unknown
	Minimum pool size: undefined/unknown
	Maximum pool size: undefined/unknown
2025-05-31 17:51:23.993 INFO  [restartedMain] o.h.e.t.j.p.i.JtaPlatformInitiator - HHH000489: No JTA platform available (set 'hibernate.transaction.jta.platform' to enable JTA platform integration)
2025-05-31 17:51:24.156 INFO  [restartedMain] o.s.o.j.LocalContainerEntityManagerFactoryBean - Initialized JPA EntityManagerFactory for persistence unit 'default'
2025-05-31 17:51:24.927 INFO  [restartedMain] o.s.s.c.a.a.c.InitializeAuthenticationProviderBeanManagerConfigurer$InitializeAuthenticationProviderManagerConfigurer - Global AuthenticationManager configured with AuthenticationProvider bean with name authenticationProvider
2025-05-31 17:51:24.927 WARN  [restartedMain] o.s.s.c.a.a.c.InitializeUserDetailsBeanManagerConfigurer$InitializeUserDetailsManagerConfigurer - Global AuthenticationManager configured with an AuthenticationProvider bean. UserDetailsService beans will not be used by Spring Security for automatically configuring username/password login. Consider removing the AuthenticationProvider bean. Alternatively, consider using the UserDetailsService in a manually instantiated DaoAuthenticationProvider. If the current configuration is intentional, to turn off this warning, increase the logging level of 'org.springframework.security.config.annotation.authentication.configuration.InitializeUserDetailsBeanManagerConfigurer' to ERROR
2025-05-31 17:51:25.435 WARN  [restartedMain] o.s.b.a.o.j.JpaBaseConfiguration$JpaWebConfiguration - spring.jpa.open-in-view is enabled by default. Therefore, database queries may be performed during view rendering. Explicitly configure spring.jpa.open-in-view to disable this warning
2025-05-31 17:51:25.834 INFO  [restartedMain] o.s.b.a.e.web.EndpointLinksResolver - Exposing 15 endpoints beneath base path '/actuator'
2025-05-31 17:51:25.875 INFO  [restartedMain] c.t.config.security.SecurityConfig - SecurityConfig : securityFilterChain() : Execution Start
2025-05-31 17:51:25.900 INFO  [restartedMain] c.t.config.security.SecurityConfig - SecurityConfig : securityFilterChain() : Execution Complete
2025-05-31 17:51:26.559 INFO  [restartedMain] o.s.b.d.a.OptionalLiveReloadServer - LiveReload server is running on port 35729
2025-05-31 17:51:26.595 INFO  [restartedMain] o.a.coyote.http11.Http11NioProtocol - Starting ProtocolHandler ["http-nio-8080"]
2025-05-31 17:51:26.599 INFO  [restartedMain] o.s.b.w.e.tomcat.TomcatWebServer - Tomcat started on port 8080 (http) with context path '/'
2025-05-31 17:51:26.612 INFO  [restartedMain] c.t.TempAgriProject2Application - Started TempAgriProject2Application in 4.762 seconds (process running for 1122.857)
2025-05-31 17:51:26.615 INFO  [restartedMain] o.s.b.d.a.ConditionEvaluationDeltaLoggingListener - Condition evaluation unchanged
2025-05-31 17:51:31.127 INFO  [http-nio-8080-exec-1] o.a.c.c.C.[Tomcat-2].[localhost].[/] - Initializing Spring DispatcherServlet 'dispatcherServlet'
2025-05-31 17:51:31.127 INFO  [http-nio-8080-exec-1] o.s.web.servlet.DispatcherServlet - Initializing Servlet 'dispatcherServlet'
2025-05-31 17:51:31.132 INFO  [http-nio-8080-exec-1] o.s.web.servlet.DispatcherServlet - Completed initialization in 5 ms
2025-05-31 17:51:31.136 INFO  [http-nio-8080-exec-1] c.t.config.security.JwtFilter - JwtFilter : doFilterInternal() : Execution Start
2025-05-31 17:51:31.136 INFO  [http-nio-8080-exec-1] c.t.config.security.JwtFilter - Message :/swagger-ui/
2025-05-31 17:51:31.138 INFO  [http-nio-8080-exec-1] c.t.config.security.JwtFilter - JwtFilter : doFilterInternal() : Execution End
2025-05-31 17:51:31.144 ERROR [http-nio-8080-exec-1] c.t.exception.GlobalExceptionHandler - Exception : No static resource swagger-ui.
2025-05-31 17:51:31.150 WARN  [http-nio-8080-exec-1] o.s.w.s.m.m.a.ExceptionHandlerExceptionResolver - Resolved [org.springframework.web.servlet.resource.NoResourceFoundException: No static resource swagger-ui.]
2025-05-31 17:51:31.295 INFO  [http-nio-8080-exec-2] c.t.config.security.JwtFilter - JwtFilter : doFilterInternal() : Execution Start
2025-05-31 17:51:31.295 INFO  [http-nio-8080-exec-2] c.t.config.security.JwtFilter - Message :/favicon.ico
2025-05-31 17:51:31.295 INFO  [http-nio-8080-exec-2] c.t.config.security.JwtFilter - JwtFilter : doFilterInternal() : Execution End
2025-05-31 17:51:33.526 INFO  [http-nio-8080-exec-3] c.t.config.security.JwtFilter - JwtFilter : doFilterInternal() : Execution Start
2025-05-31 17:51:33.526 INFO  [http-nio-8080-exec-3] c.t.config.security.JwtFilter - Message :/swagger-ui/
2025-05-31 17:51:33.527 INFO  [http-nio-8080-exec-3] c.t.config.security.JwtFilter - JwtFilter : doFilterInternal() : Execution End
2025-05-31 17:51:33.530 ERROR [http-nio-8080-exec-3] c.t.exception.GlobalExceptionHandler - Exception : No static resource swagger-ui.
2025-05-31 17:51:33.533 WARN  [http-nio-8080-exec-3] o.s.w.s.m.m.a.ExceptionHandlerExceptionResolver - Resolved [org.springframework.web.servlet.resource.NoResourceFoundException: No static resource swagger-ui.]
2025-05-31 17:51:33.574 INFO  [http-nio-8080-exec-4] c.t.config.security.JwtFilter - JwtFilter : doFilterInternal() : Execution Start
2025-05-31 17:51:33.575 INFO  [http-nio-8080-exec-4] c.t.config.security.JwtFilter - Message :/favicon.ico
2025-05-31 17:51:33.575 INFO  [http-nio-8080-exec-4] c.t.config.security.JwtFilter - JwtFilter : doFilterInternal() : Execution End
2025-05-31 17:51:58.880 INFO  [http-nio-8080-exec-5] c.t.config.security.JwtFilter - JwtFilter : doFilterInternal() : Execution Start
2025-05-31 17:51:58.880 INFO  [http-nio-8080-exec-5] c.t.config.security.JwtFilter - Message :/swagger-ui.html
2025-05-31 17:51:58.880 INFO  [http-nio-8080-exec-5] c.t.config.security.JwtFilter - Skipping JWT Filter for: /swagger-ui.html
2025-05-31 17:51:58.883 ERROR [http-nio-8080-exec-5] c.t.exception.GlobalExceptionHandler - Exception : No static resource swagger-ui.html.
2025-05-31 17:51:58.885 WARN  [http-nio-8080-exec-5] o.s.w.s.m.m.a.ExceptionHandlerExceptionResolver - Resolved [org.springframework.web.servlet.resource.NoResourceFoundException: No static resource swagger-ui.html.]
2025-05-31 17:51:58.969 INFO  [http-nio-8080-exec-6] c.t.config.security.JwtFilter - JwtFilter : doFilterInternal() : Execution Start
2025-05-31 17:51:58.969 INFO  [http-nio-8080-exec-6] c.t.config.security.JwtFilter - Message :/favicon.ico
2025-05-31 17:51:58.970 INFO  [http-nio-8080-exec-6] c.t.config.security.JwtFilter - JwtFilter : doFilterInternal() : Execution End
