2025-06-03 15:12:58.789 INFO  [File Watcher] o.s.b.d.a.LocalDevToolsAutoConfiguration$RestartingClassPathChangeChangedEventListener - Restarting due to 1 class path change (0 additions, 0 deletions, 1 modification)
2025-06-03 15:12:58.791 INFO  [Thread-53] o.s.c.n.e.s.EurekaServiceRegistry - Unregistering application AGRI-JAVA with eureka with status DOWN
2025-06-03 15:12:58.791 INFO  [Thread-53] c.netflix.discovery.DiscoveryClient - Saw local status change event StatusChangeEvent [timestamp=1748943778791, current=DOWN, previous=UP]
2025-06-03 15:12:58.791 INFO  [DiscoveryClient-InstanceInfoReplicator-%d] c.netflix.discovery.DiscoveryClient - DiscoveryClient_AGRI-JAVA/192.168.116.7:AGRI-JAVA:8080: registering service...
2025-06-03 15:12:58.792 INFO  [Thread-53] o.s.b.w.e.tomcat.GracefulShutdown - Commencing graceful shutdown. Waiting for active requests to complete
2025-06-03 15:12:58.793 INFO  [tomcat-shutdown] o.a.coyote.http11.Http11NioProtocol - Pausing ProtocolHandler ["http-nio-8080"]
2025-06-03 15:12:58.797 INFO  [tomcat-shutdown] o.s.b.w.e.tomcat.GracefulShutdown - Graceful shutdown complete
2025-06-03 15:12:58.797 INFO  [Thread-53] o.a.coyote.http11.Http11NioProtocol - Stopping ProtocolHandler ["http-nio-8080"]
2025-06-03 15:12:58.805 INFO  [Thread-53] o.s.o.j.LocalContainerEntityManagerFactoryBean - Closing JPA EntityManagerFactory for persistence unit 'default'
2025-06-03 15:12:58.806 INFO  [Thread-53] com.zaxxer.hikari.HikariDataSource - HikariPool-10 - Shutdown initiated...
2025-06-03 15:12:58.808 INFO  [Thread-53] com.zaxxer.hikari.HikariDataSource - HikariPool-10 - Shutdown completed.
2025-06-03 15:12:58.809 INFO  [Thread-53] c.netflix.discovery.DiscoveryClient - Shutting down DiscoveryClient ...
2025-06-03 15:12:58.831 INFO  [DiscoveryClient-InstanceInfoReplicator-%d] c.netflix.discovery.DiscoveryClient - DiscoveryClient_AGRI-JAVA/192.168.116.7:AGRI-JAVA:8080 - registration status: 204
2025-06-03 15:12:58.832 INFO  [Thread-53] c.netflix.discovery.DiscoveryClient - Unregistering ...
2025-06-03 15:12:58.836 INFO  [Thread-53] c.netflix.discovery.DiscoveryClient - DiscoveryClient_AGRI-JAVA/192.168.116.7:AGRI-JAVA:8080 - deregister  status: 200
2025-06-03 15:12:58.837 INFO  [Thread-53] c.netflix.discovery.DiscoveryClient - Completed shut down of DiscoveryClient
2025-06-03 15:12:58.991 INFO  [restartedMain] com.farmflow.FarmFlowApplication - Starting FarmFlowApplication using Java 21.0.4 with PID 226285 (/media/pranjal/New Volume/CODES/PROJECT/AgriProject/TempAgriProject2/target/classes started by pranjal in /media/pranjal/New Volume/CODES/PROJECT/AgriProject/TempAgriProject2)
2025-06-03 15:12:58.991 INFO  [restartedMain] com.farmflow.FarmFlowApplication - No active profile set, falling back to 1 default profile: "default"
2025-06-03 15:12:59.870 INFO  [restartedMain] o.s.d.r.c.RepositoryConfigurationDelegate - Bootstrapping Spring Data JPA repositories in DEFAULT mode.
2025-06-03 15:12:59.910 INFO  [restartedMain] o.s.d.r.c.RepositoryConfigurationDelegate - Finished Spring Data repository scanning in 39 ms. Found 10 JPA repository interfaces.
2025-06-03 15:12:59.994 INFO  [restartedMain] o.s.cloud.context.scope.GenericScope - BeanFactory id=68b39a57-1bfb-3b47-b8f8-8e4841c833ed
