2025-07-04 00:02:06.733 INFO  [http-nio-8080-exec-6] c.farmflow.config.security.JwtFilter - JwtFilter : doFilterInternal() : Execution Start
2025-07-04 00:02:06.735 INFO  [http-nio-8080-exec-6] c.farmflow.config.security.JwtFilter - Message :/api/v1/admin/email-service/toggle
2025-07-04 00:02:06.735 WARN  [http-nio-8080-exec-6] com.farmflow.util.CommonUtil - No authenticated user found, returning null.
2025-07-04 00:02:06.735 WARN  [http-nio-8080-exec-6] com.farmflow.aspect.LoggingAspect - No authenticated user found, falling back to anonymous.
2025-07-04 00:02:06.735 INFO  [http-nio-8080-exec-6] com.farmflow.aspect.LoggingAspect - [2025-07-04 00:02:06] [req-12003254625277-6862] [anonymous] [JwtServiceImpl.extractUsername()] Entering method - Args: [eyJhbGciOiJIUzI1NiJ9.eyJyb2xlIjpbIlJPTEVfQURNSU4iXSwiaWQiOjI0LCJzdGF0dXMiOnRydWUsInN1YiI6ImVtYXNzc2VmaWwxMjNAZ21haWwuY29tIiwiaWF0IjoxNzUxNTY3MzI1LCJleHAiOjE3NTE2NTM3MjV9.z8NFB_8sFDy0v15jUHfoAQmfKwxhpPrAxiSp3U0cszA]
2025-07-04 00:02:06.736 INFO  [http-nio-8080-exec-6] com.farmflow.aspect.LoggingAspect - [2025-07-04 00:02:06] [req-12003254625277-6862] [anonymous] [JwtServiceImpl.extractUsername()] Exiting method - Duration: 1 ms, Result: emasssefil123@gmail.com
2025-07-04 00:02:06.736 INFO  [http-nio-8080-exec-6] c.farmflow.config.security.JwtFilter - Extracted username: emasssefil123@gmail.com
2025-07-04 00:02:06.742 WARN  [http-nio-8080-exec-6] com.farmflow.util.CommonUtil - No authenticated user found, returning null.
2025-07-04 00:02:06.742 WARN  [http-nio-8080-exec-6] com.farmflow.aspect.LoggingAspect - No authenticated user found, falling back to anonymous.
2025-07-04 00:02:06.743 INFO  [http-nio-8080-exec-6] com.farmflow.aspect.LoggingAspect - [2025-07-04 00:02:06] [req-12003254625277-6862] [anonymous] [JwtServiceImpl.validateToken()] Entering method - Args: [eyJhbGciOiJIUzI1NiJ9.eyJyb2xlIjpbIlJPTEVfQURNSU4iXSwiaWQiOjI0LCJzdGF0dXMiOnRydWUsInN1YiI6ImVtYXNzc2VmaWwxMjNAZ21haWwuY29tIiwiaWF0IjoxNzUxNTY3MzI1LCJleHAiOjE3NTE2NTM3MjV9.z8NFB_8sFDy0v15jUHfoAQmfKwxhpPrAxiSp3U0cszA, com.farmflow.config.security.CustomUserDetails@47c8f5d7]
2025-07-04 00:02:06.744 INFO  [http-nio-8080-exec-6] com.farmflow.aspect.LoggingAspect - [2025-07-04 00:02:06] [req-12003254625277-6862] [anonymous] [JwtServiceImpl.validateToken()] Exiting method - Duration: 1 ms, Result: true
2025-07-04 00:02:06.744 INFO  [http-nio-8080-exec-6] c.farmflow.config.security.JwtFilter - Authentication set for user: emasssefil123@gmail.com
2025-07-04 00:02:06.744 INFO  [http-nio-8080-exec-6] c.farmflow.config.security.JwtFilter - JwtFilter : doFilterInternal() : Execution End
2025-07-04 00:02:06.748 INFO  [http-nio-8080-exec-6] com.farmflow.aspect.LoggingAspect - [2025-07-04 00:02:06] [req-12003254625277-6862] [24] [AdminController.toggleEmailService()] Entering method - Args: []
2025-07-04 00:02:06.748 INFO  [http-nio-8080-exec-6] com.farmflow.aspect.LoggingAspect - [2025-07-04 00:02:06] [req-12003254625277-6862] [24] [EmailServiceImpl.toggleEmailService()] Entering method - Args: []
2025-07-04 00:02:06.748 INFO  [http-nio-8080-exec-6] c.f.s.email.impl.EmailServiceImpl - Email service toggled to: Enabled
2025-07-04 00:02:06.748 INFO  [http-nio-8080-exec-6] com.farmflow.aspect.LoggingAspect - [2025-07-04 00:02:06] [req-12003254625277-6862] [24] [EmailServiceImpl.toggleEmailService()] Exiting method - Duration: 0 ms, Result: void
2025-07-04 00:02:06.748 INFO  [http-nio-8080-exec-6] com.farmflow.aspect.LoggingAspect - [2025-07-04 00:02:06] [req-12003254625277-6862] [24] [AdminController.toggleEmailService()] Exiting method - Duration: 0 ms, Result: <200 OK OK,{timestamp=2025-07-04T00:02:06.748841114, status=success, message=Operation Success, data=Email service toggle done},[]>
2025-07-04 00:02:18.691 INFO  [http-nio-8080-exec-7] c.farmflow.config.security.JwtFilter - JwtFilter : doFilterInternal() : Execution Start
2025-07-04 00:02:18.691 INFO  [http-nio-8080-exec-7] c.farmflow.config.security.JwtFilter - Message :/api/v1/admin/email-service/status
2025-07-04 00:02:18.691 WARN  [http-nio-8080-exec-7] com.farmflow.util.CommonUtil - No authenticated user found, returning null.
2025-07-04 00:02:18.691 WARN  [http-nio-8080-exec-7] com.farmflow.aspect.LoggingAspect - No authenticated user found, falling back to anonymous.
2025-07-04 00:02:18.692 INFO  [http-nio-8080-exec-7] com.farmflow.aspect.LoggingAspect - [2025-07-04 00:02:18] [req-12015211041840-5322] [anonymous] [JwtServiceImpl.extractUsername()] Entering method - Args: [eyJhbGciOiJIUzI1NiJ9.eyJyb2xlIjpbIlJPTEVfQURNSU4iXSwiaWQiOjI0LCJzdGF0dXMiOnRydWUsInN1YiI6ImVtYXNzc2VmaWwxMjNAZ21haWwuY29tIiwiaWF0IjoxNzUxNTY3MzI1LCJleHAiOjE3NTE2NTM3MjV9.z8NFB_8sFDy0v15jUHfoAQmfKwxhpPrAxiSp3U0cszA]
2025-07-04 00:02:18.692 INFO  [http-nio-8080-exec-7] com.farmflow.aspect.LoggingAspect - [2025-07-04 00:02:18] [req-12015211041840-5322] [anonymous] [JwtServiceImpl.extractUsername()] Exiting method - Duration: 0 ms, Result: emasssefil123@gmail.com
2025-07-04 00:02:18.693 INFO  [http-nio-8080-exec-7] c.farmflow.config.security.JwtFilter - Extracted username: emasssefil123@gmail.com
2025-07-04 00:02:18.698 WARN  [http-nio-8080-exec-7] com.farmflow.util.CommonUtil - No authenticated user found, returning null.
2025-07-04 00:02:18.698 WARN  [http-nio-8080-exec-7] com.farmflow.aspect.LoggingAspect - No authenticated user found, falling back to anonymous.
2025-07-04 00:02:18.698 INFO  [http-nio-8080-exec-7] com.farmflow.aspect.LoggingAspect - [2025-07-04 00:02:18] [req-12015211041840-5322] [anonymous] [JwtServiceImpl.validateToken()] Entering method - Args: [eyJhbGciOiJIUzI1NiJ9.eyJyb2xlIjpbIlJPTEVfQURNSU4iXSwiaWQiOjI0LCJzdGF0dXMiOnRydWUsInN1YiI6ImVtYXNzc2VmaWwxMjNAZ21haWwuY29tIiwiaWF0IjoxNzUxNTY3MzI1LCJleHAiOjE3NTE2NTM3MjV9.z8NFB_8sFDy0v15jUHfoAQmfKwxhpPrAxiSp3U0cszA, com.farmflow.config.security.CustomUserDetails@1e692b4]
2025-07-04 00:02:18.700 INFO  [http-nio-8080-exec-7] com.farmflow.aspect.LoggingAspect - [2025-07-04 00:02:18] [req-12015211041840-5322] [anonymous] [JwtServiceImpl.validateToken()] Exiting method - Duration: 1 ms, Result: true
2025-07-04 00:02:18.700 INFO  [http-nio-8080-exec-7] c.farmflow.config.security.JwtFilter - Authentication set for user: emasssefil123@gmail.com
2025-07-04 00:02:18.700 INFO  [http-nio-8080-exec-7] c.farmflow.config.security.JwtFilter - JwtFilter : doFilterInternal() : Execution End
2025-07-04 00:02:18.703 INFO  [http-nio-8080-exec-7] com.farmflow.aspect.LoggingAspect - [2025-07-04 00:02:18] [req-12015211041840-5322] [24] [AdminController.getEmailServiceStatus()] Entering method - Args: []
2025-07-04 00:02:18.703 INFO  [http-nio-8080-exec-7] com.farmflow.aspect.LoggingAspect - [2025-07-04 00:02:18] [req-12015211041840-5322] [24] [EmailServiceImpl.isEmailServiceEnabled()] Entering method - Args: []
2025-07-04 00:02:18.703 INFO  [http-nio-8080-exec-7] com.farmflow.aspect.LoggingAspect - [2025-07-04 00:02:18] [req-12015211041840-5322] [24] [EmailServiceImpl.isEmailServiceEnabled()] Exiting method - Duration: 0 ms, Result: false
2025-07-04 00:02:18.703 INFO  [http-nio-8080-exec-7] com.farmflow.aspect.LoggingAspect - [2025-07-04 00:02:18] [req-12015211041840-5322] [24] [AdminController.getEmailServiceStatus()] Exiting method - Duration: 0 ms, Result: <200 OK OK,{timestamp=2025-07-04T00:02:18.703510460, status=success, message=Operation Success, data=false},[]>
2025-07-04 00:02:22.266 INFO  [http-nio-8080-exec-8] c.farmflow.config.security.JwtFilter - JwtFilter : doFilterInternal() : Execution Start
2025-07-04 00:02:22.267 INFO  [http-nio-8080-exec-8] c.farmflow.config.security.JwtFilter - Message :/api/v1/admin/email-service/status
2025-07-04 00:02:22.267 WARN  [http-nio-8080-exec-8] com.farmflow.util.CommonUtil - No authenticated user found, returning null.
2025-07-04 00:02:22.267 WARN  [http-nio-8080-exec-8] com.farmflow.aspect.LoggingAspect - No authenticated user found, falling back to anonymous.
2025-07-04 00:02:22.267 INFO  [http-nio-8080-exec-8] com.farmflow.aspect.LoggingAspect - [2025-07-04 00:02:22] [req-12018786795882-5909] [anonymous] [JwtServiceImpl.extractUsername()] Entering method - Args: [eyJhbGciOiJIUzI1NiJ9.eyJyb2xlIjpbIlJPTEVfQURNSU4iXSwiaWQiOjI0LCJzdGF0dXMiOnRydWUsInN1YiI6ImVtYXNzc2VmaWwxMjNAZ21haWwuY29tIiwiaWF0IjoxNzUxNTY3MzI1LCJleHAiOjE3NTE2NTM3MjV9.z8NFB_8sFDy0v15jUHfoAQmfKwxhpPrAxiSp3U0cszA]
2025-07-04 00:02:22.268 INFO  [http-nio-8080-exec-8] com.farmflow.aspect.LoggingAspect - [2025-07-04 00:02:22] [req-12018786795882-5909] [anonymous] [JwtServiceImpl.extractUsername()] Exiting method - Duration: 0 ms, Result: emasssefil123@gmail.com
2025-07-04 00:02:22.269 INFO  [http-nio-8080-exec-8] c.farmflow.config.security.JwtFilter - Extracted username: emasssefil123@gmail.com
2025-07-04 00:02:22.275 WARN  [http-nio-8080-exec-8] com.farmflow.util.CommonUtil - No authenticated user found, returning null.
2025-07-04 00:02:22.275 WARN  [http-nio-8080-exec-8] com.farmflow.aspect.LoggingAspect - No authenticated user found, falling back to anonymous.
2025-07-04 00:02:22.275 INFO  [http-nio-8080-exec-8] com.farmflow.aspect.LoggingAspect - [2025-07-04 00:02:22] [req-12018786795882-5909] [anonymous] [JwtServiceImpl.validateToken()] Entering method - Args: [eyJhbGciOiJIUzI1NiJ9.eyJyb2xlIjpbIlJPTEVfQURNSU4iXSwiaWQiOjI0LCJzdGF0dXMiOnRydWUsInN1YiI6ImVtYXNzc2VmaWwxMjNAZ21haWwuY29tIiwiaWF0IjoxNzUxNTY3MzI1LCJleHAiOjE3NTE2NTM3MjV9.z8NFB_8sFDy0v15jUHfoAQmfKwxhpPrAxiSp3U0cszA, com.farmflow.config.security.CustomUserDetails@266bec15]
2025-07-04 00:02:22.276 INFO  [http-nio-8080-exec-8] com.farmflow.aspect.LoggingAspect - [2025-07-04 00:02:22] [req-12018786795882-5909] [anonymous] [JwtServiceImpl.validateToken()] Exiting method - Duration: 1 ms, Result: true
2025-07-04 00:02:22.276 INFO  [http-nio-8080-exec-8] c.farmflow.config.security.JwtFilter - Authentication set for user: emasssefil123@gmail.com
2025-07-04 00:02:22.276 INFO  [http-nio-8080-exec-8] c.farmflow.config.security.JwtFilter - JwtFilter : doFilterInternal() : Execution End
2025-07-04 00:02:22.277 INFO  [http-nio-8080-exec-8] com.farmflow.aspect.LoggingAspect - [2025-07-04 00:02:22] [req-12018786795882-5909] [24] [AdminController.getEmailServiceStatus()] Entering method - Args: []
2025-07-04 00:02:22.277 INFO  [http-nio-8080-exec-8] com.farmflow.aspect.LoggingAspect - [2025-07-04 00:02:22] [req-12018786795882-5909] [24] [EmailServiceImpl.isEmailServiceEnabled()] Entering method - Args: []
2025-07-04 00:02:22.277 INFO  [http-nio-8080-exec-8] com.farmflow.aspect.LoggingAspect - [2025-07-04 00:02:22] [req-12018786795882-5909] [24] [EmailServiceImpl.isEmailServiceEnabled()] Exiting method - Duration: 0 ms, Result: false
2025-07-04 00:02:22.277 INFO  [http-nio-8080-exec-8] com.farmflow.aspect.LoggingAspect - [2025-07-04 00:02:22] [req-12018786795882-5909] [24] [AdminController.getEmailServiceStatus()] Exiting method - Duration: 0 ms, Result: <200 OK OK,{timestamp=2025-07-04T00:02:22.277736231, status=success, message=Operation Success, data=false},[]>
2025-07-04 00:02:25.957 INFO  [http-nio-8080-exec-9] c.farmflow.config.security.JwtFilter - JwtFilter : doFilterInternal() : Execution Start
2025-07-04 00:02:25.958 INFO  [http-nio-8080-exec-9] c.farmflow.config.security.JwtFilter - Message :/api/v1/admin/email-service/toggle
2025-07-04 00:02:25.958 WARN  [http-nio-8080-exec-9] com.farmflow.util.CommonUtil - No authenticated user found, returning null.
2025-07-04 00:02:25.958 WARN  [http-nio-8080-exec-9] com.farmflow.aspect.LoggingAspect - No authenticated user found, falling back to anonymous.
2025-07-04 00:02:25.958 INFO  [http-nio-8080-exec-9] com.farmflow.aspect.LoggingAspect - [2025-07-04 00:02:25] [req-12022477831652-6599] [anonymous] [JwtServiceImpl.extractUsername()] Entering method - Args: [eyJhbGciOiJIUzI1NiJ9.eyJyb2xlIjpbIlJPTEVfQURNSU4iXSwiaWQiOjI0LCJzdGF0dXMiOnRydWUsInN1YiI6ImVtYXNzc2VmaWwxMjNAZ21haWwuY29tIiwiaWF0IjoxNzUxNTY3MzI1LCJleHAiOjE3NTE2NTM3MjV9.z8NFB_8sFDy0v15jUHfoAQmfKwxhpPrAxiSp3U0cszA]
2025-07-04 00:02:25.959 INFO  [http-nio-8080-exec-9] com.farmflow.aspect.LoggingAspect - [2025-07-04 00:02:25] [req-12022477831652-6599] [anonymous] [JwtServiceImpl.extractUsername()] Exiting method - Duration: 1 ms, Result: emasssefil123@gmail.com
2025-07-04 00:02:25.959 INFO  [http-nio-8080-exec-9] c.farmflow.config.security.JwtFilter - Extracted username: emasssefil123@gmail.com
2025-07-04 00:02:25.965 WARN  [http-nio-8080-exec-9] com.farmflow.util.CommonUtil - No authenticated user found, returning null.
2025-07-04 00:02:25.966 WARN  [http-nio-8080-exec-9] com.farmflow.aspect.LoggingAspect - No authenticated user found, falling back to anonymous.
2025-07-04 00:02:25.966 INFO  [http-nio-8080-exec-9] com.farmflow.aspect.LoggingAspect - [2025-07-04 00:02:25] [req-12022477831652-6599] [anonymous] [JwtServiceImpl.validateToken()] Entering method - Args: [eyJhbGciOiJIUzI1NiJ9.eyJyb2xlIjpbIlJPTEVfQURNSU4iXSwiaWQiOjI0LCJzdGF0dXMiOnRydWUsInN1YiI6ImVtYXNzc2VmaWwxMjNAZ21haWwuY29tIiwiaWF0IjoxNzUxNTY3MzI1LCJleHAiOjE3NTE2NTM3MjV9.z8NFB_8sFDy0v15jUHfoAQmfKwxhpPrAxiSp3U0cszA, com.farmflow.config.security.CustomUserDetails@169d450a]
2025-07-04 00:02:25.967 INFO  [http-nio-8080-exec-9] com.farmflow.aspect.LoggingAspect - [2025-07-04 00:02:25] [req-12022477831652-6599] [anonymous] [JwtServiceImpl.validateToken()] Exiting method - Duration: 1 ms, Result: true
2025-07-04 00:02:25.968 INFO  [http-nio-8080-exec-9] c.farmflow.config.security.JwtFilter - Authentication set for user: emasssefil123@gmail.com
2025-07-04 00:02:25.968 INFO  [http-nio-8080-exec-9] c.farmflow.config.security.JwtFilter - JwtFilter : doFilterInternal() : Execution End
2025-07-04 00:02:25.970 INFO  [http-nio-8080-exec-9] com.farmflow.aspect.LoggingAspect - [2025-07-04 00:02:25] [req-12022477831652-6599] [24] [AdminController.toggleEmailService()] Entering method - Args: []
2025-07-04 00:02:25.970 INFO  [http-nio-8080-exec-9] com.farmflow.aspect.LoggingAspect - [2025-07-04 00:02:25] [req-12022477831652-6599] [24] [EmailServiceImpl.toggleEmailService()] Entering method - Args: []
2025-07-04 00:02:25.970 INFO  [http-nio-8080-exec-9] c.f.s.email.impl.EmailServiceImpl - Email service toggled to: Disabled
2025-07-04 00:02:25.970 INFO  [http-nio-8080-exec-9] com.farmflow.aspect.LoggingAspect - [2025-07-04 00:02:25] [req-12022477831652-6599] [24] [EmailServiceImpl.toggleEmailService()] Exiting method - Duration: 0 ms, Result: void
2025-07-04 00:02:25.970 INFO  [http-nio-8080-exec-9] com.farmflow.aspect.LoggingAspect - [2025-07-04 00:02:25] [req-12022477831652-6599] [24] [AdminController.toggleEmailService()] Exiting method - Duration: 0 ms, Result: <200 OK OK,{timestamp=2025-07-04T00:02:25.970747533, status=success, message=Operation Success, data=Email service toggle done},[]>
2025-07-04 00:02:28.627 INFO  [http-nio-8080-exec-10] c.farmflow.config.security.JwtFilter - JwtFilter : doFilterInternal() : Execution Start
2025-07-04 00:02:28.628 INFO  [http-nio-8080-exec-10] c.farmflow.config.security.JwtFilter - Message :/api/v1/admin/email-service/status
2025-07-04 00:02:28.628 WARN  [http-nio-8080-exec-10] com.farmflow.util.CommonUtil - No authenticated user found, returning null.
2025-07-04 00:02:28.628 WARN  [http-nio-8080-exec-10] com.farmflow.aspect.LoggingAspect - No authenticated user found, falling back to anonymous.
2025-07-04 00:02:28.628 INFO  [http-nio-8080-exec-10] com.farmflow.aspect.LoggingAspect - [2025-07-04 00:02:28] [req-12025147731708-4987] [anonymous] [JwtServiceImpl.extractUsername()] Entering method - Args: [eyJhbGciOiJIUzI1NiJ9.eyJyb2xlIjpbIlJPTEVfQURNSU4iXSwiaWQiOjI0LCJzdGF0dXMiOnRydWUsInN1YiI6ImVtYXNzc2VmaWwxMjNAZ21haWwuY29tIiwiaWF0IjoxNzUxNTY3MzI1LCJleHAiOjE3NTE2NTM3MjV9.z8NFB_8sFDy0v15jUHfoAQmfKwxhpPrAxiSp3U0cszA]
2025-07-04 00:02:28.629 INFO  [http-nio-8080-exec-10] com.farmflow.aspect.LoggingAspect - [2025-07-04 00:02:28] [req-12025147731708-4987] [anonymous] [JwtServiceImpl.extractUsername()] Exiting method - Duration: 1 ms, Result: emasssefil123@gmail.com
2025-07-04 00:02:28.629 INFO  [http-nio-8080-exec-10] c.farmflow.config.security.JwtFilter - Extracted username: emasssefil123@gmail.com
2025-07-04 00:02:28.635 WARN  [http-nio-8080-exec-10] com.farmflow.util.CommonUtil - No authenticated user found, returning null.
2025-07-04 00:02:28.635 WARN  [http-nio-8080-exec-10] com.farmflow.aspect.LoggingAspect - No authenticated user found, falling back to anonymous.
2025-07-04 00:02:28.635 INFO  [http-nio-8080-exec-10] com.farmflow.aspect.LoggingAspect - [2025-07-04 00:02:28] [req-12025147731708-4987] [anonymous] [JwtServiceImpl.validateToken()] Entering method - Args: [eyJhbGciOiJIUzI1NiJ9.eyJyb2xlIjpbIlJPTEVfQURNSU4iXSwiaWQiOjI0LCJzdGF0dXMiOnRydWUsInN1YiI6ImVtYXNzc2VmaWwxMjNAZ21haWwuY29tIiwiaWF0IjoxNzUxNTY3MzI1LCJleHAiOjE3NTE2NTM3MjV9.z8NFB_8sFDy0v15jUHfoAQmfKwxhpPrAxiSp3U0cszA, com.farmflow.config.security.CustomUserDetails@40f483dd]
2025-07-04 00:02:28.636 INFO  [http-nio-8080-exec-10] com.farmflow.aspect.LoggingAspect - [2025-07-04 00:02:28] [req-12025147731708-4987] [anonymous] [JwtServiceImpl.validateToken()] Exiting method - Duration: 1 ms, Result: true
2025-07-04 00:02:28.636 INFO  [http-nio-8080-exec-10] c.farmflow.config.security.JwtFilter - Authentication set for user: emasssefil123@gmail.com
2025-07-04 00:02:28.636 INFO  [http-nio-8080-exec-10] c.farmflow.config.security.JwtFilter - JwtFilter : doFilterInternal() : Execution End
2025-07-04 00:02:28.637 INFO  [http-nio-8080-exec-10] com.farmflow.aspect.LoggingAspect - [2025-07-04 00:02:28] [req-12025147731708-4987] [24] [AdminController.getEmailServiceStatus()] Entering method - Args: []
2025-07-04 00:02:28.637 INFO  [http-nio-8080-exec-10] com.farmflow.aspect.LoggingAspect - [2025-07-04 00:02:28] [req-12025147731708-4987] [24] [EmailServiceImpl.isEmailServiceEnabled()] Entering method - Args: []
2025-07-04 00:02:28.637 INFO  [http-nio-8080-exec-10] com.farmflow.aspect.LoggingAspect - [2025-07-04 00:02:28] [req-12025147731708-4987] [24] [EmailServiceImpl.isEmailServiceEnabled()] Exiting method - Duration: 0 ms, Result: true
2025-07-04 00:02:28.638 INFO  [http-nio-8080-exec-10] com.farmflow.aspect.LoggingAspect - [2025-07-04 00:02:28] [req-12025147731708-4987] [24] [AdminController.getEmailServiceStatus()] Exiting method - Duration: 1 ms, Result: <200 OK OK,{timestamp=2025-07-04T00:02:28.638060607, status=success, message=Operation Success, data=true},[]>
