2025-05-31 17:43:05.409 INFO  [File Watcher] o.s.b.d.a.LocalDevToolsAutoConfiguration$RestartingClassPathChangeChangedEventListener - Restarting due to 148 class path changes (0 additions, 146 deletions, 2 modifications)
2025-05-31 17:43:05.412 INFO  [Thread-7] o.s.b.w.e.tomcat.GracefulShutdown - Commencing graceful shutdown. Waiting for active requests to complete
2025-05-31 17:43:05.413 INFO  [tomcat-shutdown] o.a.coyote.http11.Http11NioProtocol - Pausing ProtocolHandler ["http-nio-8080"]
2025-05-31 17:43:05.415 INFO  [tomcat-shutdown] o.s.b.w.e.tomcat.GracefulShutdown - Graceful shutdown complete
2025-05-31 17:43:05.415 INFO  [Thread-7] o.a.coyote.http11.Http11NioProtocol - Stopping ProtocolHandler ["http-nio-8080"]
2025-05-31 17:43:05.526 INFO  [Thread-7] o.s.o.j.LocalContainerEntityManagerFactoryBean - Closing JPA EntityManagerFactory for persistence unit 'default'
2025-05-31 17:43:05.529 INFO  [Thread-7] com.zaxxer.hikari.HikariDataSource - HikariPool-2 - Shutdown initiated...
2025-05-31 17:43:05.542 INFO  [Thread-7] com.zaxxer.hikari.HikariDataSource - HikariPool-2 - Shutdown completed.
2025-05-31 17:43:05.806 INFO  [restartedMain] c.t.TempAgriProject2Application - Starting TempAgriProject2Application using Java 21.0.4 with PID 262966 (/media/pranjal/New Volume/CODES/PROJECT/AgriProject/TempAgriProject2/target/classes started by pranjal in /media/pranjal/New Volume/CODES/PROJECT/AgriProject/TempAgriProject2)
2025-05-31 17:43:05.807 INFO  [restartedMain] c.t.TempAgriProject2Application - No active profile set, falling back to 1 default profile: "default"
2025-05-31 17:43:06.563 INFO  [restartedMain] o.s.d.r.c.RepositoryConfigurationDelegate - Bootstrapping Spring Data JPA repositories in DEFAULT mode.
2025-05-31 17:43:06.566 INFO  [restartedMain] o.s.d.r.c.RepositoryConfigurationDelegate - Finished Spring Data repository scanning in 0 ms. Found 0 JPA repository interfaces.
2025-05-31 17:43:06.826 INFO  [restartedMain] o.s.b.w.e.tomcat.TomcatWebServer - Tomcat initialized with port 8080 (http)
2025-05-31 17:43:06.827 INFO  [restartedMain] o.a.coyote.http11.Http11NioProtocol - Initializing ProtocolHandler ["http-nio-8080"]
2025-05-31 17:43:06.828 INFO  [restartedMain] o.a.catalina.core.StandardService - Starting service [Tomcat]
2025-05-31 17:43:06.828 INFO  [restartedMain] o.a.catalina.core.StandardEngine - Starting Servlet engine: [Apache Tomcat/10.1.40]
2025-05-31 17:43:06.849 INFO  [restartedMain] o.a.c.c.C.[Tomcat].[localhost].[/] - Initializing Spring embedded WebApplicationContext
2025-05-31 17:43:06.849 INFO  [restartedMain] o.s.b.w.s.c.ServletWebServerApplicationContext - Root WebApplicationContext: initialization completed in 1037 ms
2025-05-31 17:43:07.151 INFO  [restartedMain] o.h.jpa.internal.util.LogHelper - HHH000204: Processing PersistenceUnitInfo [name: default]
2025-05-31 17:43:07.156 INFO  [restartedMain] o.h.c.i.RegionFactoryInitiator - HHH000026: Second-level cache disabled
2025-05-31 17:43:07.180 INFO  [restartedMain] o.s.o.j.p.SpringPersistenceUnitInfo - No LoadTimeWeaver setup: ignoring JPA class transformer
2025-05-31 17:43:07.182 INFO  [restartedMain] com.zaxxer.hikari.HikariDataSource - HikariPool-3 - Starting...
2025-05-31 17:43:07.217 INFO  [restartedMain] com.zaxxer.hikari.pool.HikariPool - HikariPool-3 - Added connection com.mysql.cj.jdbc.ConnectionImpl@29e0aac8
2025-05-31 17:43:07.217 INFO  [restartedMain] com.zaxxer.hikari.HikariDataSource - HikariPool-3 - Start completed.
2025-05-31 17:43:07.219 INFO  [restartedMain] o.hibernate.orm.connections.pooling - HHH10001005: Database info:
	Database JDBC URL [Connecting through datasource 'HikariDataSource (HikariPool-3)']
	Database driver: undefined/unknown
	Database version: 8.0.41
	Autocommit mode: undefined/unknown
	Isolation level: undefined/unknown
	Minimum pool size: undefined/unknown
	Maximum pool size: undefined/unknown
2025-05-31 17:43:07.263 INFO  [restartedMain] o.h.e.t.j.p.i.JtaPlatformInitiator - HHH000489: No JTA platform available (set 'hibernate.transaction.jta.platform' to enable JTA platform integration)
2025-05-31 17:43:07.263 INFO  [restartedMain] o.s.o.j.LocalContainerEntityManagerFactoryBean - Initialized JPA EntityManagerFactory for persistence unit 'default'
2025-05-31 17:43:07.306 WARN  [restartedMain] o.s.b.w.s.c.AnnotationConfigServletWebServerApplicationContext - Exception encountered during context initialization - cancelling refresh attempt: org.springframework.beans.factory.BeanCreationException: Error creating bean with name 'jpaAuditingHandler': Cannot create inner bean '(inner bean)#3259d519' of type [org.springframework.aop.framework.ProxyFactoryBean] while setting bean property 'auditorAware'
2025-05-31 17:43:07.307 INFO  [restartedMain] o.s.o.j.LocalContainerEntityManagerFactoryBean - Closing JPA EntityManagerFactory for persistence unit 'default'
2025-05-31 17:43:07.307 INFO  [restartedMain] com.zaxxer.hikari.HikariDataSource - HikariPool-3 - Shutdown initiated...
2025-05-31 17:43:07.309 INFO  [restartedMain] com.zaxxer.hikari.HikariDataSource - HikariPool-3 - Shutdown completed.
2025-05-31 17:43:07.310 INFO  [restartedMain] o.a.catalina.core.StandardService - Stopping service [Tomcat]
2025-05-31 17:43:07.328 INFO  [restartedMain] o.s.b.a.l.ConditionEvaluationReportLogger - 

Error starting ApplicationContext. To display the condition evaluation report re-run your application with 'debug' enabled.
2025-05-31 17:43:07.416 ERROR [restartedMain] o.s.b.d.LoggingFailureAnalysisReporter - 

***************************
APPLICATION FAILED TO START
***************************

Description:

A component required a bean named 'auditorAware' that could not be found.


Action:

Consider defining a bean named 'auditorAware' in your configuration.

2025-05-31 17:43:15.615 INFO  [restartedMain] c.t.TempAgriProject2Application - Starting TempAgriProject2Application using Java 21.0.4 with PID 262966 (/media/pranjal/New Volume/CODES/PROJECT/AgriProject/TempAgriProject2/target/classes started by pranjal in /media/pranjal/New Volume/CODES/PROJECT/AgriProject/TempAgriProject2)
2025-05-31 17:43:15.616 INFO  [restartedMain] c.t.TempAgriProject2Application - No active profile set, falling back to 1 default profile: "default"
2025-05-31 17:43:17.041 INFO  [restartedMain] o.s.d.r.c.RepositoryConfigurationDelegate - Bootstrapping Spring Data JPA repositories in DEFAULT mode.
2025-05-31 17:43:17.166 INFO  [restartedMain] o.s.d.r.c.RepositoryConfigurationDelegate - Finished Spring Data repository scanning in 120 ms. Found 10 JPA repository interfaces.
2025-05-31 17:43:17.874 INFO  [restartedMain] o.s.b.w.e.tomcat.TomcatWebServer - Tomcat initialized with port 8080 (http)
2025-05-31 17:43:17.883 INFO  [restartedMain] o.a.coyote.http11.Http11NioProtocol - Initializing ProtocolHandler ["http-nio-8080"]
2025-05-31 17:43:17.884 INFO  [restartedMain] o.a.catalina.core.StandardService - Starting service [Tomcat]
2025-05-31 17:43:17.885 INFO  [restartedMain] o.a.catalina.core.StandardEngine - Starting Servlet engine: [Apache Tomcat/10.1.40]
2025-05-31 17:43:17.909 INFO  [restartedMain] o.a.c.c.C.[Tomcat-1].[localhost].[/] - Initializing Spring embedded WebApplicationContext
2025-05-31 17:43:17.910 INFO  [restartedMain] o.s.b.w.s.c.ServletWebServerApplicationContext - Root WebApplicationContext: initialization completed in 2291 ms
2025-05-31 17:43:18.201 INFO  [restartedMain] c.t.service.impl.JwtServiceImpl - JwtServiceImpl instantiated
2025-05-31 17:43:18.663 INFO  [restartedMain] o.h.jpa.internal.util.LogHelper - HHH000204: Processing PersistenceUnitInfo [name: default]
2025-05-31 17:43:18.668 INFO  [restartedMain] o.h.c.i.RegionFactoryInitiator - HHH000026: Second-level cache disabled
2025-05-31 17:43:18.690 INFO  [restartedMain] o.s.o.j.p.SpringPersistenceUnitInfo - No LoadTimeWeaver setup: ignoring JPA class transformer
2025-05-31 17:43:18.692 INFO  [restartedMain] com.zaxxer.hikari.HikariDataSource - HikariPool-4 - Starting...
2025-05-31 17:43:18.734 INFO  [restartedMain] com.zaxxer.hikari.pool.HikariPool - HikariPool-4 - Added connection com.mysql.cj.jdbc.ConnectionImpl@1c74ea25
2025-05-31 17:43:18.734 INFO  [restartedMain] com.zaxxer.hikari.HikariDataSource - HikariPool-4 - Start completed.
2025-05-31 17:43:18.739 INFO  [restartedMain] o.hibernate.orm.connections.pooling - HHH10001005: Database info:
	Database JDBC URL [Connecting through datasource 'HikariDataSource (HikariPool-4)']
	Database driver: undefined/unknown
	Database version: 8.0.41
	Autocommit mode: undefined/unknown
	Isolation level: undefined/unknown
	Minimum pool size: undefined/unknown
	Maximum pool size: undefined/unknown
2025-05-31 17:43:19.541 INFO  [restartedMain] o.h.e.t.j.p.i.JtaPlatformInitiator - HHH000489: No JTA platform available (set 'hibernate.transaction.jta.platform' to enable JTA platform integration)
2025-05-31 17:43:19.837 INFO  [restartedMain] o.s.o.j.LocalContainerEntityManagerFactoryBean - Initialized JPA EntityManagerFactory for persistence unit 'default'
2025-05-31 17:43:20.665 INFO  [restartedMain] o.s.s.c.a.a.c.InitializeAuthenticationProviderBeanManagerConfigurer$InitializeAuthenticationProviderManagerConfigurer - Global AuthenticationManager configured with AuthenticationProvider bean with name authenticationProvider
2025-05-31 17:43:20.665 WARN  [restartedMain] o.s.s.c.a.a.c.InitializeUserDetailsBeanManagerConfigurer$InitializeUserDetailsManagerConfigurer - Global AuthenticationManager configured with an AuthenticationProvider bean. UserDetailsService beans will not be used by Spring Security for automatically configuring username/password login. Consider removing the AuthenticationProvider bean. Alternatively, consider using the UserDetailsService in a manually instantiated DaoAuthenticationProvider. If the current configuration is intentional, to turn off this warning, increase the logging level of 'org.springframework.security.config.annotation.authentication.configuration.InitializeUserDetailsBeanManagerConfigurer' to ERROR
2025-05-31 17:43:21.378 WARN  [restartedMain] o.s.b.a.o.j.JpaBaseConfiguration$JpaWebConfiguration - spring.jpa.open-in-view is enabled by default. Therefore, database queries may be performed during view rendering. Explicitly configure spring.jpa.open-in-view to disable this warning
2025-05-31 17:43:22.014 INFO  [restartedMain] o.s.b.a.e.web.EndpointLinksResolver - Exposing 15 endpoints beneath base path '/actuator'
2025-05-31 17:43:22.069 INFO  [restartedMain] c.t.config.security.SecurityConfig - SecurityConfig : securityFilterChain() : Execution Start
2025-05-31 17:43:22.095 INFO  [restartedMain] c.t.config.security.SecurityConfig - SecurityConfig : securityFilterChain() : Execution Complete
2025-05-31 17:43:22.851 INFO  [restartedMain] o.s.b.d.a.OptionalLiveReloadServer - LiveReload server is running on port 35729
2025-05-31 17:43:22.894 INFO  [restartedMain] o.a.coyote.http11.Http11NioProtocol - Starting ProtocolHandler ["http-nio-8080"]
2025-05-31 17:43:22.897 INFO  [restartedMain] o.s.b.w.e.tomcat.TomcatWebServer - Tomcat started on port 8080 (http) with context path '/'
2025-05-31 17:43:22.908 INFO  [restartedMain] c.t.TempAgriProject2Application - Started TempAgriProject2Application in 7.358 seconds (process running for 639.153)
2025-05-31 17:43:22.911 INFO  [restartedMain] o.s.b.d.a.ConditionEvaluationDeltaLoggingListener - Condition evaluation unchanged
