2025-05-31 17:47:19.039 INFO  [http-nio-8080-exec-3] c.t.config.security.JwtFilter - JwtFilter : doFilterInternal() : Execution Start
2025-05-31 17:47:19.040 INFO  [http-nio-8080-exec-3] c.t.config.security.JwtFilter - Message :/farmer_app_shopping-doc/
2025-05-31 17:47:19.041 INFO  [http-nio-8080-exec-3] c.t.config.security.JwtFilter - JwtFilter : doFilterInternal() : Execution End
2025-05-31 17:47:19.049 ERROR [http-nio-8080-exec-3] c.t.exception.GlobalExceptionHandler - Exception : No static resource farmer_app_shopping-doc.
2025-05-31 17:47:19.060 WARN  [http-nio-8080-exec-3] o.s.w.s.m.m.a.ExceptionHandlerExceptionResolver - Resolved [org.springframework.web.servlet.resource.NoResourceFoundException: No static resource farmer_app_shopping-doc.]
2025-05-31 17:47:19.222 INFO  [http-nio-8080-exec-4] c.t.config.security.JwtFilter - JwtFilter : doFilterInternal() : Execution Start
2025-05-31 17:47:19.222 INFO  [http-nio-8080-exec-4] c.t.config.security.JwtFilter - Message :/favicon.ico
2025-05-31 17:47:19.223 INFO  [http-nio-8080-exec-4] c.t.config.security.JwtFilter - JwtFilter : doFilterInternal() : Execution End
2025-05-31 17:47:23.465 INFO  [http-nio-8080-exec-5] c.t.config.security.JwtFilter - JwtFilter : doFilterInternal() : Execution Start
2025-05-31 17:47:23.465 INFO  [http-nio-8080-exec-5] c.t.config.security.JwtFilter - Message :/farmer_app_shopping-doc/ind
2025-05-31 17:47:23.466 INFO  [http-nio-8080-exec-5] c.t.config.security.JwtFilter - JwtFilter : doFilterInternal() : Execution End
2025-05-31 17:47:23.472 ERROR [http-nio-8080-exec-5] c.t.exception.GlobalExceptionHandler - Exception : No static resource farmer_app_shopping-doc/ind.
2025-05-31 17:47:23.474 WARN  [http-nio-8080-exec-5] o.s.w.s.m.m.a.ExceptionHandlerExceptionResolver - Resolved [org.springframework.web.servlet.resource.NoResourceFoundException: No static resource farmer_app_shopping-doc/ind.]
2025-05-31 17:47:23.576 INFO  [http-nio-8080-exec-6] c.t.config.security.JwtFilter - JwtFilter : doFilterInternal() : Execution Start
2025-05-31 17:47:23.576 INFO  [http-nio-8080-exec-6] c.t.config.security.JwtFilter - Message :/favicon.ico
2025-05-31 17:47:23.576 INFO  [http-nio-8080-exec-6] c.t.config.security.JwtFilter - JwtFilter : doFilterInternal() : Execution End
2025-05-31 17:47:27.886 INFO  [http-nio-8080-exec-7] c.t.config.security.JwtFilter - JwtFilter : doFilterInternal() : Execution Start
2025-05-31 17:47:27.886 INFO  [http-nio-8080-exec-7] c.t.config.security.JwtFilter - Message :/farmer_app_shopping-docs
2025-05-31 17:47:27.886 INFO  [http-nio-8080-exec-7] c.t.config.security.JwtFilter - Skipping JWT Filter for: /farmer_app_shopping-docs
2025-05-31 17:47:29.491 INFO  [http-nio-8080-exec-7] o.s.api.AbstractOpenApiResource - Init duration for springdoc-openapi is: 1517 ms
2025-05-31 17:47:29.676 INFO  [http-nio-8080-exec-8] c.t.config.security.JwtFilter - JwtFilter : doFilterInternal() : Execution Start
2025-05-31 17:47:29.676 INFO  [http-nio-8080-exec-8] c.t.config.security.JwtFilter - Message :/favicon.ico
2025-05-31 17:47:29.676 INFO  [http-nio-8080-exec-8] c.t.config.security.JwtFilter - JwtFilter : doFilterInternal() : Execution End
2025-05-31 17:47:32.433 INFO  [http-nio-8080-exec-9] c.t.config.security.JwtFilter - JwtFilter : doFilterInternal() : Execution Start
2025-05-31 17:47:32.433 INFO  [http-nio-8080-exec-9] c.t.config.security.JwtFilter - Message :/farmer_app_shopping-docs/
2025-05-31 17:47:32.433 INFO  [http-nio-8080-exec-9] c.t.config.security.JwtFilter - Skipping JWT Filter for: /farmer_app_shopping-docs/
2025-05-31 17:47:32.606 INFO  [http-nio-8080-exec-10] c.t.config.security.JwtFilter - JwtFilter : doFilterInternal() : Execution Start
2025-05-31 17:47:32.606 INFO  [http-nio-8080-exec-10] c.t.config.security.JwtFilter - Message :/favicon.ico
2025-05-31 17:47:32.606 INFO  [http-nio-8080-exec-10] c.t.config.security.JwtFilter - JwtFilter : doFilterInternal() : Execution End
2025-05-31 17:47:34.390 INFO  [http-nio-8080-exec-1] c.t.config.security.JwtFilter - JwtFilter : doFilterInternal() : Execution Start
2025-05-31 17:47:34.390 INFO  [http-nio-8080-exec-1] c.t.config.security.JwtFilter - Message :/farmer_app_shopping-docs
2025-05-31 17:47:34.390 INFO  [http-nio-8080-exec-1] c.t.config.security.JwtFilter - Skipping JWT Filter for: /farmer_app_shopping-docs
2025-05-31 17:47:34.527 INFO  [http-nio-8080-exec-2] c.t.config.security.JwtFilter - JwtFilter : doFilterInternal() : Execution Start
2025-05-31 17:47:34.527 INFO  [http-nio-8080-exec-2] c.t.config.security.JwtFilter - Message :/favicon.ico
2025-05-31 17:47:34.527 INFO  [http-nio-8080-exec-2] c.t.config.security.JwtFilter - JwtFilter : doFilterInternal() : Execution End
