2025-07-06 23:15:20.620 INFO  [restartedMain] com.farmflow.FarmFlowApplication - Starting FarmFlowApplication using Java 21.0.4 with PID 336797 (/mnt/NewVolume/code/agri-project/FarmFlow/target/classes started by pranjal in /mnt/NewVolume/code/agri-project/FarmFlow)
2025-07-06 23:15:20.621 INFO  [restartedMain] com.farmflow.FarmFlowApplication - No active profile set, falling back to 1 default profile: "default"
2025-07-06 23:15:22.358 INFO  [restartedMain] o.s.d.r.c.RepositoryConfigurationDelegate - Bootstrapping Spring Data JPA repositories in DEFAULT mode.
2025-07-06 23:15:22.562 INFO  [restartedMain] o.s.d.r.c.RepositoryConfigurationDelegate - Finished Spring Data repository scanning in 202 ms. Found 10 JPA repository interfaces.
2025-07-06 23:15:22.698 INFO  [restartedMain] o.s.cloud.context.scope.GenericScope - BeanFactory id=5a7ecac0-c89a-33c0-8526-ddf1fb7ad915
2025-07-06 23:15:23.059 INFO  [restartedMain] o.s.b.w.e.tomcat.TomcatWebServer - Tomcat initialized with port 8080 (http)
2025-07-06 23:15:23.060 INFO  [restartedMain] o.a.coyote.http11.Http11NioProtocol - Initializing ProtocolHandler ["http-nio-8080"]
2025-07-06 23:15:23.060 INFO  [restartedMain] o.a.catalina.core.StandardService - Starting service [Tomcat]
2025-07-06 23:15:23.061 INFO  [restartedMain] o.a.catalina.core.StandardEngine - Starting Servlet engine: [Apache Tomcat/10.1.40]
2025-07-06 23:15:23.079 INFO  [restartedMain] o.a.c.c.C.[Tomcat-7].[localhost].[/] - Initializing Spring embedded WebApplicationContext
2025-07-06 23:15:23.079 INFO  [restartedMain] o.s.b.w.s.c.ServletWebServerApplicationContext - Root WebApplicationContext: initialization completed in 2443 ms
2025-07-06 23:15:23.232 INFO  [restartedMain] c.f.service.impl.JwtServiceImpl - JwtServiceImpl instantiated
2025-07-06 23:15:23.571 INFO  [restartedMain] o.h.jpa.internal.util.LogHelper - HHH000204: Processing PersistenceUnitInfo [name: default]
2025-07-06 23:15:23.576 INFO  [restartedMain] o.h.c.i.RegionFactoryInitiator - HHH000026: Second-level cache disabled
2025-07-06 23:15:23.587 INFO  [restartedMain] o.s.o.j.p.SpringPersistenceUnitInfo - No LoadTimeWeaver setup: ignoring JPA class transformer
2025-07-06 23:15:23.588 INFO  [restartedMain] com.zaxxer.hikari.HikariDataSource - HikariPool-27 - Starting...
2025-07-06 23:15:23.617 INFO  [restartedMain] com.zaxxer.hikari.pool.HikariPool - HikariPool-27 - Added connection com.mysql.cj.jdbc.ConnectionImpl@6a0fe9dd
2025-07-06 23:15:23.617 INFO  [restartedMain] com.zaxxer.hikari.HikariDataSource - HikariPool-27 - Start completed.
2025-07-06 23:15:23.619 INFO  [restartedMain] o.hibernate.orm.connections.pooling - HHH10001005: Database info:
	Database JDBC URL [Connecting through datasource 'HikariDataSource (HikariPool-27)']
	Database driver: undefined/unknown
	Database version: 8.0.42
	Autocommit mode: undefined/unknown
	Isolation level: undefined/unknown
	Minimum pool size: undefined/unknown
	Maximum pool size: undefined/unknown
2025-07-06 23:15:23.842 INFO  [restartedMain] o.h.e.t.j.p.i.JtaPlatformInitiator - HHH000489: No JTA platform available (set 'hibernate.transaction.jta.platform' to enable JTA platform integration)
2025-07-06 23:15:23.922 INFO  [restartedMain] o.s.o.j.LocalContainerEntityManagerFactoryBean - Initialized JPA EntityManagerFactory for persistence unit 'default'
2025-07-06 23:15:24.450 WARN  [restartedMain] o.s.b.w.s.c.AnnotationConfigServletWebServerApplicationContext - Exception encountered during context initialization - cancelling refresh attempt: org.springframework.beans.factory.UnsatisfiedDependencyException: Error creating bean with name 'addressController' defined in file [/mnt/NewVolume/code/agri-project/FarmFlow/target/classes/com/farmflow/controller/AddressController.class]: Unsatisfied dependency expressed through constructor parameter 0: Error creating bean with name 'addressServiceImpl': Unsatisfied dependency expressed through field 'authService': No qualifying bean of type 'com.farmflow.service.AuthService' available: expected at least 1 bean which qualifies as autowire candidate. Dependency annotations: {@org.springframework.beans.factory.annotation.Autowired(required=true)}
2025-07-06 23:15:24.451 INFO  [restartedMain] o.s.o.j.LocalContainerEntityManagerFactoryBean - Closing JPA EntityManagerFactory for persistence unit 'default'
2025-07-06 23:15:24.451 INFO  [restartedMain] com.zaxxer.hikari.HikariDataSource - HikariPool-27 - Shutdown initiated...
2025-07-06 23:15:24.454 INFO  [restartedMain] com.zaxxer.hikari.HikariDataSource - HikariPool-27 - Shutdown completed.
2025-07-06 23:15:24.455 INFO  [restartedMain] o.a.catalina.core.StandardService - Stopping service [Tomcat]
2025-07-06 23:15:24.465 INFO  [restartedMain] o.s.b.a.l.ConditionEvaluationReportLogger - 

Error starting ApplicationContext. To display the condition evaluation report re-run your application with 'debug' enabled.
2025-07-06 23:15:24.475 ERROR [restartedMain] o.s.b.d.LoggingFailureAnalysisReporter - 

***************************
APPLICATION FAILED TO START
***************************

Description:

Field authService in com.farmflow.service.impl.AddressServiceImpl required a bean of type 'com.farmflow.service.AuthService' that could not be found.


Action:

Consider defining a bean of type 'com.farmflow.service.AuthService' in your configuration.

2025-07-06 23:15:28.694 INFO  [restartedMain] com.farmflow.FarmFlowApplication - Starting FarmFlowApplication using Java 21.0.4 with PID 336797 (/mnt/NewVolume/code/agri-project/FarmFlow/target/classes started by pranjal in /mnt/NewVolume/code/agri-project/FarmFlow)
2025-07-06 23:15:28.695 INFO  [restartedMain] com.farmflow.FarmFlowApplication - No active profile set, falling back to 1 default profile: "default"
2025-07-06 23:15:30.702 INFO  [restartedMain] o.s.d.r.c.RepositoryConfigurationDelegate - Bootstrapping Spring Data JPA repositories in DEFAULT mode.
2025-07-06 23:15:30.864 INFO  [restartedMain] o.s.d.r.c.RepositoryConfigurationDelegate - Finished Spring Data repository scanning in 160 ms. Found 10 JPA repository interfaces.
2025-07-06 23:15:31.021 INFO  [restartedMain] o.s.cloud.context.scope.GenericScope - BeanFactory id=5a7ecac0-c89a-33c0-8526-ddf1fb7ad915
2025-07-06 23:15:31.477 INFO  [restartedMain] o.s.b.w.e.tomcat.TomcatWebServer - Tomcat initialized with port 8080 (http)
2025-07-06 23:15:31.477 INFO  [restartedMain] o.a.coyote.http11.Http11NioProtocol - Initializing ProtocolHandler ["http-nio-8080"]
2025-07-06 23:15:31.478 INFO  [restartedMain] o.a.catalina.core.StandardService - Starting service [Tomcat]
2025-07-06 23:15:31.478 INFO  [restartedMain] o.a.catalina.core.StandardEngine - Starting Servlet engine: [Apache Tomcat/10.1.40]
2025-07-06 23:15:31.494 INFO  [restartedMain] o.a.c.c.C.[Tomcat-8].[localhost].[/] - Initializing Spring embedded WebApplicationContext
2025-07-06 23:15:31.495 INFO  [restartedMain] o.s.b.w.s.c.ServletWebServerApplicationContext - Root WebApplicationContext: initialization completed in 2795 ms
2025-07-06 23:15:31.635 INFO  [restartedMain] c.f.service.impl.JwtServiceImpl - JwtServiceImpl instantiated
2025-07-06 23:15:32.207 INFO  [restartedMain] o.h.jpa.internal.util.LogHelper - HHH000204: Processing PersistenceUnitInfo [name: default]
2025-07-06 23:15:32.219 INFO  [restartedMain] o.h.c.i.RegionFactoryInitiator - HHH000026: Second-level cache disabled
2025-07-06 23:15:32.259 INFO  [restartedMain] o.s.o.j.p.SpringPersistenceUnitInfo - No LoadTimeWeaver setup: ignoring JPA class transformer
2025-07-06 23:15:32.263 INFO  [restartedMain] com.zaxxer.hikari.HikariDataSource - HikariPool-28 - Starting...
2025-07-06 23:15:32.290 INFO  [restartedMain] com.zaxxer.hikari.pool.HikariPool - HikariPool-28 - Added connection com.mysql.cj.jdbc.ConnectionImpl@2be1026a
2025-07-06 23:15:32.290 INFO  [restartedMain] com.zaxxer.hikari.HikariDataSource - HikariPool-28 - Start completed.
2025-07-06 23:15:32.294 INFO  [restartedMain] o.hibernate.orm.connections.pooling - HHH10001005: Database info:
	Database JDBC URL [Connecting through datasource 'HikariDataSource (HikariPool-28)']
	Database driver: undefined/unknown
	Database version: 8.0.42
	Autocommit mode: undefined/unknown
	Isolation level: undefined/unknown
	Minimum pool size: undefined/unknown
	Maximum pool size: undefined/unknown
2025-07-06 23:15:32.967 INFO  [restartedMain] o.h.e.t.j.p.i.JtaPlatformInitiator - HHH000489: No JTA platform available (set 'hibernate.transaction.jta.platform' to enable JTA platform integration)
2025-07-06 23:15:33.108 INFO  [restartedMain] o.s.o.j.LocalContainerEntityManagerFactoryBean - Initialized JPA EntityManagerFactory for persistence unit 'default'
2025-07-06 23:15:33.620 WARN  [restartedMain] o.s.b.w.s.c.AnnotationConfigServletWebServerApplicationContext - Exception encountered during context initialization - cancelling refresh attempt: org.springframework.beans.factory.UnsatisfiedDependencyException: Error creating bean with name 'addressController' defined in file [/mnt/NewVolume/code/agri-project/FarmFlow/target/classes/com/farmflow/controller/AddressController.class]: Unsatisfied dependency expressed through constructor parameter 0: Error creating bean with name 'addressServiceImpl' defined in file [/mnt/NewVolume/code/agri-project/FarmFlow/target/classes/com/farmflow/service/impl/AddressServiceImpl.class]: Post-processing of merged bean definition failed
2025-07-06 23:15:33.620 INFO  [restartedMain] o.s.o.j.LocalContainerEntityManagerFactoryBean - Closing JPA EntityManagerFactory for persistence unit 'default'
2025-07-06 23:15:33.621 INFO  [restartedMain] com.zaxxer.hikari.HikariDataSource - HikariPool-28 - Shutdown initiated...
2025-07-06 23:15:33.623 INFO  [restartedMain] com.zaxxer.hikari.HikariDataSource - HikariPool-28 - Shutdown completed.
2025-07-06 23:15:33.625 INFO  [restartedMain] o.a.catalina.core.StandardService - Stopping service [Tomcat]
2025-07-06 23:15:33.643 INFO  [restartedMain] o.s.b.a.l.ConditionEvaluationReportLogger - 

Error starting ApplicationContext. To display the condition evaluation report re-run your application with 'debug' enabled.
2025-07-06 23:15:33.650 ERROR [restartedMain] o.s.boot.SpringApplication - Application run failed
org.springframework.beans.factory.UnsatisfiedDependencyException: Error creating bean with name 'addressController' defined in file [/mnt/NewVolume/code/agri-project/FarmFlow/target/classes/com/farmflow/controller/AddressController.class]: Unsatisfied dependency expressed through constructor parameter 0: Error creating bean with name 'addressServiceImpl' defined in file [/mnt/NewVolume/code/agri-project/FarmFlow/target/classes/com/farmflow/service/impl/AddressServiceImpl.class]: Post-processing of merged bean definition failed
	at org.springframework.beans.factory.support.ConstructorResolver.createArgumentArray(ConstructorResolver.java:804)
	at org.springframework.beans.factory.support.ConstructorResolver.autowireConstructor(ConstructorResolver.java:240)
	at org.springframework.beans.factory.support.AbstractAutowireCapableBeanFactory.autowireConstructor(AbstractAutowireCapableBeanFactory.java:1387)
	at org.springframework.beans.factory.support.AbstractAutowireCapableBeanFactory.createBeanInstance(AbstractAutowireCapableBeanFactory.java:1224)
	at org.springframework.beans.factory.support.AbstractAutowireCapableBeanFactory.doCreateBean(AbstractAutowireCapableBeanFactory.java:569)
	at org.springframework.beans.factory.support.AbstractAutowireCapableBeanFactory.createBean(AbstractAutowireCapableBeanFactory.java:529)
	at org.springframework.beans.factory.support.AbstractBeanFactory.lambda$doGetBean$0(AbstractBeanFactory.java:339)
	at org.springframework.beans.factory.support.DefaultSingletonBeanRegistry.getSingleton(DefaultSingletonBeanRegistry.java:371)
	at org.springframework.beans.factory.support.AbstractBeanFactory.doGetBean(AbstractBeanFactory.java:337)
	at org.springframework.beans.factory.support.AbstractBeanFactory.getBean(AbstractBeanFactory.java:202)
	at org.springframework.beans.factory.support.DefaultListableBeanFactory.instantiateSingleton(DefaultListableBeanFactory.java:1221)
	at org.springframework.beans.factory.support.DefaultListableBeanFactory.preInstantiateSingleton(DefaultListableBeanFactory.java:1187)
	at org.springframework.beans.factory.support.DefaultListableBeanFactory.preInstantiateSingletons(DefaultListableBeanFactory.java:1122)
	at org.springframework.context.support.AbstractApplicationContext.finishBeanFactoryInitialization(AbstractApplicationContext.java:987)
	at org.springframework.context.support.AbstractApplicationContext.refresh(AbstractApplicationContext.java:627)
	at org.springframework.boot.web.servlet.context.ServletWebServerApplicationContext.refresh(ServletWebServerApplicationContext.java:146)
	at org.springframework.boot.SpringApplication.refresh(SpringApplication.java:753)
	at org.springframework.boot.SpringApplication.refreshContext(SpringApplication.java:439)
	at org.springframework.boot.SpringApplication.run(SpringApplication.java:318)
	at org.springframework.boot.SpringApplication.run(SpringApplication.java:1362)
	at org.springframework.boot.SpringApplication.run(SpringApplication.java:1351)
	at com.farmflow.FarmFlowApplication.main(FarmFlowApplication.java:16)
	at java.base/jdk.internal.reflect.DirectMethodHandleAccessor.invoke(DirectMethodHandleAccessor.java:103)
	at java.base/java.lang.reflect.Method.invoke(Method.java:580)
	at org.springframework.boot.devtools.restart.RestartLauncher.run(RestartLauncher.java:50)
Caused by: org.springframework.beans.factory.BeanCreationException: Error creating bean with name 'addressServiceImpl' defined in file [/mnt/NewVolume/code/agri-project/FarmFlow/target/classes/com/farmflow/service/impl/AddressServiceImpl.class]: Post-processing of merged bean definition failed
	at org.springframework.beans.factory.support.AbstractAutowireCapableBeanFactory.doCreateBean(AbstractAutowireCapableBeanFactory.java:584)
	at org.springframework.beans.factory.support.AbstractAutowireCapableBeanFactory.createBean(AbstractAutowireCapableBeanFactory.java:529)
	at org.springframework.beans.factory.support.AbstractBeanFactory.lambda$doGetBean$0(AbstractBeanFactory.java:339)
	at org.springframework.beans.factory.support.DefaultSingletonBeanRegistry.getSingleton(DefaultSingletonBeanRegistry.java:371)
	at org.springframework.beans.factory.support.AbstractBeanFactory.doGetBean(AbstractBeanFactory.java:337)
	at org.springframework.beans.factory.support.AbstractBeanFactory.getBean(AbstractBeanFactory.java:202)
	at org.springframework.beans.factory.config.DependencyDescriptor.resolveCandidate(DependencyDescriptor.java:254)
	at org.springframework.beans.factory.support.DefaultListableBeanFactory.doResolveDependency(DefaultListableBeanFactory.java:1739)
	at org.springframework.beans.factory.support.DefaultListableBeanFactory.resolveDependency(DefaultListableBeanFactory.java:1627)
	at org.springframework.beans.factory.support.ConstructorResolver.resolveAutowiredArgument(ConstructorResolver.java:913)
	at org.springframework.beans.factory.support.ConstructorResolver.createArgumentArray(ConstructorResolver.java:791)
	... 24 common frames omitted
Caused by: java.lang.IllegalStateException: Failed to introspect Class [com.farmflow.service.impl.AddressServiceImpl] from ClassLoader [org.springframework.boot.devtools.restart.classloader.RestartClassLoader@612f072b]
	at org.springframework.util.ReflectionUtils.getDeclaredFields(ReflectionUtils.java:756)
	at org.springframework.util.ReflectionUtils.doWithLocalFields(ReflectionUtils.java:689)
	at org.springframework.orm.jpa.support.PersistenceAnnotationBeanPostProcessor.buildPersistenceMetadata(PersistenceAnnotationBeanPostProcessor.java:437)
	at org.springframework.orm.jpa.support.PersistenceAnnotationBeanPostProcessor.findPersistenceMetadata(PersistenceAnnotationBeanPostProcessor.java:418)
	at org.springframework.orm.jpa.support.PersistenceAnnotationBeanPostProcessor.findInjectionMetadata(PersistenceAnnotationBeanPostProcessor.java:377)
	at org.springframework.orm.jpa.support.PersistenceAnnotationBeanPostProcessor.postProcessMergedBeanDefinition(PersistenceAnnotationBeanPostProcessor.java:353)
	at org.springframework.beans.factory.support.AbstractAutowireCapableBeanFactory.applyMergedBeanDefinitionPostProcessors(AbstractAutowireCapableBeanFactory.java:1115)
	at org.springframework.beans.factory.support.AbstractAutowireCapableBeanFactory.doCreateBean(AbstractAutowireCapableBeanFactory.java:581)
	... 34 common frames omitted
Caused by: java.lang.NoClassDefFoundError: com/farmflow/service/AuthService
	at java.base/java.lang.Class.getDeclaredFields0(Native Method)
	at java.base/java.lang.Class.privateGetDeclaredFields(Class.java:3473)
	at java.base/java.lang.Class.getDeclaredFields(Class.java:2542)
	at org.springframework.util.ReflectionUtils.getDeclaredFields(ReflectionUtils.java:751)
	... 41 common frames omitted
Caused by: java.lang.ClassNotFoundException: com.farmflow.service.AuthService
	at java.base/jdk.internal.loader.BuiltinClassLoader.loadClass(BuiltinClassLoader.java:641)
	at java.base/jdk.internal.loader.ClassLoaders$AppClassLoader.loadClass(ClassLoaders.java:188)
	at java.base/java.lang.ClassLoader.loadClass(ClassLoader.java:526)
	at java.base/java.lang.Class.forName0(Native Method)
	at java.base/java.lang.Class.forName(Class.java:534)
	at java.base/java.lang.Class.forName(Class.java:513)
	at org.springframework.boot.devtools.restart.classloader.RestartClassLoader.loadClass(RestartClassLoader.java:121)
	at java.base/java.lang.ClassLoader.loadClass(ClassLoader.java:526)
	... 45 common frames omitted
2025-07-06 23:15:37.077 INFO  [restartedMain] com.farmflow.FarmFlowApplication - Starting FarmFlowApplication using Java 21.0.4 with PID 336797 (/mnt/NewVolume/code/agri-project/FarmFlow/target/classes started by pranjal in /mnt/NewVolume/code/agri-project/FarmFlow)
2025-07-06 23:15:37.077 INFO  [restartedMain] com.farmflow.FarmFlowApplication - No active profile set, falling back to 1 default profile: "default"
2025-07-06 23:15:38.286 INFO  [restartedMain] o.s.d.r.c.RepositoryConfigurationDelegate - Bootstrapping Spring Data JPA repositories in DEFAULT mode.
2025-07-06 23:15:38.406 INFO  [restartedMain] o.s.d.r.c.RepositoryConfigurationDelegate - Finished Spring Data repository scanning in 118 ms. Found 10 JPA repository interfaces.
2025-07-06 23:15:38.541 INFO  [restartedMain] o.s.cloud.context.scope.GenericScope - BeanFactory id=5a7ecac0-c89a-33c0-8526-ddf1fb7ad915
2025-07-06 23:15:38.850 INFO  [restartedMain] o.s.b.w.e.tomcat.TomcatWebServer - Tomcat initialized with port 8080 (http)
2025-07-06 23:15:38.851 INFO  [restartedMain] o.a.coyote.http11.Http11NioProtocol - Initializing ProtocolHandler ["http-nio-8080"]
2025-07-06 23:15:38.851 INFO  [restartedMain] o.a.catalina.core.StandardService - Starting service [Tomcat]
2025-07-06 23:15:38.851 INFO  [restartedMain] o.a.catalina.core.StandardEngine - Starting Servlet engine: [Apache Tomcat/10.1.40]
2025-07-06 23:15:38.866 INFO  [restartedMain] o.a.c.c.C.[Tomcat-9].[localhost].[/] - Initializing Spring embedded WebApplicationContext
2025-07-06 23:15:38.867 INFO  [restartedMain] o.s.b.w.s.c.ServletWebServerApplicationContext - Root WebApplicationContext: initialization completed in 1783 ms
2025-07-06 23:15:39.037 INFO  [restartedMain] c.f.service.impl.JwtServiceImpl - JwtServiceImpl instantiated
2025-07-06 23:15:39.512 INFO  [restartedMain] o.h.jpa.internal.util.LogHelper - HHH000204: Processing PersistenceUnitInfo [name: default]
2025-07-06 23:15:39.517 INFO  [restartedMain] o.h.c.i.RegionFactoryInitiator - HHH000026: Second-level cache disabled
2025-07-06 23:15:39.527 INFO  [restartedMain] o.s.o.j.p.SpringPersistenceUnitInfo - No LoadTimeWeaver setup: ignoring JPA class transformer
2025-07-06 23:15:39.528 INFO  [restartedMain] com.zaxxer.hikari.HikariDataSource - HikariPool-29 - Starting...
2025-07-06 23:15:39.554 INFO  [restartedMain] com.zaxxer.hikari.pool.HikariPool - HikariPool-29 - Added connection com.mysql.cj.jdbc.ConnectionImpl@1b4b2d57
2025-07-06 23:15:39.554 INFO  [restartedMain] com.zaxxer.hikari.HikariDataSource - HikariPool-29 - Start completed.
2025-07-06 23:15:39.556 INFO  [restartedMain] o.hibernate.orm.connections.pooling - HHH10001005: Database info:
	Database JDBC URL [Connecting through datasource 'HikariDataSource (HikariPool-29)']
	Database driver: undefined/unknown
	Database version: 8.0.42
	Autocommit mode: undefined/unknown
	Isolation level: undefined/unknown
	Minimum pool size: undefined/unknown
	Maximum pool size: undefined/unknown
2025-07-06 23:15:39.840 INFO  [restartedMain] o.h.e.t.j.p.i.JtaPlatformInitiator - HHH000489: No JTA platform available (set 'hibernate.transaction.jta.platform' to enable JTA platform integration)
2025-07-06 23:15:40.006 INFO  [restartedMain] o.s.o.j.LocalContainerEntityManagerFactoryBean - Initialized JPA EntityManagerFactory for persistence unit 'default'
2025-07-06 23:15:40.882 WARN  [restartedMain] o.s.b.w.s.c.AnnotationConfigServletWebServerApplicationContext - Exception encountered during context initialization - cancelling refresh attempt: org.springframework.beans.factory.UnsatisfiedDependencyException: Error creating bean with name 'addressController' defined in file [/mnt/NewVolume/code/agri-project/FarmFlow/target/classes/com/farmflow/controller/AddressController.class]: Unsatisfied dependency expressed through constructor parameter 0: Error creating bean with name 'addressServiceImpl': Unsatisfied dependency expressed through field 'authService': No qualifying bean of type 'com.farmflow.service.AuthService' available: expected at least 1 bean which qualifies as autowire candidate. Dependency annotations: {@org.springframework.beans.factory.annotation.Autowired(required=true)}
2025-07-06 23:15:40.882 INFO  [restartedMain] o.s.o.j.LocalContainerEntityManagerFactoryBean - Closing JPA EntityManagerFactory for persistence unit 'default'
2025-07-06 23:15:40.883 INFO  [restartedMain] com.zaxxer.hikari.HikariDataSource - HikariPool-29 - Shutdown initiated...
2025-07-06 23:15:40.885 INFO  [restartedMain] com.zaxxer.hikari.HikariDataSource - HikariPool-29 - Shutdown completed.
2025-07-06 23:15:40.886 INFO  [restartedMain] o.a.catalina.core.StandardService - Stopping service [Tomcat]
2025-07-06 23:15:40.895 INFO  [restartedMain] o.s.b.a.l.ConditionEvaluationReportLogger - 

Error starting ApplicationContext. To display the condition evaluation report re-run your application with 'debug' enabled.
2025-07-06 23:15:40.905 ERROR [restartedMain] o.s.b.d.LoggingFailureAnalysisReporter - 

***************************
APPLICATION FAILED TO START
***************************

Description:

Field authService in com.farmflow.service.impl.AddressServiceImpl required a bean of type 'com.farmflow.service.AuthService' that could not be found.


Action:

Consider defining a bean of type 'com.farmflow.service.AuthService' in your configuration.

