2025-06-29 18:19:02.955 INFO  [http-nio-8080-exec-2] c.farmflow.config.security.JwtFilter - JwtFilter : doFilterInternal() : Execution Start
2025-06-29 18:19:02.968 INFO  [http-nio-8080-exec-2] c.farmflow.config.security.JwtFilter - Message :/api/v1/categories
2025-06-29 18:19:02.969 INFO  [http-nio-8080-exec-2] c.farmflow.config.security.JwtFilter - JwtFilter : doFilterInternal() : Execution End
2025-06-29 18:19:09.493 INFO  [http-nio-8080-exec-1] c.farmflow.config.security.JwtFilter - JwtFilter : doFilterInternal() : Execution Start
2025-06-29 18:19:09.494 INFO  [http-nio-8080-exec-1] c.farmflow.config.security.JwtFilter - Message :/api/v1/categories
2025-06-29 18:19:09.494 WARN  [http-nio-8080-exec-1] com.farmflow.util.CommonUtil - No authenticated user found, returning null.
2025-06-29 18:19:09.495 WARN  [http-nio-8080-exec-1] com.farmflow.aspect.LoggingAspect - No authenticated user found, falling back to anonymous.
2025-06-29 18:19:09.495 INFO  [http-nio-8080-exec-1] com.farmflow.aspect.LoggingAspect - [2025-06-29 18:19:09] [req-40930611467112-8951] [anonymous] [JwtServiceImpl.extractUsername()] Entering method - Args: [eyJhbGciOiJIUzI1NiJ9.eyJyb2xlIjpbIlJPTEVfQURNSU4iXSwiaWQiOjI0LCJzdGF0dXMiOnRydWUsInN1YiI6ImVtYXNzc2VmaWwxMjNAZ21haWwuY29tIiwiaWF0IjoxNzUxMjAxMTg0LCJleHAiOjE3NTEyODc1ODR9.Cj-qGCMFVrmSqNCNSDZgiv6_eZNx_CwwFHvgp6dkfT]
2025-06-29 18:19:09.497 ERROR [http-nio-8080-exec-1] com.farmflow.aspect.LoggingAspect - [2025-06-29 18:19:09] [req-40930611467112-8951] [anonymous] [JwtServiceImpl.extractUsername()] Exception in method - Duration: 2 ms, Error: Invalid Jwt Token
com.farmflow.exception.JwtTokenExpiredException: Invalid Jwt Token
	at com.farmflow.service.impl.JwtServiceImpl.extractAllClaims(JwtServiceImpl.java:71)
	at com.farmflow.service.impl.JwtServiceImpl.extractUsername(JwtServiceImpl.java:107)
	at java.base/jdk.internal.reflect.DirectMethodHandleAccessor.invoke(DirectMethodHandleAccessor.java:103)
	at java.base/java.lang.reflect.Method.invoke(Method.java:580)
	at org.springframework.aop.support.AopUtils.invokeJoinpointUsingReflection(AopUtils.java:359)
	at org.springframework.aop.framework.ReflectiveMethodInvocation.invokeJoinpoint(ReflectiveMethodInvocation.java:196)
	at org.springframework.aop.framework.ReflectiveMethodInvocation.proceed(ReflectiveMethodInvocation.java:163)
	at org.springframework.aop.aspectj.MethodInvocationProceedingJoinPoint.proceed(MethodInvocationProceedingJoinPoint.java:89)
	at com.farmflow.aspect.LoggingAspect.logExecution(LoggingAspect.java:44)
	at com.farmflow.aspect.LoggingAspect.aspectService(LoggingAspect.java:67)
	at java.base/jdk.internal.reflect.DirectMethodHandleAccessor.invoke(DirectMethodHandleAccessor.java:103)
	at java.base/java.lang.reflect.Method.invoke(Method.java:580)
	at org.springframework.aop.aspectj.AbstractAspectJAdvice.invokeAdviceMethodWithGivenArgs(AbstractAspectJAdvice.java:642)
	at org.springframework.aop.aspectj.AbstractAspectJAdvice.invokeAdviceMethod(AbstractAspectJAdvice.java:632)
	at org.springframework.aop.aspectj.AspectJAroundAdvice.invoke(AspectJAroundAdvice.java:71)
	at org.springframework.aop.framework.ReflectiveMethodInvocation.proceed(ReflectiveMethodInvocation.java:184)
	at org.springframework.aop.interceptor.ExposeInvocationInterceptor.invoke(ExposeInvocationInterceptor.java:97)
	at org.springframework.aop.framework.ReflectiveMethodInvocation.proceed(ReflectiveMethodInvocation.java:184)
	at org.springframework.aop.framework.CglibAopProxy$DynamicAdvisedInterceptor.intercept(CglibAopProxy.java:728)
	at com.farmflow.service.impl.JwtServiceImpl$$SpringCGLIB$$0.extractUsername(<generated>)
	at com.farmflow.config.security.JwtFilter.doFilterInternal(JwtFilter.java:60)
	at org.springframework.web.filter.OncePerRequestFilter.doFilter(OncePerRequestFilter.java:116)
	at org.springframework.security.web.ObservationFilterChainDecorator$ObservationFilter.wrapFilter(ObservationFilterChainDecorator.java:240)
	at org.springframework.security.web.ObservationFilterChainDecorator$ObservationFilter.doFilter(ObservationFilterChainDecorator.java:227)
	at org.springframework.security.web.ObservationFilterChainDecorator$VirtualFilterChain.doFilter(ObservationFilterChainDecorator.java:137)
	at org.springframework.security.web.authentication.logout.LogoutFilter.doFilter(LogoutFilter.java:107)
	at org.springframework.security.web.authentication.logout.LogoutFilter.doFilter(LogoutFilter.java:93)
	at org.springframework.security.web.ObservationFilterChainDecorator$ObservationFilter.wrapFilter(ObservationFilterChainDecorator.java:240)
	at org.springframework.security.web.ObservationFilterChainDecorator$ObservationFilter.doFilter(ObservationFilterChainDecorator.java:227)
	at org.springframework.security.web.ObservationFilterChainDecorator$VirtualFilterChain.doFilter(ObservationFilterChainDecorator.java:137)
	at org.springframework.security.web.header.HeaderWriterFilter.doHeadersAfter(HeaderWriterFilter.java:90)
	at org.springframework.security.web.header.HeaderWriterFilter.doFilterInternal(HeaderWriterFilter.java:75)
	at org.springframework.web.filter.OncePerRequestFilter.doFilter(OncePerRequestFilter.java:116)
	at org.springframework.security.web.ObservationFilterChainDecorator$ObservationFilter.wrapFilter(ObservationFilterChainDecorator.java:240)
	at org.springframework.security.web.ObservationFilterChainDecorator$ObservationFilter.doFilter(ObservationFilterChainDecorator.java:227)
	at org.springframework.security.web.ObservationFilterChainDecorator$VirtualFilterChain.doFilter(ObservationFilterChainDecorator.java:137)
	at org.springframework.security.web.context.SecurityContextHolderFilter.doFilter(SecurityContextHolderFilter.java:82)
	at org.springframework.security.web.context.SecurityContextHolderFilter.doFilter(SecurityContextHolderFilter.java:69)
	at org.springframework.security.web.ObservationFilterChainDecorator$ObservationFilter.wrapFilter(ObservationFilterChainDecorator.java:240)
	at org.springframework.security.web.ObservationFilterChainDecorator$ObservationFilter.doFilter(ObservationFilterChainDecorator.java:227)
	at org.springframework.security.web.ObservationFilterChainDecorator$VirtualFilterChain.doFilter(ObservationFilterChainDecorator.java:137)
	at org.springframework.security.web.context.request.async.WebAsyncManagerIntegrationFilter.doFilterInternal(WebAsyncManagerIntegrationFilter.java:62)
	at org.springframework.web.filter.OncePerRequestFilter.doFilter(OncePerRequestFilter.java:116)
	at org.springframework.security.web.ObservationFilterChainDecorator$ObservationFilter.wrapFilter(ObservationFilterChainDecorator.java:240)
	at org.springframework.security.web.ObservationFilterChainDecorator$ObservationFilter.doFilter(ObservationFilterChainDecorator.java:227)
	at org.springframework.security.web.ObservationFilterChainDecorator$VirtualFilterChain.doFilter(ObservationFilterChainDecorator.java:137)
	at org.springframework.security.web.session.DisableEncodeUrlFilter.doFilterInternal(DisableEncodeUrlFilter.java:42)
	at org.springframework.web.filter.OncePerRequestFilter.doFilter(OncePerRequestFilter.java:116)
	at org.springframework.security.web.ObservationFilterChainDecorator$ObservationFilter.wrapFilter(ObservationFilterChainDecorator.java:240)
	at org.springframework.security.web.ObservationFilterChainDecorator$AroundFilterObservation$SimpleAroundFilterObservation.lambda$wrap$0(ObservationFilterChainDecorator.java:323)
	at org.springframework.security.web.ObservationFilterChainDecorator$ObservationFilter.doFilter(ObservationFilterChainDecorator.java:224)
	at org.springframework.security.web.ObservationFilterChainDecorator$VirtualFilterChain.doFilter(ObservationFilterChainDecorator.java:137)
	at org.springframework.security.web.FilterChainProxy.doFilterInternal(FilterChainProxy.java:233)
	at org.springframework.security.web.FilterChainProxy.doFilter(FilterChainProxy.java:191)
	at org.springframework.web.filter.CompositeFilter$VirtualFilterChain.doFilter(CompositeFilter.java:113)
	at org.springframework.web.servlet.handler.HandlerMappingIntrospector.lambda$createCacheFilter$3(HandlerMappingIntrospector.java:243)
	at org.springframework.web.filter.CompositeFilter$VirtualFilterChain.doFilter(CompositeFilter.java:113)
	at org.springframework.web.filter.CompositeFilter.doFilter(CompositeFilter.java:74)
	at org.springframework.security.config.annotation.web.configuration.WebMvcSecurityConfiguration$CompositeFilterChainProxy.doFilter(WebMvcSecurityConfiguration.java:238)
	at org.springframework.web.filter.DelegatingFilterProxy.invokeDelegate(DelegatingFilterProxy.java:362)
	at org.springframework.web.filter.DelegatingFilterProxy.doFilter(DelegatingFilterProxy.java:278)
	at org.apache.catalina.core.ApplicationFilterChain.internalDoFilter(ApplicationFilterChain.java:164)
	at org.apache.catalina.core.ApplicationFilterChain.doFilter(ApplicationFilterChain.java:140)
	at org.springframework.web.filter.RequestContextFilter.doFilterInternal(RequestContextFilter.java:100)
	at org.springframework.web.filter.OncePerRequestFilter.doFilter(OncePerRequestFilter.java:116)
	at org.apache.catalina.core.ApplicationFilterChain.internalDoFilter(ApplicationFilterChain.java:164)
	at org.apache.catalina.core.ApplicationFilterChain.doFilter(ApplicationFilterChain.java:140)
	at org.springframework.web.filter.FormContentFilter.doFilterInternal(FormContentFilter.java:93)
	at org.springframework.web.filter.OncePerRequestFilter.doFilter(OncePerRequestFilter.java:116)
	at org.apache.catalina.core.ApplicationFilterChain.internalDoFilter(ApplicationFilterChain.java:164)
	at org.apache.catalina.core.ApplicationFilterChain.doFilter(ApplicationFilterChain.java:140)
	at org.springframework.web.filter.ServerHttpObservationFilter.doFilterInternal(ServerHttpObservationFilter.java:114)
	at org.springframework.web.filter.OncePerRequestFilter.doFilter(OncePerRequestFilter.java:116)
	at org.apache.catalina.core.ApplicationFilterChain.internalDoFilter(ApplicationFilterChain.java:164)
	at org.apache.catalina.core.ApplicationFilterChain.doFilter(ApplicationFilterChain.java:140)
	at org.springframework.web.filter.CharacterEncodingFilter.doFilterInternal(CharacterEncodingFilter.java:201)
	at org.springframework.web.filter.OncePerRequestFilter.doFilter(OncePerRequestFilter.java:116)
	at org.apache.catalina.core.ApplicationFilterChain.internalDoFilter(ApplicationFilterChain.java:164)
	at org.apache.catalina.core.ApplicationFilterChain.doFilter(ApplicationFilterChain.java:140)
	at org.apache.catalina.core.StandardWrapperValve.invoke(StandardWrapperValve.java:167)
	at org.apache.catalina.core.StandardContextValve.invoke(StandardContextValve.java:90)
	at org.apache.catalina.authenticator.AuthenticatorBase.invoke(AuthenticatorBase.java:483)
	at org.apache.catalina.core.StandardHostValve.invoke(StandardHostValve.java:116)
	at org.apache.catalina.valves.ErrorReportValve.invoke(ErrorReportValve.java:93)
	at org.apache.catalina.core.StandardEngineValve.invoke(StandardEngineValve.java:74)
	at org.apache.catalina.connector.CoyoteAdapter.service(CoyoteAdapter.java:344)
	at org.apache.coyote.http11.Http11Processor.service(Http11Processor.java:398)
	at org.apache.coyote.AbstractProcessorLight.process(AbstractProcessorLight.java:63)
	at org.apache.coyote.AbstractProtocol$ConnectionHandler.process(AbstractProtocol.java:903)
	at org.apache.tomcat.util.net.NioEndpoint$SocketProcessor.doRun(NioEndpoint.java:1740)
	at org.apache.tomcat.util.net.SocketProcessorBase.run(SocketProcessorBase.java:52)
	at org.apache.tomcat.util.threads.ThreadPoolExecutor.runWorker(ThreadPoolExecutor.java:1189)
	at org.apache.tomcat.util.threads.ThreadPoolExecutor$Worker.run(ThreadPoolExecutor.java:658)
	at org.apache.tomcat.util.threads.TaskThread$WrappingRunnable.run(TaskThread.java:63)
	at java.base/java.lang.Thread.run(Thread.java:1583)
2025-06-29 18:19:09.499 ERROR [http-nio-8080-exec-1] c.farmflow.config.security.JwtFilter - Error during token authentication: Invalid Jwt Token
2025-06-29 18:19:22.946 INFO  [http-nio-8080-exec-3] c.farmflow.config.security.JwtFilter - JwtFilter : doFilterInternal() : Execution Start
2025-06-29 18:19:22.947 INFO  [http-nio-8080-exec-3] c.farmflow.config.security.JwtFilter - Message :/api/v1/categories
2025-06-29 18:19:22.948 WARN  [http-nio-8080-exec-3] com.farmflow.util.CommonUtil - No authenticated user found, returning null.
2025-06-29 18:19:22.948 WARN  [http-nio-8080-exec-3] com.farmflow.aspect.LoggingAspect - No authenticated user found, falling back to anonymous.
2025-06-29 18:19:22.949 INFO  [http-nio-8080-exec-3] com.farmflow.aspect.LoggingAspect - [2025-06-29 18:19:22] [req-40944065030144-3839] [anonymous] [JwtServiceImpl.extractUsername()] Entering method - Args: [eyJhbGciOiJIUzI1NiJ9.eyJyb2xlIjpbIlJPTEVfQURNSU4iXSwiaWQiOjI0LCJzdGF0dXMiOnRydWUsInN1YiI6ImVtYXNzc2VmaWwxMjNAZ21haWwuY29tIiwiaWF0IjoxNzUxMjAxMTg0LCJleHAiOjE3NTEyODc1ODR9.Cj-qGCMFVrmSqNCNSDZgiv6_eZNx_CwwFHvgp6dkfTU]
2025-06-29 18:19:22.950 INFO  [http-nio-8080-exec-3] com.farmflow.aspect.LoggingAspect - [2025-06-29 18:19:22] [req-40944065030144-3839] [anonymous] [JwtServiceImpl.extractUsername()] Exiting method - Duration: 1 ms, Result: emasssefil123@gmail.com
2025-06-29 18:19:22.951 INFO  [http-nio-8080-exec-3] c.farmflow.config.security.JwtFilter - Extracted username: emasssefil123@gmail.com
2025-06-29 18:19:22.966 WARN  [http-nio-8080-exec-3] com.farmflow.util.CommonUtil - No authenticated user found, returning null.
2025-06-29 18:19:22.967 WARN  [http-nio-8080-exec-3] com.farmflow.aspect.LoggingAspect - No authenticated user found, falling back to anonymous.
2025-06-29 18:19:22.967 INFO  [http-nio-8080-exec-3] com.farmflow.aspect.LoggingAspect - [2025-06-29 18:19:22] [req-40944065030144-3839] [anonymous] [JwtServiceImpl.validateToken()] Entering method - Args: [eyJhbGciOiJIUzI1NiJ9.eyJyb2xlIjpbIlJPTEVfQURNSU4iXSwiaWQiOjI0LCJzdGF0dXMiOnRydWUsInN1YiI6ImVtYXNzc2VmaWwxMjNAZ21haWwuY29tIiwiaWF0IjoxNzUxMjAxMTg0LCJleHAiOjE3NTEyODc1ODR9.Cj-qGCMFVrmSqNCNSDZgiv6_eZNx_CwwFHvgp6dkfTU, com.farmflow.config.security.CustomUserDetails@4769cd5b]
2025-06-29 18:19:22.970 INFO  [http-nio-8080-exec-3] com.farmflow.aspect.LoggingAspect - [2025-06-29 18:19:22] [req-40944065030144-3839] [anonymous] [JwtServiceImpl.validateToken()] Exiting method - Duration: 3 ms, Result: true
2025-06-29 18:19:22.970 INFO  [http-nio-8080-exec-3] c.farmflow.config.security.JwtFilter - Authentication set for user: emasssefil123@gmail.com
2025-06-29 18:19:22.971 INFO  [http-nio-8080-exec-3] c.farmflow.config.security.JwtFilter - JwtFilter : doFilterInternal() : Execution End
2025-06-29 18:19:22.978 INFO  [http-nio-8080-exec-3] com.farmflow.aspect.LoggingAspect - [2025-06-29 18:19:22] [req-40944065030144-3839] [24] [CategoryController.getAll()] Entering method - Args: []
2025-06-29 18:19:23.000 INFO  [http-nio-8080-exec-3] com.farmflow.aspect.LoggingAspect - [2025-06-29 18:19:23] [req-40944065030144-3839] [24] [CategoryServiceImpl.getAllCategories()] Entering method - Args: []
2025-06-29 18:19:23.048 INFO  [http-nio-8080-exec-3] com.farmflow.aspect.LoggingAspect - [2025-06-29 18:19:23] [req-40944065030144-3839] [24] [CategoryServiceImpl.getAllCategories()] Exiting method - Duration: 48 ms, Result: [CategoryDTO(id=1, name=dekho, description=this is updated farm), CategoryDTO(id=2, name=farm, description=this is farm)]
2025-06-29 18:19:23.050 INFO  [http-nio-8080-exec-3] com.farmflow.aspect.LoggingAspect - [2025-06-29 18:19:22] [req-40944065030144-3839] [24] [CategoryController.getAll()] Exiting method - Duration: 71 ms, Result: <200 OK OK,{timestamp=2025-06-29T18:19:23.050463151, status=success, message=Operation Success, data=[CategoryDTO(id=1, name=dekho, description=this is updated farm), CategoryDTO(id=2, name=farm, description=this is farm)]},[]>
2025-06-29 18:19:29.979 INFO  [http-nio-8080-exec-4] c.farmflow.config.security.JwtFilter - JwtFilter : doFilterInternal() : Execution Start
2025-06-29 18:19:29.979 INFO  [http-nio-8080-exec-4] c.farmflow.config.security.JwtFilter - Message :/api/v1/cache/all
2025-06-29 18:19:29.980 WARN  [http-nio-8080-exec-4] com.farmflow.util.CommonUtil - No authenticated user found, returning null.
2025-06-29 18:19:29.990 WARN  [http-nio-8080-exec-4] com.farmflow.aspect.LoggingAspect - No authenticated user found, falling back to anonymous.
2025-06-29 18:19:29.991 INFO  [http-nio-8080-exec-4] com.farmflow.aspect.LoggingAspect - [2025-06-29 18:19:29] [req-40951097082875-4379] [anonymous] [JwtServiceImpl.extractUsername()] Entering method - Args: [eyJhbGciOiJIUzI1NiJ9.eyJyb2xlIjpbIlJPTEVfQURNSU4iXSwiaWQiOjI0LCJzdGF0dXMiOnRydWUsInN1YiI6ImVtYXNzc2VmaWwxMjNAZ21haWwuY29tIiwiaWF0IjoxNzUxMjAxMTg0LCJleHAiOjE3NTEyODc1ODR9.Cj-qGCMFVrmSqNCNSDZgiv6_eZNx_CwwFHvgp6dkfTU]
2025-06-29 18:19:29.994 INFO  [http-nio-8080-exec-4] com.farmflow.aspect.LoggingAspect - [2025-06-29 18:19:29] [req-40951097082875-4379] [anonymous] [JwtServiceImpl.extractUsername()] Exiting method - Duration: 2 ms, Result: emasssefil123@gmail.com
2025-06-29 18:19:29.994 INFO  [http-nio-8080-exec-4] c.farmflow.config.security.JwtFilter - Extracted username: emasssefil123@gmail.com
2025-06-29 18:19:30.004 WARN  [http-nio-8080-exec-4] com.farmflow.util.CommonUtil - No authenticated user found, returning null.
2025-06-29 18:19:30.005 WARN  [http-nio-8080-exec-4] com.farmflow.aspect.LoggingAspect - No authenticated user found, falling back to anonymous.
2025-06-29 18:19:30.005 INFO  [http-nio-8080-exec-4] com.farmflow.aspect.LoggingAspect - [2025-06-29 18:19:30] [req-40951097082875-4379] [anonymous] [JwtServiceImpl.validateToken()] Entering method - Args: [eyJhbGciOiJIUzI1NiJ9.eyJyb2xlIjpbIlJPTEVfQURNSU4iXSwiaWQiOjI0LCJzdGF0dXMiOnRydWUsInN1YiI6ImVtYXNzc2VmaWwxMjNAZ21haWwuY29tIiwiaWF0IjoxNzUxMjAxMTg0LCJleHAiOjE3NTEyODc1ODR9.Cj-qGCMFVrmSqNCNSDZgiv6_eZNx_CwwFHvgp6dkfTU, com.farmflow.config.security.CustomUserDetails@5227b1ab]
2025-06-29 18:19:30.007 INFO  [http-nio-8080-exec-4] com.farmflow.aspect.LoggingAspect - [2025-06-29 18:19:30] [req-40951097082875-4379] [anonymous] [JwtServiceImpl.validateToken()] Exiting method - Duration: 2 ms, Result: true
2025-06-29 18:19:30.007 INFO  [http-nio-8080-exec-4] c.farmflow.config.security.JwtFilter - Authentication set for user: emasssefil123@gmail.com
2025-06-29 18:19:30.007 INFO  [http-nio-8080-exec-4] c.farmflow.config.security.JwtFilter - JwtFilter : doFilterInternal() : Execution End
2025-06-29 18:19:30.010 INFO  [http-nio-8080-exec-4] com.farmflow.aspect.LoggingAspect - [2025-06-29 18:19:30] [req-40951097082875-4379] [24] [CacheController.getAllCaches()] Entering method - Args: []
2025-06-29 18:19:30.011 INFO  [http-nio-8080-exec-4] com.farmflow.aspect.LoggingAspect - [2025-06-29 18:19:30] [req-40951097082875-4379] [24] [CacheManagerServiceImpl.getAllCacheNames()] Entering method - Args: []
2025-06-29 18:19:30.011 INFO  [http-nio-8080-exec-4] com.farmflow.aspect.LoggingAspect - [2025-06-29 18:19:30] [req-40951097082875-4379] [24] [CacheManagerServiceImpl.getAllCacheNames()] Exiting method - Duration: 0 ms, Result: [categoryCache]
2025-06-29 18:19:30.011 INFO  [http-nio-8080-exec-4] com.farmflow.aspect.LoggingAspect - [2025-06-29 18:19:30] [req-40951097082875-4379] [24] [CacheController.getAllCaches()] Exiting method - Duration: 0 ms, Result: <200 OK OK,{timestamp=2025-06-29T18:19:30.011524219, status=success, message=Operation Success, data=[categoryCache]},[]>
