2025-08-28 09:16:43.961 INFO  [restartedMain] com.farmflow.FarmFlowApplication - Starting FarmFlowApplication using Java 21.0.4 with PID 6574 (/mnt/NewVolume/code/agri-project/FarmFlow/target/classes started by pranjal in /mnt/NewVolume/code/agri-project/FarmFlow)
2025-08-28 09:16:43.963 INFO  [restartedMain] com.farmflow.FarmFlowApplication - No active profile set, falling back to 1 default profile: "default"
2025-08-28 09:16:44.809 INFO  [restartedMain] o.s.d.r.c.RepositoryConfigurationDelegate - Bootstrapping Spring Data JPA repositories in DEFAULT mode.
2025-08-28 09:16:44.814 INFO  [restartedMain] o.s.d.r.c.RepositoryConfigurationDelegate - Finished Spring Data repository scanning in 1 ms. Found 0 JPA repository interfaces.
2025-08-28 09:16:44.960 INFO  [restartedMain] o.s.cloud.context.scope.GenericScope - BeanFactory id=f614f387-3e65-32f7-ae53-680ce1a2264e
2025-08-28 09:16:45.333 INFO  [restartedMain] o.s.b.w.e.tomcat.TomcatWebServer - Tomcat initialized with port 8080 (http)
2025-08-28 09:16:45.341 INFO  [restartedMain] o.a.coyote.http11.Http11NioProtocol - Initializing ProtocolHandler ["http-nio-8080"]
2025-08-28 09:16:45.341 INFO  [restartedMain] o.a.catalina.core.StandardService - Starting service [Tomcat]
2025-08-28 09:16:45.342 INFO  [restartedMain] o.a.catalina.core.StandardEngine - Starting Servlet engine: [Apache Tomcat/10.1.40]
2025-08-28 09:16:45.371 INFO  [restartedMain] o.a.c.c.C.[.[localhost].[/] - Initializing Spring embedded WebApplicationContext
2025-08-28 09:16:45.371 INFO  [restartedMain] o.s.b.w.s.c.ServletWebServerApplicationContext - Root WebApplicationContext: initialization completed in 1398 ms
2025-08-28 09:16:45.622 WARN  [restartedMain] o.s.b.w.s.c.AnnotationConfigServletWebServerApplicationContext - Exception encountered during context initialization - cancelling refresh attempt: org.springframework.beans.factory.BeanCreationException: Error creating bean with name 'entityManagerFactory' defined in class path resource [org/springframework/boot/autoconfigure/orm/jpa/HibernateJpaConfiguration.class]: 'entityManagerFactory' depends on missing bean 'cacheManager'
2025-08-28 09:16:45.624 INFO  [restartedMain] o.a.catalina.core.StandardService - Stopping service [Tomcat]
2025-08-28 09:16:45.639 INFO  [restartedMain] o.s.b.a.l.ConditionEvaluationReportLogger - 

Error starting ApplicationContext. To display the condition evaluation report re-run your application with 'debug' enabled.
2025-08-28 09:16:45.650 ERROR [restartedMain] o.s.b.d.LoggingFailureAnalysisReporter - 

***************************
APPLICATION FAILED TO START
***************************

Description:

A component required a bean named 'cacheManager' that could not be found.


Action:

Consider defining a bean named 'cacheManager' in your configuration.

2025-08-28 09:16:47.247 INFO  [restartedMain] com.farmflow.FarmFlowApplication - Starting FarmFlowApplication using Java 21.0.4 with PID 6574 (/mnt/NewVolume/code/agri-project/FarmFlow/target/classes started by pranjal in /mnt/NewVolume/code/agri-project/FarmFlow)
2025-08-28 09:16:47.248 INFO  [restartedMain] com.farmflow.FarmFlowApplication - No active profile set, falling back to 1 default profile: "default"
2025-08-28 09:16:47.825 INFO  [restartedMain] o.s.d.r.c.RepositoryConfigurationDelegate - Bootstrapping Spring Data JPA repositories in DEFAULT mode.
2025-08-28 09:16:47.908 INFO  [restartedMain] o.s.d.r.c.RepositoryConfigurationDelegate - Finished Spring Data repository scanning in 81 ms. Found 1 JPA repository interface.
2025-08-28 09:16:48.136 INFO  [restartedMain] o.s.cloud.context.scope.GenericScope - BeanFactory id=631f2be8-5300-377c-9cf8-dc21bd85c90f
2025-08-28 09:16:48.448 INFO  [restartedMain] o.s.b.w.e.tomcat.TomcatWebServer - Tomcat initialized with port 8080 (http)
2025-08-28 09:16:48.449 INFO  [restartedMain] o.a.coyote.http11.Http11NioProtocol - Initializing ProtocolHandler ["http-nio-8080"]
2025-08-28 09:16:48.449 INFO  [restartedMain] o.a.catalina.core.StandardService - Starting service [Tomcat]
2025-08-28 09:16:48.449 INFO  [restartedMain] o.a.catalina.core.StandardEngine - Starting Servlet engine: [Apache Tomcat/10.1.40]
2025-08-28 09:16:48.467 INFO  [restartedMain] o.a.c.c.C.[.[localhost].[/] - Initializing Spring embedded WebApplicationContext
2025-08-28 09:16:48.468 INFO  [restartedMain] o.s.b.w.s.c.ServletWebServerApplicationContext - Root WebApplicationContext: initialization completed in 1218 ms
2025-08-28 09:16:48.684 ERROR [restartedMain] o.s.b.w.e.tomcat.TomcatStarter - Error starting Tomcat context. Exception: org.springframework.beans.factory.UnsatisfiedDependencyException. Message: Error creating bean with name 'jwtFilter' defined in file [/mnt/NewVolume/code/agri-project/FarmFlow/target/classes/com/farmflow/config/security/JwtFilter.class]: Unsatisfied dependency expressed through constructor parameter 0: No qualifying bean of type 'com.farmflow.service.JwtService' available: expected at least 1 bean which qualifies as autowire candidate. Dependency annotations: {}
2025-08-28 09:16:48.691 INFO  [restartedMain] o.a.catalina.core.StandardService - Stopping service [Tomcat]
2025-08-28 09:16:48.694 WARN  [restartedMain] o.s.b.w.s.c.AnnotationConfigServletWebServerApplicationContext - Exception encountered during context initialization - cancelling refresh attempt: org.springframework.context.ApplicationContextException: Unable to start web server
2025-08-28 09:16:48.707 INFO  [restartedMain] o.s.b.a.l.ConditionEvaluationReportLogger - 

Error starting ApplicationContext. To display the condition evaluation report re-run your application with 'debug' enabled.
2025-08-28 09:16:48.715 ERROR [restartedMain] o.s.b.d.LoggingFailureAnalysisReporter - 

***************************
APPLICATION FAILED TO START
***************************

Description:

Parameter 0 of constructor in com.farmflow.config.security.JwtFilter required a bean of type 'com.farmflow.service.JwtService' that could not be found.


Action:

Consider defining a bean of type 'com.farmflow.service.JwtService' in your configuration.

