2025-05-31 18:02:16.241 INFO  [http-nio-8080-exec-3] c.t.config.security.JwtFilter - JwtFilter : doFilterInternal() : Execution Start
2025-05-31 18:02:16.243 INFO  [http-nio-8080-exec-3] c.t.config.security.JwtFilter - Message :/farmer_app_shopping-docs/
2025-05-31 18:02:16.243 INFO  [http-nio-8080-exec-3] c.t.config.security.JwtFilter - Skipping JWT Filter for: /farmer_app_shopping-docs/
2025-05-31 18:02:16.422 INFO  [http-nio-8080-exec-5] c.t.config.security.JwtFilter - JwtFilter : doFilterInternal() : Execution Start
2025-05-31 18:02:16.422 INFO  [http-nio-8080-exec-5] c.t.config.security.JwtFilter - Message :/favicon.ico
2025-05-31 18:02:16.423 INFO  [http-nio-8080-exec-5] c.t.config.security.JwtFilter - JwtFilter : doFilterInternal() : Execution End
2025-05-31 18:02:17.052 INFO  [http-nio-8080-exec-4] c.t.config.security.JwtFilter - JwtFilter : doFilterInternal() : Execution Start
2025-05-31 18:02:17.053 INFO  [http-nio-8080-exec-4] c.t.config.security.JwtFilter - Message :/farmer_app_shopping-docs/
2025-05-31 18:02:17.053 INFO  [http-nio-8080-exec-4] c.t.config.security.JwtFilter - Skipping JWT Filter for: /farmer_app_shopping-docs/
2025-05-31 18:02:17.161 INFO  [http-nio-8080-exec-6] c.t.config.security.JwtFilter - JwtFilter : doFilterInternal() : Execution Start
2025-05-31 18:02:17.161 INFO  [http-nio-8080-exec-6] c.t.config.security.JwtFilter - Message :/favicon.ico
2025-05-31 18:02:17.161 INFO  [http-nio-8080-exec-6] c.t.config.security.JwtFilter - JwtFilter : doFilterInternal() : Execution End
2025-05-31 18:02:17.335 INFO  [File Watcher] o.s.b.d.a.LocalDevToolsAutoConfiguration$RestartingClassPathChangeChangedEventListener - Restarting due to 1 class path change (0 additions, 1 deletion, 0 modifications)
2025-05-31 18:02:17.339 INFO  [Thread-37] o.s.b.w.e.tomcat.GracefulShutdown - Commencing graceful shutdown. Waiting for active requests to complete
2025-05-31 18:02:17.340 INFO  [tomcat-shutdown] o.a.coyote.http11.Http11NioProtocol - Pausing ProtocolHandler ["http-nio-8080"]
2025-05-31 18:02:17.342 INFO  [tomcat-shutdown] o.s.b.w.e.tomcat.GracefulShutdown - Graceful shutdown complete
2025-05-31 18:02:17.343 INFO  [Thread-37] o.a.coyote.http11.Http11NioProtocol - Stopping ProtocolHandler ["http-nio-8080"]
2025-05-31 18:02:17.355 INFO  [Thread-37] o.s.o.j.LocalContainerEntityManagerFactoryBean - Closing JPA EntityManagerFactory for persistence unit 'default'
2025-05-31 18:02:17.358 INFO  [Thread-37] com.zaxxer.hikari.HikariDataSource - HikariPool-10 - Shutdown initiated...
2025-05-31 18:02:17.366 INFO  [Thread-37] com.zaxxer.hikari.HikariDataSource - HikariPool-10 - Shutdown completed.
2025-05-31 18:02:17.710 INFO  [restartedMain] c.t.TempAgriProject2Application - Starting TempAgriProject2Application using Java 21.0.4 with PID 262966 (/media/pranjal/New Volume/CODES/PROJECT/AgriProject/TempAgriProject2/target/classes started by pranjal in /media/pranjal/New Volume/CODES/PROJECT/AgriProject/TempAgriProject2)
2025-05-31 18:02:17.712 INFO  [restartedMain] c.t.TempAgriProject2Application - No active profile set, falling back to 1 default profile: "default"
2025-05-31 18:02:18.973 INFO  [restartedMain] o.s.d.r.c.RepositoryConfigurationDelegate - Bootstrapping Spring Data JPA repositories in DEFAULT mode.
2025-05-31 18:02:19.134 INFO  [restartedMain] o.s.d.r.c.RepositoryConfigurationDelegate - Finished Spring Data repository scanning in 158 ms. Found 10 JPA repository interfaces.
2025-05-31 18:02:19.910 INFO  [restartedMain] o.s.b.w.e.tomcat.TomcatWebServer - Tomcat initialized with port 8080 (http)
2025-05-31 18:02:19.915 INFO  [restartedMain] o.a.coyote.http11.Http11NioProtocol - Initializing ProtocolHandler ["http-nio-8080"]
2025-05-31 18:02:19.916 INFO  [restartedMain] o.a.catalina.core.StandardService - Starting service [Tomcat]
2025-05-31 18:02:19.918 INFO  [restartedMain] o.a.catalina.core.StandardEngine - Starting Servlet engine: [Apache Tomcat/10.1.40]
2025-05-31 18:02:19.955 INFO  [restartedMain] o.a.c.c.C.[Tomcat-2].[localhost].[/] - Initializing Spring embedded WebApplicationContext
2025-05-31 18:02:19.956 INFO  [restartedMain] o.s.b.w.s.c.ServletWebServerApplicationContext - Root WebApplicationContext: initialization completed in 2236 ms
2025-05-31 18:02:20.441 INFO  [restartedMain] c.t.service.impl.JwtServiceImpl - JwtServiceImpl instantiated
2025-05-31 18:02:20.921 INFO  [restartedMain] o.h.jpa.internal.util.LogHelper - HHH000204: Processing PersistenceUnitInfo [name: default]
2025-05-31 18:02:20.927 INFO  [restartedMain] o.h.c.i.RegionFactoryInitiator - HHH000026: Second-level cache disabled
2025-05-31 18:02:20.973 INFO  [restartedMain] o.s.o.j.p.SpringPersistenceUnitInfo - No LoadTimeWeaver setup: ignoring JPA class transformer
2025-05-31 18:02:20.977 INFO  [restartedMain] com.zaxxer.hikari.HikariDataSource - HikariPool-11 - Starting...
2025-05-31 18:02:21.103 INFO  [restartedMain] com.zaxxer.hikari.pool.HikariPool - HikariPool-11 - Added connection com.mysql.cj.jdbc.ConnectionImpl@5d1bcbcf
2025-05-31 18:02:21.103 INFO  [restartedMain] com.zaxxer.hikari.HikariDataSource - HikariPool-11 - Start completed.
2025-05-31 18:02:21.109 INFO  [restartedMain] o.hibernate.orm.connections.pooling - HHH10001005: Database info:
	Database JDBC URL [Connecting through datasource 'HikariDataSource (HikariPool-11)']
	Database driver: undefined/unknown
	Database version: 8.0.41
	Autocommit mode: undefined/unknown
	Isolation level: undefined/unknown
	Minimum pool size: undefined/unknown
	Maximum pool size: undefined/unknown
2025-05-31 18:02:22.449 INFO  [restartedMain] o.h.e.t.j.p.i.JtaPlatformInitiator - HHH000489: No JTA platform available (set 'hibernate.transaction.jta.platform' to enable JTA platform integration)
2025-05-31 18:02:22.694 INFO  [restartedMain] o.s.o.j.LocalContainerEntityManagerFactoryBean - Initialized JPA EntityManagerFactory for persistence unit 'default'
2025-05-31 18:02:23.711 INFO  [restartedMain] o.s.s.c.a.a.c.InitializeAuthenticationProviderBeanManagerConfigurer$InitializeAuthenticationProviderManagerConfigurer - Global AuthenticationManager configured with AuthenticationProvider bean with name authenticationProvider
2025-05-31 18:02:23.712 WARN  [restartedMain] o.s.s.c.a.a.c.InitializeUserDetailsBeanManagerConfigurer$InitializeUserDetailsManagerConfigurer - Global AuthenticationManager configured with an AuthenticationProvider bean. UserDetailsService beans will not be used by Spring Security for automatically configuring username/password login. Consider removing the AuthenticationProvider bean. Alternatively, consider using the UserDetailsService in a manually instantiated DaoAuthenticationProvider. If the current configuration is intentional, to turn off this warning, increase the logging level of 'org.springframework.security.config.annotation.authentication.configuration.InitializeUserDetailsBeanManagerConfigurer' to ERROR
2025-05-31 18:02:24.473 WARN  [restartedMain] o.s.b.a.o.j.JpaBaseConfiguration$JpaWebConfiguration - spring.jpa.open-in-view is enabled by default. Therefore, database queries may be performed during view rendering. Explicitly configure spring.jpa.open-in-view to disable this warning
2025-05-31 18:02:25.110 INFO  [restartedMain] o.s.b.a.e.web.EndpointLinksResolver - Exposing 15 endpoints beneath base path '/actuator'
2025-05-31 18:02:25.175 INFO  [restartedMain] c.t.config.security.SecurityConfig - SecurityConfig : securityFilterChain() : Execution Start
2025-05-31 18:02:25.208 INFO  [restartedMain] c.t.config.security.SecurityConfig - SecurityConfig : securityFilterChain() : Execution Complete
2025-05-31 18:02:25.990 INFO  [restartedMain] o.s.b.d.a.OptionalLiveReloadServer - LiveReload server is running on port 35729
2025-05-31 18:02:26.027 INFO  [restartedMain] o.a.coyote.http11.Http11NioProtocol - Starting ProtocolHandler ["http-nio-8080"]
2025-05-31 18:02:26.031 INFO  [restartedMain] o.s.b.w.e.tomcat.TomcatWebServer - Tomcat started on port 8080 (http) with context path '/'
2025-05-31 18:02:26.053 INFO  [restartedMain] c.t.TempAgriProject2Application - Started TempAgriProject2Application in 8.5 seconds (process running for 1782.298)
2025-05-31 18:02:26.057 INFO  [restartedMain] o.s.b.d.a.ConditionEvaluationDeltaLoggingListener - Condition evaluation unchanged
2025-05-31 18:02:29.185 INFO  [http-nio-8080-exec-1] o.a.c.c.C.[Tomcat-2].[localhost].[/] - Initializing Spring DispatcherServlet 'dispatcherServlet'
2025-05-31 18:02:29.185 INFO  [http-nio-8080-exec-1] o.s.web.servlet.DispatcherServlet - Initializing Servlet 'dispatcherServlet'
2025-05-31 18:02:29.191 INFO  [http-nio-8080-exec-1] o.s.web.servlet.DispatcherServlet - Completed initialization in 6 ms
2025-05-31 18:02:29.201 INFO  [http-nio-8080-exec-1] c.t.config.security.JwtFilter - JwtFilter : doFilterInternal() : Execution Start
2025-05-31 18:02:29.202 INFO  [http-nio-8080-exec-1] c.t.config.security.JwtFilter - Message :/farmer_app_shopping-
2025-05-31 18:02:29.203 INFO  [http-nio-8080-exec-1] c.t.config.security.JwtFilter - JwtFilter : doFilterInternal() : Execution End
2025-05-31 18:02:29.501 INFO  [http-nio-8080-exec-2] c.t.config.security.JwtFilter - JwtFilter : doFilterInternal() : Execution Start
2025-05-31 18:02:29.501 INFO  [http-nio-8080-exec-2] c.t.config.security.JwtFilter - Message :/favicon.ico
2025-05-31 18:02:29.502 INFO  [http-nio-8080-exec-2] c.t.config.security.JwtFilter - JwtFilter : doFilterInternal() : Execution End
2025-05-31 18:02:31.736 INFO  [http-nio-8080-exec-3] c.t.config.security.JwtFilter - JwtFilter : doFilterInternal() : Execution Start
2025-05-31 18:02:31.736 INFO  [http-nio-8080-exec-3] c.t.config.security.JwtFilter - Message :/farmer_app_shopping-docs
2025-05-31 18:02:31.737 INFO  [http-nio-8080-exec-3] c.t.config.security.JwtFilter - Skipping JWT Filter for: /farmer_app_shopping-docs
2025-05-31 18:02:32.529 INFO  [http-nio-8080-exec-3] o.s.api.AbstractOpenApiResource - Init duration for springdoc-openapi is: 774 ms
2025-05-31 18:02:32.729 INFO  [http-nio-8080-exec-4] c.t.config.security.JwtFilter - JwtFilter : doFilterInternal() : Execution Start
2025-05-31 18:02:32.730 INFO  [http-nio-8080-exec-4] c.t.config.security.JwtFilter - Message :/favicon.ico
2025-05-31 18:02:32.730 INFO  [http-nio-8080-exec-4] c.t.config.security.JwtFilter - JwtFilter : doFilterInternal() : Execution End
2025-05-31 18:02:33.684 INFO  [http-nio-8080-exec-5] c.t.config.security.JwtFilter - JwtFilter : doFilterInternal() : Execution Start
2025-05-31 18:02:33.685 INFO  [http-nio-8080-exec-5] c.t.config.security.JwtFilter - Message :/farmer_app_shopping-docs/
2025-05-31 18:02:33.685 INFO  [http-nio-8080-exec-5] c.t.config.security.JwtFilter - Skipping JWT Filter for: /farmer_app_shopping-docs/
2025-05-31 18:02:33.706 ERROR [http-nio-8080-exec-5] c.t.exception.GlobalExceptionHandler - Exception : No static resource farmer_app_shopping-docs.
2025-05-31 18:02:33.717 WARN  [http-nio-8080-exec-5] o.s.w.s.m.m.a.ExceptionHandlerExceptionResolver - Resolved [org.springframework.web.servlet.resource.NoResourceFoundException: No static resource farmer_app_shopping-docs.]
2025-05-31 18:02:33.933 INFO  [http-nio-8080-exec-6] c.t.config.security.JwtFilter - JwtFilter : doFilterInternal() : Execution Start
2025-05-31 18:02:33.933 INFO  [http-nio-8080-exec-6] c.t.config.security.JwtFilter - Message :/favicon.ico
2025-05-31 18:02:33.934 INFO  [http-nio-8080-exec-6] c.t.config.security.JwtFilter - JwtFilter : doFilterInternal() : Execution End
2025-05-31 18:02:41.054 INFO  [http-nio-8080-exec-7] c.t.config.security.JwtFilter - JwtFilter : doFilterInternal() : Execution Start
2025-05-31 18:02:41.054 INFO  [http-nio-8080-exec-7] c.t.config.security.JwtFilter - Message :/farmer_app_shopping-docs/index.html
2025-05-31 18:02:41.054 INFO  [http-nio-8080-exec-7] c.t.config.security.JwtFilter - Skipping JWT Filter for: /farmer_app_shopping-docs/index.html
2025-05-31 18:02:41.063 ERROR [http-nio-8080-exec-7] c.t.exception.GlobalExceptionHandler - Exception : No OpenAPI resource found for group: index.html
2025-05-31 18:02:41.065 WARN  [http-nio-8080-exec-7] o.s.w.s.m.m.a.ExceptionHandlerExceptionResolver - Resolved [org.springdoc.api.OpenApiResourceNotFoundException: No OpenAPI resource found for group: index.html]
2025-05-31 18:02:41.180 INFO  [http-nio-8080-exec-8] c.t.config.security.JwtFilter - JwtFilter : doFilterInternal() : Execution Start
2025-05-31 18:02:41.180 INFO  [http-nio-8080-exec-8] c.t.config.security.JwtFilter - Message :/favicon.ico
2025-05-31 18:02:41.180 INFO  [http-nio-8080-exec-8] c.t.config.security.JwtFilter - JwtFilter : doFilterInternal() : Execution End
