2025-07-06 23:05:44.962 INFO  [File Watcher] o.s.b.d.a.LocalDevToolsAutoConfiguration$RestartingClassPathChangeChangedEventListener - Restarting due to 2 class path changes (0 additions, 0 deletions, 2 modifications)
2025-07-06 23:05:44.968 INFO  [Thread-121] o.s.c.n.e.s.EurekaServiceRegistry - Unregistering application AGRI-JAVA with eureka with status DOWN
2025-07-06 23:05:44.969 INFO  [Thread-121] c.netflix.discovery.DiscoveryClient - Saw local status change event StatusChangeEvent [timestamp=1751823344969, current=DOWN, previous=UP]
2025-07-06 23:05:44.969 INFO  [DiscoveryClient-InstanceInfoReplicator-%d] c.netflix.discovery.DiscoveryClient - DiscoveryClient_AGRI-JAVA/172.25.210.13:AGRI-JAVA:8080: registering service...
2025-07-06 23:05:44.972 INFO  [Thread-121] o.s.b.w.e.tomcat.GracefulShutdown - Commencing graceful shutdown. Waiting for active requests to complete
2025-07-06 23:05:44.973 INFO  [tomcat-shutdown] o.a.coyote.http11.Http11NioProtocol - Pausing ProtocolHandler ["http-nio-8080"]
2025-07-06 23:05:44.975 INFO  [tomcat-shutdown] o.s.b.w.e.tomcat.GracefulShutdown - Graceful shutdown complete
2025-07-06 23:05:44.976 INFO  [Thread-121] o.a.coyote.http11.Http11NioProtocol - Stopping ProtocolHandler ["http-nio-8080"]
2025-07-06 23:05:44.987 INFO  [DiscoveryClient-InstanceInfoReplicator-%d] c.netflix.discovery.DiscoveryClient - DiscoveryClient_AGRI-JAVA/172.25.210.13:AGRI-JAVA:8080 - registration status: 204
2025-07-06 23:05:45.003 INFO  [Thread-121] o.s.o.j.LocalContainerEntityManagerFactoryBean - Closing JPA EntityManagerFactory for persistence unit 'default'
2025-07-06 23:05:45.004 INFO  [Thread-121] com.zaxxer.hikari.HikariDataSource - HikariPool-22 - Shutdown initiated...
2025-07-06 23:05:45.011 INFO  [Thread-121] com.zaxxer.hikari.HikariDataSource - HikariPool-22 - Shutdown completed.
2025-07-06 23:05:45.014 INFO  [Thread-121] c.netflix.discovery.DiscoveryClient - Shutting down DiscoveryClient ...
2025-07-06 23:05:48.014 INFO  [Thread-121] c.netflix.discovery.DiscoveryClient - Unregistering ...
2025-07-06 23:05:48.025 INFO  [Thread-121] c.netflix.discovery.DiscoveryClient - DiscoveryClient_AGRI-JAVA/172.25.210.13:AGRI-JAVA:8080 - deregister  status: 200
2025-07-06 23:05:48.026 INFO  [Thread-121] c.netflix.discovery.DiscoveryClient - Completed shut down of DiscoveryClient
2025-07-06 23:05:48.374 INFO  [restartedMain] com.farmflow.FarmFlowApplication - Starting FarmFlowApplication using Java 21.0.4 with PID 336797 (/mnt/NewVolume/code/agri-project/FarmFlow/target/classes started by pranjal in /mnt/NewVolume/code/agri-project/FarmFlow)
2025-07-06 23:05:48.375 INFO  [restartedMain] com.farmflow.FarmFlowApplication - No active profile set, falling back to 1 default profile: "default"
2025-07-06 23:05:49.848 INFO  [restartedMain] o.s.d.r.c.RepositoryConfigurationDelegate - Bootstrapping Spring Data JPA repositories in DEFAULT mode.
2025-07-06 23:05:49.998 INFO  [restartedMain] o.s.d.r.c.RepositoryConfigurationDelegate - Finished Spring Data repository scanning in 147 ms. Found 10 JPA repository interfaces.
2025-07-06 23:05:50.243 INFO  [restartedMain] o.s.cloud.context.scope.GenericScope - BeanFactory id=3aa29411-fe5b-3711-8cbd-d96c64c15155
2025-07-06 23:05:51.009 INFO  [restartedMain] o.s.b.w.e.tomcat.TomcatWebServer - Tomcat initialized with port 8080 (http)
2025-07-06 23:05:51.014 INFO  [restartedMain] o.a.coyote.http11.Http11NioProtocol - Initializing ProtocolHandler ["http-nio-8080"]
2025-07-06 23:05:51.014 INFO  [restartedMain] o.a.catalina.core.StandardService - Starting service [Tomcat]
2025-07-06 23:05:51.014 INFO  [restartedMain] o.a.catalina.core.StandardEngine - Starting Servlet engine: [Apache Tomcat/10.1.40]
2025-07-06 23:05:51.052 INFO  [restartedMain] o.a.c.c.C.[Tomcat-4].[localhost].[/] - Initializing Spring embedded WebApplicationContext
2025-07-06 23:05:51.053 INFO  [restartedMain] o.s.b.w.s.c.ServletWebServerApplicationContext - Root WebApplicationContext: initialization completed in 2666 ms
2025-07-06 23:05:51.252 INFO  [restartedMain] c.f.service.impl.JwtServiceImpl - JwtServiceImpl instantiated
2025-07-06 23:05:51.640 INFO  [restartedMain] o.h.jpa.internal.util.LogHelper - HHH000204: Processing PersistenceUnitInfo [name: default]
2025-07-06 23:05:51.646 INFO  [restartedMain] o.h.c.i.RegionFactoryInitiator - HHH000026: Second-level cache disabled
2025-07-06 23:05:51.671 INFO  [restartedMain] o.s.o.j.p.SpringPersistenceUnitInfo - No LoadTimeWeaver setup: ignoring JPA class transformer
2025-07-06 23:05:51.674 INFO  [restartedMain] com.zaxxer.hikari.HikariDataSource - HikariPool-23 - Starting...
2025-07-06 23:05:51.716 INFO  [restartedMain] com.zaxxer.hikari.pool.HikariPool - HikariPool-23 - Added connection com.mysql.cj.jdbc.ConnectionImpl@6197c473
2025-07-06 23:05:51.716 INFO  [restartedMain] com.zaxxer.hikari.HikariDataSource - HikariPool-23 - Start completed.
2025-07-06 23:05:51.719 INFO  [restartedMain] o.hibernate.orm.connections.pooling - HHH10001005: Database info:
	Database JDBC URL [Connecting through datasource 'HikariDataSource (HikariPool-23)']
	Database driver: undefined/unknown
	Database version: 8.0.42
	Autocommit mode: undefined/unknown
	Isolation level: undefined/unknown
	Minimum pool size: undefined/unknown
	Maximum pool size: undefined/unknown
2025-07-06 23:05:52.480 INFO  [restartedMain] o.h.e.t.j.p.i.JtaPlatformInitiator - HHH000489: No JTA platform available (set 'hibernate.transaction.jta.platform' to enable JTA platform integration)
2025-07-06 23:05:52.872 INFO  [restartedMain] o.s.o.j.LocalContainerEntityManagerFactoryBean - Initialized JPA EntityManagerFactory for persistence unit 'default'
2025-07-06 23:05:53.752 INFO  [restartedMain] o.s.s.c.a.a.c.InitializeAuthenticationProviderBeanManagerConfigurer$InitializeAuthenticationProviderManagerConfigurer - Global AuthenticationManager configured with AuthenticationProvider bean with name authenticationProvider
2025-07-06 23:05:53.752 WARN  [restartedMain] o.s.s.c.a.a.c.InitializeUserDetailsBeanManagerConfigurer$InitializeUserDetailsManagerConfigurer - Global AuthenticationManager configured with an AuthenticationProvider bean. UserDetailsService beans will not be used by Spring Security for automatically configuring username/password login. Consider removing the AuthenticationProvider bean. Alternatively, consider using the UserDetailsService in a manually instantiated DaoAuthenticationProvider. If the current configuration is intentional, to turn off this warning, increase the logging level of 'org.springframework.security.config.annotation.authentication.configuration.InitializeUserDetailsBeanManagerConfigurer' to ERROR
2025-07-06 23:05:54.291 WARN  [restartedMain] o.s.b.a.o.j.JpaBaseConfiguration$JpaWebConfiguration - spring.jpa.open-in-view is enabled by default. Therefore, database queries may be performed during view rendering. Explicitly configure spring.jpa.open-in-view to disable this warning
2025-07-06 23:05:54.394 INFO  [restartedMain] o.s.b.d.a.OptionalLiveReloadServer - LiveReload server is running on port 35729
2025-07-06 23:05:54.489 INFO  [restartedMain] o.s.c.o.FeignClientFactoryBean - For 'ML-SERVICE' URL not provided. Will try picking an instance via load-balancing.
2025-07-06 23:05:55.546 INFO  [restartedMain] o.s.b.a.e.web.EndpointLinksResolver - Exposing 18 endpoints beneath base path '/actuator'
2025-07-06 23:05:55.599 INFO  [restartedMain] c.f.config.security.SecurityConfig - SecurityConfig : securityFilterChain() : Execution Start
2025-07-06 23:05:55.630 INFO  [restartedMain] c.f.config.security.SecurityConfig - SecurityConfig : securityFilterChain() : Execution Complete
2025-07-06 23:05:55.799 INFO  [restartedMain] o.s.v.b.OptionalValidatorFactoryBean - Failed to set up a Bean Validation provider: jakarta.validation.NoProviderFoundException: Unable to create a Configuration, because no Jakarta Bean Validation provider could be found. Add a provider like Hibernate Validator (RI) to your classpath.
2025-07-06 23:05:56.433 INFO  [restartedMain] o.s.c.n.e.c.DiscoveryClientOptionalArgsConfiguration - Eureka HTTP Client uses RestTemplate.
2025-07-06 23:05:56.483 WARN  [restartedMain] o.s.c.l.c.LoadBalancerCacheAutoConfiguration$LoadBalancerCaffeineWarnLogger - Spring Cloud LoadBalancer is currently working with the default cache. While this cache implementation is useful for development and tests, it's recommended to use Caffeine cache in production.You can switch to using Caffeine cache, by adding it and org.springframework.cache.caffeine.CaffeineCacheManager to the classpath.
2025-07-06 23:05:56.542 INFO  [restartedMain] o.s.c.n.eureka.InstanceInfoFactory - Setting initial instance status as: STARTING
2025-07-06 23:05:56.547 INFO  [restartedMain] c.netflix.discovery.DiscoveryClient - Initializing Eureka in region us-east-1
2025-07-06 23:05:56.547 INFO  [restartedMain] c.n.d.s.r.aws.ConfigClusterResolver - Resolving eureka endpoints via configuration
2025-07-06 23:05:56.547 INFO  [restartedMain] c.netflix.discovery.DiscoveryClient - Disable delta property : false
2025-07-06 23:05:56.547 INFO  [restartedMain] c.netflix.discovery.DiscoveryClient - Single vip registry refresh property : null
2025-07-06 23:05:56.547 INFO  [restartedMain] c.netflix.discovery.DiscoveryClient - Force full registry fetch : false
2025-07-06 23:05:56.547 INFO  [restartedMain] c.netflix.discovery.DiscoveryClient - Application is null : false
2025-07-06 23:05:56.547 INFO  [restartedMain] c.netflix.discovery.DiscoveryClient - Registered Applications size is zero : true
2025-07-06 23:05:56.547 INFO  [restartedMain] c.netflix.discovery.DiscoveryClient - Application version is -1: true
2025-07-06 23:05:56.547 INFO  [restartedMain] c.netflix.discovery.DiscoveryClient - Getting all instance registry info from the eureka server
2025-07-06 23:05:56.615 INFO  [restartedMain] c.netflix.discovery.DiscoveryClient - The response status is 200
2025-07-06 23:05:56.616 INFO  [restartedMain] c.netflix.discovery.DiscoveryClient - Starting heartbeat executor: renew interval is: 30
2025-07-06 23:05:56.616 INFO  [restartedMain] c.n.discovery.InstanceInfoReplicator - InstanceInfoReplicator onDemand update allowed rate per min is 4
2025-07-06 23:05:56.617 INFO  [restartedMain] c.netflix.discovery.DiscoveryClient - Discovery Client initialized at timestamp 1751823356617 with initial instances count: 1
2025-07-06 23:05:56.639 INFO  [restartedMain] o.s.c.n.e.s.EurekaServiceRegistry - Registering application AGRI-JAVA with eureka with status UP
2025-07-06 23:05:56.639 INFO  [restartedMain] c.netflix.discovery.DiscoveryClient - Saw local status change event StatusChangeEvent [timestamp=1751823356639, current=UP, previous=STARTING]
2025-07-06 23:05:56.640 INFO  [DiscoveryClient-InstanceInfoReplicator-%d] c.netflix.discovery.DiscoveryClient - DiscoveryClient_AGRI-JAVA/172.25.210.13:AGRI-JAVA:8080: registering service...
2025-07-06 23:05:56.640 INFO  [restartedMain] o.a.coyote.http11.Http11NioProtocol - Starting ProtocolHandler ["http-nio-8080"]
2025-07-06 23:05:56.642 INFO  [restartedMain] o.s.b.w.e.tomcat.TomcatWebServer - Tomcat started on port 8080 (http) with context path '/'
2025-07-06 23:05:56.642 INFO  [restartedMain] o.s.c.n.e.s.EurekaAutoServiceRegistration - Updating port to 8080
2025-07-06 23:05:56.656 INFO  [DiscoveryClient-InstanceInfoReplicator-%d] c.netflix.discovery.DiscoveryClient - DiscoveryClient_AGRI-JAVA/172.25.210.13:AGRI-JAVA:8080 - registration status: 204
2025-07-06 23:05:56.698 INFO  [restartedMain] com.farmflow.FarmFlowApplication - Started FarmFlowApplication in 8.492 seconds (process running for 3952.134)
2025-07-06 23:05:56.701 INFO  [restartedMain] o.s.b.d.a.ConditionEvaluationDeltaLoggingListener - Condition evaluation unchanged
