2025-05-31 17:50:00.948 INFO  [File Watcher] o.s.b.d.a.LocalDevToolsAutoConfiguration$RestartingClassPathChangeChangedEventListener - Restarting due to 1 class path change (0 additions, 1 deletion, 0 modifications)
2025-05-31 17:50:00.953 INFO  [Thread-18] o.s.b.w.e.tomcat.GracefulShutdown - Commencing graceful shutdown. Waiting for active requests to complete
2025-05-31 17:50:00.955 INFO  [tomcat-shutdown] o.a.coyote.http11.Http11NioProtocol - Pausing ProtocolHandler ["http-nio-8080"]
2025-05-31 17:50:00.957 INFO  [tomcat-shutdown] o.s.b.w.e.tomcat.GracefulShutdown - Graceful shutdown complete
2025-05-31 17:50:00.957 INFO  [Thread-18] o.a.coyote.http11.Http11NioProtocol - Stopping ProtocolHandler ["http-nio-8080"]
2025-05-31 17:50:00.969 INFO  [Thread-18] o.s.o.j.LocalContainerEntityManagerFactoryBean - Closing JPA EntityManagerFactory for persistence unit 'default'
2025-05-31 17:50:00.971 INFO  [Thread-18] com.zaxxer.hikari.HikariDataSource - HikariPool-6 - Shutdown initiated...
2025-05-31 17:50:00.989 INFO  [Thread-18] com.zaxxer.hikari.HikariDataSource - HikariPool-6 - Shutdown completed.
2025-05-31 17:50:01.262 INFO  [restartedMain] c.t.TempAgriProject2Application - Starting TempAgriProject2Application using Java 21.0.4 with PID 262966 (/media/pranjal/New Volume/CODES/PROJECT/AgriProject/TempAgriProject2/target/classes started by pranjal in /media/pranjal/New Volume/CODES/PROJECT/AgriProject/TempAgriProject2)
2025-05-31 17:50:01.262 INFO  [restartedMain] c.t.TempAgriProject2Application - No active profile set, falling back to 1 default profile: "default"
2025-05-31 17:50:02.485 INFO  [restartedMain] o.s.d.r.c.RepositoryConfigurationDelegate - Bootstrapping Spring Data JPA repositories in DEFAULT mode.
2025-05-31 17:50:02.568 INFO  [restartedMain] o.s.d.r.c.RepositoryConfigurationDelegate - Finished Spring Data repository scanning in 81 ms. Found 10 JPA repository interfaces.
2025-05-31 17:50:03.037 INFO  [restartedMain] o.s.b.w.e.tomcat.TomcatWebServer - Tomcat initialized with port 8080 (http)
2025-05-31 17:50:03.041 INFO  [restartedMain] o.a.coyote.http11.Http11NioProtocol - Initializing ProtocolHandler ["http-nio-8080"]
2025-05-31 17:50:03.041 INFO  [restartedMain] o.a.catalina.core.StandardService - Starting service [Tomcat]
2025-05-31 17:50:03.041 INFO  [restartedMain] o.a.catalina.core.StandardEngine - Starting Servlet engine: [Apache Tomcat/10.1.40]
2025-05-31 17:50:03.063 INFO  [restartedMain] o.a.c.c.C.[Tomcat-2].[localhost].[/] - Initializing Spring embedded WebApplicationContext
2025-05-31 17:50:03.063 INFO  [restartedMain] o.s.b.w.s.c.ServletWebServerApplicationContext - Root WebApplicationContext: initialization completed in 1798 ms
2025-05-31 17:50:03.320 INFO  [restartedMain] c.t.service.impl.JwtServiceImpl - JwtServiceImpl instantiated
2025-05-31 17:50:03.614 INFO  [restartedMain] o.h.jpa.internal.util.LogHelper - HHH000204: Processing PersistenceUnitInfo [name: default]
2025-05-31 17:50:03.617 INFO  [restartedMain] o.h.c.i.RegionFactoryInitiator - HHH000026: Second-level cache disabled
2025-05-31 17:50:03.635 INFO  [restartedMain] o.s.o.j.p.SpringPersistenceUnitInfo - No LoadTimeWeaver setup: ignoring JPA class transformer
2025-05-31 17:50:03.637 INFO  [restartedMain] com.zaxxer.hikari.HikariDataSource - HikariPool-7 - Starting...
2025-05-31 17:50:03.710 INFO  [restartedMain] com.zaxxer.hikari.pool.HikariPool - HikariPool-7 - Added connection com.mysql.cj.jdbc.ConnectionImpl@2a817e3e
2025-05-31 17:50:03.710 INFO  [restartedMain] com.zaxxer.hikari.HikariDataSource - HikariPool-7 - Start completed.
2025-05-31 17:50:03.715 INFO  [restartedMain] o.hibernate.orm.connections.pooling - HHH10001005: Database info:
	Database JDBC URL [Connecting through datasource 'HikariDataSource (HikariPool-7)']
	Database driver: undefined/unknown
	Database version: 8.0.41
	Autocommit mode: undefined/unknown
	Isolation level: undefined/unknown
	Minimum pool size: undefined/unknown
	Maximum pool size: undefined/unknown
2025-05-31 17:50:04.806 INFO  [restartedMain] o.h.e.t.j.p.i.JtaPlatformInitiator - HHH000489: No JTA platform available (set 'hibernate.transaction.jta.platform' to enable JTA platform integration)
2025-05-31 17:50:05.197 INFO  [restartedMain] o.s.o.j.LocalContainerEntityManagerFactoryBean - Initialized JPA EntityManagerFactory for persistence unit 'default'
2025-05-31 17:50:07.250 INFO  [restartedMain] o.s.s.c.a.a.c.InitializeAuthenticationProviderBeanManagerConfigurer$InitializeAuthenticationProviderManagerConfigurer - Global AuthenticationManager configured with AuthenticationProvider bean with name authenticationProvider
2025-05-31 17:50:07.250 WARN  [restartedMain] o.s.s.c.a.a.c.InitializeUserDetailsBeanManagerConfigurer$InitializeUserDetailsManagerConfigurer - Global AuthenticationManager configured with an AuthenticationProvider bean. UserDetailsService beans will not be used by Spring Security for automatically configuring username/password login. Consider removing the AuthenticationProvider bean. Alternatively, consider using the UserDetailsService in a manually instantiated DaoAuthenticationProvider. If the current configuration is intentional, to turn off this warning, increase the logging level of 'org.springframework.security.config.annotation.authentication.configuration.InitializeUserDetailsBeanManagerConfigurer' to ERROR
2025-05-31 17:50:08.816 WARN  [restartedMain] o.s.b.a.o.j.JpaBaseConfiguration$JpaWebConfiguration - spring.jpa.open-in-view is enabled by default. Therefore, database queries may be performed during view rendering. Explicitly configure spring.jpa.open-in-view to disable this warning
2025-05-31 17:50:10.001 INFO  [restartedMain] o.s.b.a.e.web.EndpointLinksResolver - Exposing 15 endpoints beneath base path '/actuator'
2025-05-31 17:50:10.095 INFO  [restartedMain] c.t.config.security.SecurityConfig - SecurityConfig : securityFilterChain() : Execution Start
2025-05-31 17:50:10.156 INFO  [restartedMain] c.t.config.security.SecurityConfig - SecurityConfig : securityFilterChain() : Execution Complete
2025-05-31 17:50:12.211 INFO  [restartedMain] o.s.b.d.a.OptionalLiveReloadServer - LiveReload server is running on port 35729
2025-05-31 17:50:12.356 INFO  [restartedMain] o.a.coyote.http11.Http11NioProtocol - Starting ProtocolHandler ["http-nio-8080"]
2025-05-31 17:50:12.363 INFO  [restartedMain] o.s.b.w.e.tomcat.TomcatWebServer - Tomcat started on port 8080 (http) with context path '/'
2025-05-31 17:50:12.387 INFO  [restartedMain] c.t.TempAgriProject2Application - Started TempAgriProject2Application in 11.245 seconds (process running for 1048.632)
2025-05-31 17:50:12.393 INFO  [restartedMain] o.s.b.d.a.ConditionEvaluationDeltaLoggingListener - Condition evaluation unchanged
2025-05-31 17:50:20.764 INFO  [http-nio-8080-exec-1] o.a.c.c.C.[Tomcat-2].[localhost].[/] - Initializing Spring DispatcherServlet 'dispatcherServlet'
2025-05-31 17:50:20.764 INFO  [http-nio-8080-exec-1] o.s.web.servlet.DispatcherServlet - Initializing Servlet 'dispatcherServlet'
2025-05-31 17:50:20.770 INFO  [http-nio-8080-exec-1] o.s.web.servlet.DispatcherServlet - Completed initialization in 5 ms
2025-05-31 17:50:20.779 INFO  [http-nio-8080-exec-1] c.t.config.security.JwtFilter - JwtFilter : doFilterInternal() : Execution Start
2025-05-31 17:50:20.780 INFO  [http-nio-8080-exec-1] c.t.config.security.JwtFilter - Message :/swagger-ssui/
2025-05-31 17:50:20.781 INFO  [http-nio-8080-exec-1] c.t.config.security.JwtFilter - JwtFilter : doFilterInternal() : Execution End
2025-05-31 17:50:20.957 INFO  [http-nio-8080-exec-2] c.t.config.security.JwtFilter - JwtFilter : doFilterInternal() : Execution Start
2025-05-31 17:50:20.958 INFO  [http-nio-8080-exec-2] c.t.config.security.JwtFilter - Message :/favicon.ico
2025-05-31 17:50:20.958 INFO  [http-nio-8080-exec-2] c.t.config.security.JwtFilter - JwtFilter : doFilterInternal() : Execution End
2025-05-31 17:50:21.902 INFO  [File Watcher] o.s.b.d.a.LocalDevToolsAutoConfiguration$RestartingClassPathChangeChangedEventListener - Restarting due to 1 class path change (0 additions, 1 deletion, 0 modifications)
2025-05-31 17:50:21.905 INFO  [Thread-25] o.s.b.w.e.tomcat.GracefulShutdown - Commencing graceful shutdown. Waiting for active requests to complete
2025-05-31 17:50:21.907 INFO  [tomcat-shutdown] o.a.coyote.http11.Http11NioProtocol - Pausing ProtocolHandler ["http-nio-8080"]
2025-05-31 17:50:21.908 INFO  [tomcat-shutdown] o.s.b.w.e.tomcat.GracefulShutdown - Graceful shutdown complete
2025-05-31 17:50:21.909 INFO  [Thread-25] o.a.coyote.http11.Http11NioProtocol - Stopping ProtocolHandler ["http-nio-8080"]
2025-05-31 17:50:21.917 INFO  [Thread-25] o.s.o.j.LocalContainerEntityManagerFactoryBean - Closing JPA EntityManagerFactory for persistence unit 'default'
2025-05-31 17:50:21.919 INFO  [Thread-25] com.zaxxer.hikari.HikariDataSource - HikariPool-7 - Shutdown initiated...
2025-05-31 17:50:21.927 INFO  [Thread-25] com.zaxxer.hikari.HikariDataSource - HikariPool-7 - Shutdown completed.
2025-05-31 17:50:22.185 INFO  [restartedMain] c.t.TempAgriProject2Application - Starting TempAgriProject2Application using Java 21.0.4 with PID 262966 (/media/pranjal/New Volume/CODES/PROJECT/AgriProject/TempAgriProject2/target/classes started by pranjal in /media/pranjal/New Volume/CODES/PROJECT/AgriProject/TempAgriProject2)
2025-05-31 17:50:22.186 INFO  [restartedMain] c.t.TempAgriProject2Application - No active profile set, falling back to 1 default profile: "default"
2025-05-31 17:50:22.823 INFO  [restartedMain] o.s.d.r.c.RepositoryConfigurationDelegate - Bootstrapping Spring Data JPA repositories in DEFAULT mode.
2025-05-31 17:50:22.863 INFO  [restartedMain] o.s.d.r.c.RepositoryConfigurationDelegate - Finished Spring Data repository scanning in 38 ms. Found 10 JPA repository interfaces.
2025-05-31 17:50:23.362 INFO  [restartedMain] o.s.b.w.e.tomcat.TomcatWebServer - Tomcat initialized with port 8080 (http)
2025-05-31 17:50:23.364 INFO  [restartedMain] o.a.coyote.http11.Http11NioProtocol - Initializing ProtocolHandler ["http-nio-8080"]
2025-05-31 17:50:23.364 INFO  [restartedMain] o.a.catalina.core.StandardService - Starting service [Tomcat]
2025-05-31 17:50:23.364 INFO  [restartedMain] o.a.catalina.core.StandardEngine - Starting Servlet engine: [Apache Tomcat/10.1.40]
2025-05-31 17:50:23.390 INFO  [restartedMain] o.a.c.c.C.[Tomcat-2].[localhost].[/] - Initializing Spring embedded WebApplicationContext
2025-05-31 17:50:23.390 INFO  [restartedMain] o.s.b.w.s.c.ServletWebServerApplicationContext - Root WebApplicationContext: initialization completed in 1200 ms
2025-05-31 17:50:23.590 INFO  [restartedMain] c.t.service.impl.JwtServiceImpl - JwtServiceImpl instantiated
2025-05-31 17:50:23.838 INFO  [restartedMain] o.h.jpa.internal.util.LogHelper - HHH000204: Processing PersistenceUnitInfo [name: default]
2025-05-31 17:50:23.840 INFO  [restartedMain] o.h.c.i.RegionFactoryInitiator - HHH000026: Second-level cache disabled
2025-05-31 17:50:23.856 INFO  [restartedMain] o.s.o.j.p.SpringPersistenceUnitInfo - No LoadTimeWeaver setup: ignoring JPA class transformer
2025-05-31 17:50:23.857 INFO  [restartedMain] com.zaxxer.hikari.HikariDataSource - HikariPool-8 - Starting...
2025-05-31 17:50:23.890 INFO  [restartedMain] com.zaxxer.hikari.pool.HikariPool - HikariPool-8 - Added connection com.mysql.cj.jdbc.ConnectionImpl@8ec14a0
2025-05-31 17:50:23.890 INFO  [restartedMain] com.zaxxer.hikari.HikariDataSource - HikariPool-8 - Start completed.
2025-05-31 17:50:23.892 INFO  [restartedMain] o.hibernate.orm.connections.pooling - HHH10001005: Database info:
	Database JDBC URL [Connecting through datasource 'HikariDataSource (HikariPool-8)']
	Database driver: undefined/unknown
	Database version: 8.0.41
	Autocommit mode: undefined/unknown
	Isolation level: undefined/unknown
	Minimum pool size: undefined/unknown
	Maximum pool size: undefined/unknown
2025-05-31 17:50:24.905 INFO  [restartedMain] o.h.e.t.j.p.i.JtaPlatformInitiator - HHH000489: No JTA platform available (set 'hibernate.transaction.jta.platform' to enable JTA platform integration)
2025-05-31 17:50:25.070 INFO  [restartedMain] o.s.o.j.LocalContainerEntityManagerFactoryBean - Initialized JPA EntityManagerFactory for persistence unit 'default'
2025-05-31 17:50:26.054 INFO  [restartedMain] o.s.s.c.a.a.c.InitializeAuthenticationProviderBeanManagerConfigurer$InitializeAuthenticationProviderManagerConfigurer - Global AuthenticationManager configured with AuthenticationProvider bean with name authenticationProvider
2025-05-31 17:50:26.054 WARN  [restartedMain] o.s.s.c.a.a.c.InitializeUserDetailsBeanManagerConfigurer$InitializeUserDetailsManagerConfigurer - Global AuthenticationManager configured with an AuthenticationProvider bean. UserDetailsService beans will not be used by Spring Security for automatically configuring username/password login. Consider removing the AuthenticationProvider bean. Alternatively, consider using the UserDetailsService in a manually instantiated DaoAuthenticationProvider. If the current configuration is intentional, to turn off this warning, increase the logging level of 'org.springframework.security.config.annotation.authentication.configuration.InitializeUserDetailsBeanManagerConfigurer' to ERROR
2025-05-31 17:50:27.144 WARN  [restartedMain] o.s.b.a.o.j.JpaBaseConfiguration$JpaWebConfiguration - spring.jpa.open-in-view is enabled by default. Therefore, database queries may be performed during view rendering. Explicitly configure spring.jpa.open-in-view to disable this warning
2025-05-31 17:50:27.827 INFO  [restartedMain] o.s.b.a.e.web.EndpointLinksResolver - Exposing 15 endpoints beneath base path '/actuator'
2025-05-31 17:50:27.881 INFO  [restartedMain] c.t.config.security.SecurityConfig - SecurityConfig : securityFilterChain() : Execution Start
2025-05-31 17:50:27.910 INFO  [restartedMain] c.t.config.security.SecurityConfig - SecurityConfig : securityFilterChain() : Execution Complete
2025-05-31 17:50:28.810 INFO  [restartedMain] o.s.b.d.a.OptionalLiveReloadServer - LiveReload server is running on port 35729
2025-05-31 17:50:28.875 INFO  [restartedMain] o.a.coyote.http11.Http11NioProtocol - Starting ProtocolHandler ["http-nio-8080"]
2025-05-31 17:50:28.881 INFO  [restartedMain] o.s.b.w.e.tomcat.TomcatWebServer - Tomcat started on port 8080 (http) with context path '/'
2025-05-31 17:50:28.904 INFO  [restartedMain] c.t.TempAgriProject2Application - Started TempAgriProject2Application in 6.802 seconds (process running for 1065.149)
2025-05-31 17:50:28.911 INFO  [restartedMain] o.s.b.d.a.ConditionEvaluationDeltaLoggingListener - Condition evaluation unchanged
2025-05-31 17:50:30.566 INFO  [http-nio-8080-exec-1] o.a.c.c.C.[Tomcat-2].[localhost].[/] - Initializing Spring DispatcherServlet 'dispatcherServlet'
2025-05-31 17:50:30.567 INFO  [http-nio-8080-exec-1] o.s.web.servlet.DispatcherServlet - Initializing Servlet 'dispatcherServlet'
2025-05-31 17:50:30.572 INFO  [http-nio-8080-exec-1] o.s.web.servlet.DispatcherServlet - Completed initialization in 5 ms
2025-05-31 17:50:30.580 INFO  [http-nio-8080-exec-1] c.t.config.security.JwtFilter - JwtFilter : doFilterInternal() : Execution Start
2025-05-31 17:50:30.580 INFO  [http-nio-8080-exec-1] c.t.config.security.JwtFilter - Message :/swagger-ssui/
2025-05-31 17:50:30.583 INFO  [http-nio-8080-exec-1] c.t.config.security.JwtFilter - JwtFilter : doFilterInternal() : Execution End
2025-05-31 17:50:30.711 INFO  [http-nio-8080-exec-2] c.t.config.security.JwtFilter - JwtFilter : doFilterInternal() : Execution Start
2025-05-31 17:50:30.711 INFO  [http-nio-8080-exec-2] c.t.config.security.JwtFilter - Message :/favicon.ico
2025-05-31 17:50:30.711 INFO  [http-nio-8080-exec-2] c.t.config.security.JwtFilter - JwtFilter : doFilterInternal() : Execution End
2025-05-31 17:50:31.518 INFO  [http-nio-8080-exec-3] c.t.config.security.JwtFilter - JwtFilter : doFilterInternal() : Execution Start
2025-05-31 17:50:31.518 INFO  [http-nio-8080-exec-3] c.t.config.security.JwtFilter - Message :/swagger-ssui/
2025-05-31 17:50:31.519 INFO  [http-nio-8080-exec-3] c.t.config.security.JwtFilter - JwtFilter : doFilterInternal() : Execution End
2025-05-31 17:50:31.631 INFO  [http-nio-8080-exec-4] c.t.config.security.JwtFilter - JwtFilter : doFilterInternal() : Execution Start
2025-05-31 17:50:31.631 INFO  [http-nio-8080-exec-4] c.t.config.security.JwtFilter - Message :/favicon.ico
2025-05-31 17:50:31.631 INFO  [http-nio-8080-exec-4] c.t.config.security.JwtFilter - JwtFilter : doFilterInternal() : Execution End
2025-05-31 17:50:36.408 INFO  [http-nio-8080-exec-5] c.t.config.security.JwtFilter - JwtFilter : doFilterInternal() : Execution Start
2025-05-31 17:50:36.409 INFO  [http-nio-8080-exec-5] c.t.config.security.JwtFilter - Message :/swagger-ui/
2025-05-31 17:50:36.409 INFO  [http-nio-8080-exec-5] c.t.config.security.JwtFilter - JwtFilter : doFilterInternal() : Execution End
2025-05-31 17:50:36.415 ERROR [http-nio-8080-exec-5] c.t.exception.GlobalExceptionHandler - Exception : No static resource swagger-ui.
2025-05-31 17:50:36.423 WARN  [http-nio-8080-exec-5] o.s.w.s.m.m.a.ExceptionHandlerExceptionResolver - Resolved [org.springframework.web.servlet.resource.NoResourceFoundException: No static resource swagger-ui.]
2025-05-31 17:50:36.544 INFO  [http-nio-8080-exec-6] c.t.config.security.JwtFilter - JwtFilter : doFilterInternal() : Execution Start
2025-05-31 17:50:36.544 INFO  [http-nio-8080-exec-6] c.t.config.security.JwtFilter - Message :/favicon.ico
2025-05-31 17:50:36.544 INFO  [http-nio-8080-exec-6] c.t.config.security.JwtFilter - JwtFilter : doFilterInternal() : Execution End
2025-05-31 17:50:39.930 INFO  [http-nio-8080-exec-7] c.t.config.security.JwtFilter - JwtFilter : doFilterInternal() : Execution Start
2025-05-31 17:50:39.930 INFO  [http-nio-8080-exec-7] c.t.config.security.JwtFilter - Message :/swagger-ui/index.html
2025-05-31 17:50:39.931 INFO  [http-nio-8080-exec-7] c.t.config.security.JwtFilter - JwtFilter : doFilterInternal() : Execution End
2025-05-31 17:50:39.937 ERROR [http-nio-8080-exec-7] c.t.exception.GlobalExceptionHandler - Exception : No static resource swagger-ui/index.html.
2025-05-31 17:50:39.939 WARN  [http-nio-8080-exec-7] o.s.w.s.m.m.a.ExceptionHandlerExceptionResolver - Resolved [org.springframework.web.servlet.resource.NoResourceFoundException: No static resource swagger-ui/index.html.]
2025-05-31 17:50:40.061 INFO  [http-nio-8080-exec-8] c.t.config.security.JwtFilter - JwtFilter : doFilterInternal() : Execution Start
2025-05-31 17:50:40.062 INFO  [http-nio-8080-exec-8] c.t.config.security.JwtFilter - Message :/favicon.ico
2025-05-31 17:50:40.062 INFO  [http-nio-8080-exec-8] c.t.config.security.JwtFilter - JwtFilter : doFilterInternal() : Execution End
2025-05-31 17:50:55.947 INFO  [http-nio-8080-exec-9] c.t.config.security.JwtFilter - JwtFilter : doFilterInternal() : Execution Start
2025-05-31 17:50:55.947 INFO  [http-nio-8080-exec-9] c.t.config.security.JwtFilter - Message :/farmer_app_shopping-docs
2025-05-31 17:50:55.947 INFO  [http-nio-8080-exec-9] c.t.config.security.JwtFilter - Skipping JWT Filter for: /farmer_app_shopping-docs
2025-05-31 17:50:56.870 INFO  [http-nio-8080-exec-9] o.s.api.AbstractOpenApiResource - Init duration for springdoc-openapi is: 913 ms
2025-05-31 17:50:57.005 INFO  [http-nio-8080-exec-10] c.t.config.security.JwtFilter - JwtFilter : doFilterInternal() : Execution Start
2025-05-31 17:50:57.005 INFO  [http-nio-8080-exec-10] c.t.config.security.JwtFilter - Message :/favicon.ico
2025-05-31 17:50:57.005 INFO  [http-nio-8080-exec-10] c.t.config.security.JwtFilter - JwtFilter : doFilterInternal() : Execution End
2025-05-31 17:50:58.801 INFO  [http-nio-8080-exec-1] c.t.config.security.JwtFilter - JwtFilter : doFilterInternal() : Execution Start
2025-05-31 17:50:58.801 INFO  [http-nio-8080-exec-1] c.t.config.security.JwtFilter - Message :/farmer_app_shopping-docs/
2025-05-31 17:50:58.801 INFO  [http-nio-8080-exec-1] c.t.config.security.JwtFilter - Skipping JWT Filter for: /farmer_app_shopping-docs/
2025-05-31 17:50:58.912 INFO  [http-nio-8080-exec-2] c.t.config.security.JwtFilter - JwtFilter : doFilterInternal() : Execution Start
2025-05-31 17:50:58.912 INFO  [http-nio-8080-exec-2] c.t.config.security.JwtFilter - Message :/favicon.ico
2025-05-31 17:50:58.912 INFO  [http-nio-8080-exec-2] c.t.config.security.JwtFilter - JwtFilter : doFilterInternal() : Execution End
