2025-07-06 23:28:15.285 INFO  [restartedMain] com.farmflow.FarmFlowApplication - Starting FarmFlowApplication using Java 21.0.4 with PID 336797 (/mnt/NewVolume/code/agri-project/FarmFlow/target/classes started by pranjal in /mnt/NewVolume/code/agri-project/FarmFlow)
2025-07-06 23:28:15.304 INFO  [restartedMain] com.farmflow.FarmFlowApplication - No active profile set, falling back to 1 default profile: "default"
2025-07-06 23:28:17.132 INFO  [restartedMain] o.s.d.r.c.RepositoryConfigurationDelegate - Bootstrapping Spring Data JPA repositories in DEFAULT mode.
2025-07-06 23:28:17.372 INFO  [restartedMain] o.s.d.r.c.RepositoryConfigurationDelegate - Finished Spring Data repository scanning in 238 ms. Found 10 JPA repository interfaces.
2025-07-06 23:28:17.725 INFO  [restartedMain] o.s.cloud.context.scope.GenericScope - BeanFactory id=5a7ecac0-c89a-33c0-8526-ddf1fb7ad915
2025-07-06 23:28:18.448 INFO  [restartedMain] o.s.b.w.e.tomcat.TomcatWebServer - Tomcat initialized with port 8080 (http)
2025-07-06 23:28:18.450 INFO  [restartedMain] o.a.coyote.http11.Http11NioProtocol - Initializing ProtocolHandler ["http-nio-8080"]
2025-07-06 23:28:18.450 INFO  [restartedMain] o.a.catalina.core.StandardService - Starting service [Tomcat]
2025-07-06 23:28:18.450 INFO  [restartedMain] o.a.catalina.core.StandardEngine - Starting Servlet engine: [Apache Tomcat/10.1.40]
2025-07-06 23:28:18.472 INFO  [restartedMain] o.a.c.c.C.[.[localhost].[/] - Initializing Spring embedded WebApplicationContext
2025-07-06 23:28:18.473 INFO  [restartedMain] o.s.b.w.s.c.ServletWebServerApplicationContext - Root WebApplicationContext: initialization completed in 3164 ms
2025-07-06 23:28:18.621 INFO  [restartedMain] c.f.service.impl.JwtServiceImpl - JwtServiceImpl instantiated
2025-07-06 23:28:18.937 INFO  [restartedMain] o.h.jpa.internal.util.LogHelper - HHH000204: Processing PersistenceUnitInfo [name: default]
2025-07-06 23:28:18.942 INFO  [restartedMain] o.h.c.i.RegionFactoryInitiator - HHH000026: Second-level cache disabled
2025-07-06 23:28:18.956 INFO  [restartedMain] o.s.o.j.p.SpringPersistenceUnitInfo - No LoadTimeWeaver setup: ignoring JPA class transformer
2025-07-06 23:28:18.957 INFO  [restartedMain] com.zaxxer.hikari.HikariDataSource - HikariPool-32 - Starting...
2025-07-06 23:28:18.988 INFO  [restartedMain] com.zaxxer.hikari.pool.HikariPool - HikariPool-32 - Added connection com.mysql.cj.jdbc.ConnectionImpl@65c3ef27
2025-07-06 23:28:18.988 INFO  [restartedMain] com.zaxxer.hikari.HikariDataSource - HikariPool-32 - Start completed.
2025-07-06 23:28:18.993 INFO  [restartedMain] o.hibernate.orm.connections.pooling - HHH10001005: Database info:
	Database JDBC URL [Connecting through datasource 'HikariDataSource (HikariPool-32)']
	Database driver: undefined/unknown
	Database version: 8.0.42
	Autocommit mode: undefined/unknown
	Isolation level: undefined/unknown
	Minimum pool size: undefined/unknown
	Maximum pool size: undefined/unknown
2025-07-06 23:28:19.661 INFO  [restartedMain] o.h.e.t.j.p.i.JtaPlatformInitiator - HHH000489: No JTA platform available (set 'hibernate.transaction.jta.platform' to enable JTA platform integration)
2025-07-06 23:28:19.755 INFO  [restartedMain] o.s.o.j.LocalContainerEntityManagerFactoryBean - Initialized JPA EntityManagerFactory for persistence unit 'default'
2025-07-06 23:28:20.064 WARN  [restartedMain] o.s.b.w.s.c.AnnotationConfigServletWebServerApplicationContext - Exception encountered during context initialization - cancelling refresh attempt: org.springframework.beans.factory.UnsatisfiedDependencyException: Error creating bean with name 'addressController' defined in file [/mnt/NewVolume/code/agri-project/FarmFlow/target/classes/com/farmflow/controller/AddressController.class]: Unsatisfied dependency expressed through constructor parameter 0: Error creating bean with name 'addressServiceImpl' defined in file [/mnt/NewVolume/code/agri-project/FarmFlow/target/classes/com/farmflow/service/impl/AddressServiceImpl.class]: Post-processing of merged bean definition failed
2025-07-06 23:28:20.064 INFO  [restartedMain] o.s.o.j.LocalContainerEntityManagerFactoryBean - Closing JPA EntityManagerFactory for persistence unit 'default'
2025-07-06 23:28:20.064 INFO  [restartedMain] com.zaxxer.hikari.HikariDataSource - HikariPool-32 - Shutdown initiated...
2025-07-06 23:28:20.074 INFO  [restartedMain] com.zaxxer.hikari.HikariDataSource - HikariPool-32 - Shutdown completed.
2025-07-06 23:28:20.076 INFO  [restartedMain] o.a.catalina.core.StandardService - Stopping service [Tomcat]
2025-07-06 23:28:20.086 INFO  [restartedMain] o.s.b.a.l.ConditionEvaluationReportLogger - 

Error starting ApplicationContext. To display the condition evaluation report re-run your application with 'debug' enabled.
2025-07-06 23:28:20.090 ERROR [restartedMain] o.s.boot.SpringApplication - Application run failed
org.springframework.beans.factory.UnsatisfiedDependencyException: Error creating bean with name 'addressController' defined in file [/mnt/NewVolume/code/agri-project/FarmFlow/target/classes/com/farmflow/controller/AddressController.class]: Unsatisfied dependency expressed through constructor parameter 0: Error creating bean with name 'addressServiceImpl' defined in file [/mnt/NewVolume/code/agri-project/FarmFlow/target/classes/com/farmflow/service/impl/AddressServiceImpl.class]: Post-processing of merged bean definition failed
	at org.springframework.beans.factory.support.ConstructorResolver.createArgumentArray(ConstructorResolver.java:804)
	at org.springframework.beans.factory.support.ConstructorResolver.autowireConstructor(ConstructorResolver.java:240)
	at org.springframework.beans.factory.support.AbstractAutowireCapableBeanFactory.autowireConstructor(AbstractAutowireCapableBeanFactory.java:1387)
	at org.springframework.beans.factory.support.AbstractAutowireCapableBeanFactory.createBeanInstance(AbstractAutowireCapableBeanFactory.java:1224)
	at org.springframework.beans.factory.support.AbstractAutowireCapableBeanFactory.doCreateBean(AbstractAutowireCapableBeanFactory.java:569)
	at org.springframework.beans.factory.support.AbstractAutowireCapableBeanFactory.createBean(AbstractAutowireCapableBeanFactory.java:529)
	at org.springframework.beans.factory.support.AbstractBeanFactory.lambda$doGetBean$0(AbstractBeanFactory.java:339)
	at org.springframework.beans.factory.support.DefaultSingletonBeanRegistry.getSingleton(DefaultSingletonBeanRegistry.java:371)
	at org.springframework.beans.factory.support.AbstractBeanFactory.doGetBean(AbstractBeanFactory.java:337)
	at org.springframework.beans.factory.support.AbstractBeanFactory.getBean(AbstractBeanFactory.java:202)
	at org.springframework.beans.factory.support.DefaultListableBeanFactory.instantiateSingleton(DefaultListableBeanFactory.java:1221)
	at org.springframework.beans.factory.support.DefaultListableBeanFactory.preInstantiateSingleton(DefaultListableBeanFactory.java:1187)
	at org.springframework.beans.factory.support.DefaultListableBeanFactory.preInstantiateSingletons(DefaultListableBeanFactory.java:1122)
	at org.springframework.context.support.AbstractApplicationContext.finishBeanFactoryInitialization(AbstractApplicationContext.java:987)
	at org.springframework.context.support.AbstractApplicationContext.refresh(AbstractApplicationContext.java:627)
	at org.springframework.boot.web.servlet.context.ServletWebServerApplicationContext.refresh(ServletWebServerApplicationContext.java:146)
	at org.springframework.boot.SpringApplication.refresh(SpringApplication.java:753)
	at org.springframework.boot.SpringApplication.refreshContext(SpringApplication.java:439)
	at org.springframework.boot.SpringApplication.run(SpringApplication.java:318)
	at org.springframework.boot.SpringApplication.run(SpringApplication.java:1362)
	at org.springframework.boot.SpringApplication.run(SpringApplication.java:1351)
	at com.farmflow.FarmFlowApplication.main(FarmFlowApplication.java:16)
	at java.base/jdk.internal.reflect.DirectMethodHandleAccessor.invoke(DirectMethodHandleAccessor.java:103)
	at java.base/java.lang.reflect.Method.invoke(Method.java:580)
	at org.springframework.boot.devtools.restart.RestartLauncher.run(RestartLauncher.java:50)
Caused by: org.springframework.beans.factory.BeanCreationException: Error creating bean with name 'addressServiceImpl' defined in file [/mnt/NewVolume/code/agri-project/FarmFlow/target/classes/com/farmflow/service/impl/AddressServiceImpl.class]: Post-processing of merged bean definition failed
	at org.springframework.beans.factory.support.AbstractAutowireCapableBeanFactory.doCreateBean(AbstractAutowireCapableBeanFactory.java:584)
	at org.springframework.beans.factory.support.AbstractAutowireCapableBeanFactory.createBean(AbstractAutowireCapableBeanFactory.java:529)
	at org.springframework.beans.factory.support.AbstractBeanFactory.lambda$doGetBean$0(AbstractBeanFactory.java:339)
	at org.springframework.beans.factory.support.DefaultSingletonBeanRegistry.getSingleton(DefaultSingletonBeanRegistry.java:371)
	at org.springframework.beans.factory.support.AbstractBeanFactory.doGetBean(AbstractBeanFactory.java:337)
	at org.springframework.beans.factory.support.AbstractBeanFactory.getBean(AbstractBeanFactory.java:202)
	at org.springframework.beans.factory.config.DependencyDescriptor.resolveCandidate(DependencyDescriptor.java:254)
	at org.springframework.beans.factory.support.DefaultListableBeanFactory.doResolveDependency(DefaultListableBeanFactory.java:1739)
	at org.springframework.beans.factory.support.DefaultListableBeanFactory.resolveDependency(DefaultListableBeanFactory.java:1627)
	at org.springframework.beans.factory.support.ConstructorResolver.resolveAutowiredArgument(ConstructorResolver.java:913)
	at org.springframework.beans.factory.support.ConstructorResolver.createArgumentArray(ConstructorResolver.java:791)
	... 24 common frames omitted
Caused by: java.lang.IllegalStateException: Failed to introspect Class [com.farmflow.service.impl.AddressServiceImpl] from ClassLoader [org.springframework.boot.devtools.restart.classloader.RestartClassLoader@357edfee]
	at org.springframework.util.ReflectionUtils.getDeclaredFields(ReflectionUtils.java:756)
	at org.springframework.util.ReflectionUtils.doWithLocalFields(ReflectionUtils.java:689)
	at org.springframework.orm.jpa.support.PersistenceAnnotationBeanPostProcessor.buildPersistenceMetadata(PersistenceAnnotationBeanPostProcessor.java:437)
	at org.springframework.orm.jpa.support.PersistenceAnnotationBeanPostProcessor.findPersistenceMetadata(PersistenceAnnotationBeanPostProcessor.java:418)
	at org.springframework.orm.jpa.support.PersistenceAnnotationBeanPostProcessor.findInjectionMetadata(PersistenceAnnotationBeanPostProcessor.java:377)
	at org.springframework.orm.jpa.support.PersistenceAnnotationBeanPostProcessor.postProcessMergedBeanDefinition(PersistenceAnnotationBeanPostProcessor.java:353)
	at org.springframework.beans.factory.support.AbstractAutowireCapableBeanFactory.applyMergedBeanDefinitionPostProcessors(AbstractAutowireCapableBeanFactory.java:1115)
	at org.springframework.beans.factory.support.AbstractAutowireCapableBeanFactory.doCreateBean(AbstractAutowireCapableBeanFactory.java:581)
	... 34 common frames omitted
Caused by: java.lang.NoClassDefFoundError: com/farmflow/service/AuthService
	at java.base/java.lang.Class.getDeclaredFields0(Native Method)
	at java.base/java.lang.Class.privateGetDeclaredFields(Class.java:3473)
	at java.base/java.lang.Class.getDeclaredFields(Class.java:2542)
	at org.springframework.util.ReflectionUtils.getDeclaredFields(ReflectionUtils.java:751)
	... 41 common frames omitted
Caused by: java.lang.ClassNotFoundException: com.farmflow.service.AuthService
	at java.base/jdk.internal.loader.BuiltinClassLoader.loadClass(BuiltinClassLoader.java:641)
	at java.base/jdk.internal.loader.ClassLoaders$AppClassLoader.loadClass(ClassLoaders.java:188)
	at java.base/java.lang.ClassLoader.loadClass(ClassLoader.java:526)
	at java.base/java.lang.Class.forName0(Native Method)
	at java.base/java.lang.Class.forName(Class.java:534)
	at java.base/java.lang.Class.forName(Class.java:513)
	at org.springframework.boot.devtools.restart.classloader.RestartClassLoader.loadClass(RestartClassLoader.java:121)
	at java.base/java.lang.ClassLoader.loadClass(ClassLoader.java:526)
	... 45 common frames omitted
2025-07-06 23:28:48.508 INFO  [restartedMain] com.farmflow.FarmFlowApplication - Starting FarmFlowApplication using Java 21.0.4 with PID 336797 (/mnt/NewVolume/code/agri-project/FarmFlow/target/classes started by pranjal in /mnt/NewVolume/code/agri-project/FarmFlow)
2025-07-06 23:28:48.508 INFO  [restartedMain] com.farmflow.FarmFlowApplication - No active profile set, falling back to 1 default profile: "default"
2025-07-06 23:28:49.960 INFO  [restartedMain] o.s.d.r.c.RepositoryConfigurationDelegate - Bootstrapping Spring Data JPA repositories in DEFAULT mode.
2025-07-06 23:28:50.053 INFO  [restartedMain] o.s.d.r.c.RepositoryConfigurationDelegate - Finished Spring Data repository scanning in 92 ms. Found 10 JPA repository interfaces.
2025-07-06 23:28:50.201 INFO  [restartedMain] o.s.cloud.context.scope.GenericScope - BeanFactory id=41ce46e3-1ede-3d98-8875-dbf2070b74cd
2025-07-06 23:28:50.475 INFO  [restartedMain] o.s.b.w.e.tomcat.TomcatWebServer - Tomcat initialized with port 8080 (http)
2025-07-06 23:28:50.476 INFO  [restartedMain] o.a.coyote.http11.Http11NioProtocol - Initializing ProtocolHandler ["http-nio-8080"]
2025-07-06 23:28:50.476 INFO  [restartedMain] o.a.catalina.core.StandardService - Starting service [Tomcat]
2025-07-06 23:28:50.476 INFO  [restartedMain] o.a.catalina.core.StandardEngine - Starting Servlet engine: [Apache Tomcat/10.1.40]
2025-07-06 23:28:50.511 INFO  [restartedMain] o.a.c.c.C.[.[localhost].[/] - Initializing Spring embedded WebApplicationContext
2025-07-06 23:28:50.512 INFO  [restartedMain] o.s.b.w.s.c.ServletWebServerApplicationContext - Root WebApplicationContext: initialization completed in 2001 ms
2025-07-06 23:28:50.795 INFO  [restartedMain] c.f.service.impl.JwtServiceImpl - JwtServiceImpl instantiated
2025-07-06 23:28:51.275 INFO  [restartedMain] o.h.jpa.internal.util.LogHelper - HHH000204: Processing PersistenceUnitInfo [name: default]
2025-07-06 23:28:51.279 INFO  [restartedMain] o.h.c.i.RegionFactoryInitiator - HHH000026: Second-level cache disabled
2025-07-06 23:28:51.289 INFO  [restartedMain] o.s.o.j.p.SpringPersistenceUnitInfo - No LoadTimeWeaver setup: ignoring JPA class transformer
2025-07-06 23:28:51.290 INFO  [restartedMain] com.zaxxer.hikari.HikariDataSource - HikariPool-33 - Starting...
2025-07-06 23:28:51.318 INFO  [restartedMain] com.zaxxer.hikari.pool.HikariPool - HikariPool-33 - Added connection com.mysql.cj.jdbc.ConnectionImpl@9d431d1
2025-07-06 23:28:51.319 INFO  [restartedMain] com.zaxxer.hikari.HikariDataSource - HikariPool-33 - Start completed.
2025-07-06 23:28:51.321 INFO  [restartedMain] o.hibernate.orm.connections.pooling - HHH10001005: Database info:
	Database JDBC URL [Connecting through datasource 'HikariDataSource (HikariPool-33)']
	Database driver: undefined/unknown
	Database version: 8.0.42
	Autocommit mode: undefined/unknown
	Isolation level: undefined/unknown
	Minimum pool size: undefined/unknown
	Maximum pool size: undefined/unknown
2025-07-06 23:28:51.575 INFO  [restartedMain] o.h.e.t.j.p.i.JtaPlatformInitiator - HHH000489: No JTA platform available (set 'hibernate.transaction.jta.platform' to enable JTA platform integration)
2025-07-06 23:28:51.659 INFO  [restartedMain] o.s.o.j.LocalContainerEntityManagerFactoryBean - Initialized JPA EntityManagerFactory for persistence unit 'default'
2025-07-06 23:28:52.475 WARN  [restartedMain] o.s.b.w.s.c.AnnotationConfigServletWebServerApplicationContext - Exception encountered during context initialization - cancelling refresh attempt: org.springframework.beans.factory.UnsatisfiedDependencyException: Error creating bean with name 'addressController' defined in file [/mnt/NewVolume/code/agri-project/FarmFlow/target/classes/com/farmflow/controller/AddressController.class]: Unsatisfied dependency expressed through constructor parameter 0: No qualifying bean of type 'com.farmflow.service.AddressService' available: expected at least 1 bean which qualifies as autowire candidate. Dependency annotations: {}
2025-07-06 23:28:52.476 INFO  [restartedMain] o.s.o.j.LocalContainerEntityManagerFactoryBean - Closing JPA EntityManagerFactory for persistence unit 'default'
2025-07-06 23:28:52.477 INFO  [restartedMain] com.zaxxer.hikari.HikariDataSource - HikariPool-33 - Shutdown initiated...
2025-07-06 23:28:52.488 INFO  [restartedMain] com.zaxxer.hikari.HikariDataSource - HikariPool-33 - Shutdown completed.
2025-07-06 23:28:52.490 INFO  [restartedMain] o.a.catalina.core.StandardService - Stopping service [Tomcat]
2025-07-06 23:28:52.560 INFO  [restartedMain] o.s.b.a.l.ConditionEvaluationReportLogger - 

Error starting ApplicationContext. To display the condition evaluation report re-run your application with 'debug' enabled.
2025-07-06 23:28:52.648 ERROR [restartedMain] o.s.b.d.LoggingFailureAnalysisReporter - 

***************************
APPLICATION FAILED TO START
***************************

Description:

Parameter 0 of constructor in com.farmflow.controller.AddressController required a bean of type 'com.farmflow.service.AddressService' that could not be found.


Action:

Consider defining a bean of type 'com.farmflow.service.AddressService' in your configuration.

