2025-06-29 18:08:40.796 INFO  [restartedMain] com.farmflow.FarmFlowApplication - Starting FarmFlowApplication using Java 21.0.4 with PID 410751 (/mnt/NewVolume/code/agri-project/FarmFlow/target/classes started by pranjal in /mnt/NewVolume/code/agri-project/FarmFlow)
2025-06-29 18:08:40.801 INFO  [restartedMain] com.farmflow.FarmFlowApplication - No active profile set, falling back to 1 default profile: "default"
2025-06-29 18:08:40.919 INFO  [restartedMain] o.s.b.d.e.DevToolsPropertyDefaultsPostProcessor - Devtools property defaults active! Set 'spring.devtools.add-properties' to 'false' to disable
2025-06-29 18:08:40.920 INFO  [restartedMain] o.s.b.d.e.DevToolsPropertyDefaultsPostProcessor - For additional web related logging consider setting the 'logging.level.web' property to 'DEBUG'
2025-06-29 18:08:43.176 INFO  [restartedMain] o.s.d.r.c.RepositoryConfigurationDelegate - Bootstrapping Spring Data JPA repositories in DEFAULT mode.
2025-06-29 18:08:43.554 INFO  [restartedMain] o.s.d.r.c.RepositoryConfigurationDelegate - Finished Spring Data repository scanning in 366 ms. Found 10 JPA repository interfaces.
2025-06-29 18:08:44.003 INFO  [restartedMain] o.s.cloud.context.scope.GenericScope - BeanFactory id=efe19abf-dac2-302c-88b6-a50996e0a7af
2025-06-29 18:08:45.320 INFO  [restartedMain] o.s.b.w.e.tomcat.TomcatWebServer - Tomcat initialized with port 8080 (http)
2025-06-29 18:08:45.343 INFO  [restartedMain] o.a.coyote.http11.Http11NioProtocol - Initializing ProtocolHandler ["http-nio-8080"]
2025-06-29 18:08:45.345 INFO  [restartedMain] o.a.catalina.core.StandardService - Starting service [Tomcat]
2025-06-29 18:08:45.345 INFO  [restartedMain] o.a.catalina.core.StandardEngine - Starting Servlet engine: [Apache Tomcat/10.1.40]
2025-06-29 18:08:45.442 INFO  [restartedMain] o.a.c.c.C.[Tomcat].[localhost].[/] - Initializing Spring embedded WebApplicationContext
2025-06-29 18:08:45.443 INFO  [restartedMain] o.s.b.w.s.c.ServletWebServerApplicationContext - Root WebApplicationContext: initialization completed in 4521 ms
2025-06-29 18:08:45.867 INFO  [restartedMain] c.f.service.impl.JwtServiceImpl - JwtServiceImpl instantiated
2025-06-29 18:08:46.426 INFO  [restartedMain] o.h.jpa.internal.util.LogHelper - HHH000204: Processing PersistenceUnitInfo [name: default]
2025-06-29 18:08:46.515 INFO  [restartedMain] org.hibernate.Version - HHH000412: Hibernate ORM core version 6.6.13.Final
2025-06-29 18:08:46.560 INFO  [restartedMain] o.h.c.i.RegionFactoryInitiator - HHH000026: Second-level cache disabled
2025-06-29 18:08:46.984 INFO  [restartedMain] o.s.o.j.p.SpringPersistenceUnitInfo - No LoadTimeWeaver setup: ignoring JPA class transformer
2025-06-29 18:08:47.029 INFO  [restartedMain] com.zaxxer.hikari.HikariDataSource - HikariPool-1 - Starting...
2025-06-29 18:08:47.636 INFO  [restartedMain] com.zaxxer.hikari.pool.HikariPool - HikariPool-1 - Added connection com.mysql.cj.jdbc.ConnectionImpl@1f7eba5b
2025-06-29 18:08:47.638 INFO  [restartedMain] com.zaxxer.hikari.HikariDataSource - HikariPool-1 - Start completed.
2025-06-29 18:08:47.835 INFO  [restartedMain] o.hibernate.orm.connections.pooling - HHH10001005: Database info:
	Database JDBC URL [Connecting through datasource 'HikariDataSource (HikariPool-1)']
	Database driver: undefined/unknown
	Database version: 8.0.42
	Autocommit mode: undefined/unknown
	Isolation level: undefined/unknown
	Minimum pool size: undefined/unknown
	Maximum pool size: undefined/unknown
2025-06-29 18:08:49.625 INFO  [restartedMain] o.h.e.t.j.p.i.JtaPlatformInitiator - HHH000489: No JTA platform available (set 'hibernate.transaction.jta.platform' to enable JTA platform integration)
2025-06-29 18:08:49.973 INFO  [restartedMain] o.s.o.j.LocalContainerEntityManagerFactoryBean - Initialized JPA EntityManagerFactory for persistence unit 'default'
2025-06-29 18:08:50.530 INFO  [restartedMain] o.s.d.j.r.query.QueryEnhancerFactory - Hibernate is in classpath; If applicable, HQL parser will be used.
2025-06-29 18:08:53.829 INFO  [restartedMain] o.s.s.c.a.a.c.InitializeAuthenticationProviderBeanManagerConfigurer$InitializeAuthenticationProviderManagerConfigurer - Global AuthenticationManager configured with AuthenticationProvider bean with name authenticationProvider
2025-06-29 18:08:53.829 WARN  [restartedMain] o.s.s.c.a.a.c.InitializeUserDetailsBeanManagerConfigurer$InitializeUserDetailsManagerConfigurer - Global AuthenticationManager configured with an AuthenticationProvider bean. UserDetailsService beans will not be used by Spring Security for automatically configuring username/password login. Consider removing the AuthenticationProvider bean. Alternatively, consider using the UserDetailsService in a manually instantiated DaoAuthenticationProvider. If the current configuration is intentional, to turn off this warning, increase the logging level of 'org.springframework.security.config.annotation.authentication.configuration.InitializeUserDetailsBeanManagerConfigurer' to ERROR
2025-06-29 18:08:54.628 WARN  [restartedMain] o.s.b.a.o.j.JpaBaseConfiguration$JpaWebConfiguration - spring.jpa.open-in-view is enabled by default. Therefore, database queries may be performed during view rendering. Explicitly configure spring.jpa.open-in-view to disable this warning
2025-06-29 18:08:54.817 INFO  [restartedMain] o.s.b.d.a.OptionalLiveReloadServer - LiveReload server is running on port 35729
2025-06-29 18:08:54.961 INFO  [restartedMain] o.s.c.o.FeignClientFactoryBean - For 'ML-SERVICE' URL not provided. Will try picking an instance via load-balancing.
2025-06-29 18:08:56.333 INFO  [restartedMain] o.s.b.a.e.web.EndpointLinksResolver - Exposing 18 endpoints beneath base path '/actuator'
2025-06-29 18:08:56.399 INFO  [restartedMain] c.f.config.security.SecurityConfig - SecurityConfig : securityFilterChain() : Execution Start
2025-06-29 18:08:56.450 INFO  [restartedMain] c.f.config.security.SecurityConfig - SecurityConfig : securityFilterChain() : Execution Complete
2025-06-29 18:08:56.759 INFO  [restartedMain] o.s.v.b.OptionalValidatorFactoryBean - Failed to set up a Bean Validation provider: jakarta.validation.NoProviderFoundException: Unable to create a Configuration, because no Jakarta Bean Validation provider could be found. Add a provider like Hibernate Validator (RI) to your classpath.
2025-06-29 18:08:57.937 INFO  [restartedMain] o.s.c.n.e.c.DiscoveryClientOptionalArgsConfiguration - Eureka HTTP Client uses RestTemplate.
2025-06-29 18:08:58.101 WARN  [restartedMain] o.s.c.l.c.LoadBalancerCacheAutoConfiguration$LoadBalancerCaffeineWarnLogger - Spring Cloud LoadBalancer is currently working with the default cache. While this cache implementation is useful for development and tests, it's recommended to use Caffeine cache in production.You can switch to using Caffeine cache, by adding it and org.springframework.cache.caffeine.CaffeineCacheManager to the classpath.
2025-06-29 18:08:58.270 INFO  [restartedMain] o.s.c.n.eureka.InstanceInfoFactory - Setting initial instance status as: STARTING
2025-06-29 18:08:58.312 INFO  [restartedMain] c.netflix.discovery.DiscoveryClient - Initializing Eureka in region us-east-1
2025-06-29 18:08:58.318 INFO  [restartedMain] c.n.d.s.r.aws.ConfigClusterResolver - Resolving eureka endpoints via configuration
2025-06-29 18:08:58.329 INFO  [restartedMain] c.netflix.discovery.DiscoveryClient - Disable delta property : false
2025-06-29 18:08:58.329 INFO  [restartedMain] c.netflix.discovery.DiscoveryClient - Single vip registry refresh property : null
2025-06-29 18:08:58.329 INFO  [restartedMain] c.netflix.discovery.DiscoveryClient - Force full registry fetch : false
2025-06-29 18:08:58.329 INFO  [restartedMain] c.netflix.discovery.DiscoveryClient - Application is null : false
2025-06-29 18:08:58.329 INFO  [restartedMain] c.netflix.discovery.DiscoveryClient - Registered Applications size is zero : true
2025-06-29 18:08:58.329 INFO  [restartedMain] c.netflix.discovery.DiscoveryClient - Application version is -1: true
2025-06-29 18:08:58.329 INFO  [restartedMain] c.netflix.discovery.DiscoveryClient - Getting all instance registry info from the eureka server
2025-06-29 18:08:59.097 INFO  [restartedMain] c.netflix.discovery.DiscoveryClient - The response status is 200
2025-06-29 18:08:59.099 INFO  [restartedMain] c.netflix.discovery.DiscoveryClient - Starting heartbeat executor: renew interval is: 30
2025-06-29 18:08:59.102 INFO  [restartedMain] c.n.discovery.InstanceInfoReplicator - InstanceInfoReplicator onDemand update allowed rate per min is 4
2025-06-29 18:08:59.104 INFO  [restartedMain] c.netflix.discovery.DiscoveryClient - Discovery Client initialized at timestamp 1751200739103 with initial instances count: 0
2025-06-29 18:08:59.119 INFO  [restartedMain] o.s.c.n.e.s.EurekaServiceRegistry - Registering application AGRI-JAVA with eureka with status UP
2025-06-29 18:08:59.120 INFO  [restartedMain] c.netflix.discovery.DiscoveryClient - Saw local status change event StatusChangeEvent [timestamp=1751200739120, current=UP, previous=STARTING]
2025-06-29 18:08:59.122 INFO  [restartedMain] o.a.coyote.http11.Http11NioProtocol - Starting ProtocolHandler ["http-nio-8080"]
2025-06-29 18:08:59.123 INFO  [DiscoveryClient-InstanceInfoReplicator-%d] c.netflix.discovery.DiscoveryClient - DiscoveryClient_AGRI-JAVA/172.25.236.2:AGRI-JAVA:8080: registering service...
2025-06-29 18:08:59.138 INFO  [restartedMain] o.s.b.w.e.tomcat.TomcatWebServer - Tomcat started on port 8080 (http) with context path '/'
2025-06-29 18:08:59.140 INFO  [restartedMain] o.s.c.n.e.s.EurekaAutoServiceRegistration - Updating port to 8080
2025-06-29 18:08:59.193 INFO  [restartedMain] com.farmflow.FarmFlowApplication - Started FarmFlowApplication in 19.001 seconds (process running for 21.008)
2025-06-29 18:08:59.280 INFO  [DiscoveryClient-InstanceInfoReplicator-%d] c.netflix.discovery.DiscoveryClient - DiscoveryClient_AGRI-JAVA/172.25.236.2:AGRI-JAVA:8080 - registration status: 204
2025-06-29 18:08:59.590 INFO  [RMI TCP Connection(2)-127.0.0.1] o.a.c.c.C.[Tomcat].[localhost].[/] - Initializing Spring DispatcherServlet 'dispatcherServlet'
2025-06-29 18:08:59.592 INFO  [RMI TCP Connection(2)-127.0.0.1] o.s.web.servlet.DispatcherServlet - Initializing Servlet 'dispatcherServlet'
2025-06-29 18:08:59.602 INFO  [RMI TCP Connection(2)-127.0.0.1] o.s.web.servlet.DispatcherServlet - Completed initialization in 8 ms
