2025-06-03 15:18:04.325 INFO  [File Watcher] o.s.b.d.a.LocalDevToolsAutoConfiguration$RestartingClassPathChangeChangedEventListener - Restarting due to 2 class path changes (0 additions, 2 deletions, 0 modifications)
2025-06-03 15:18:04.327 INFO  [Thread-89] o.s.c.n.e.s.EurekaServiceRegistry - Unregistering application AGRI-JAVA with eureka with status DOWN
2025-06-03 15:18:04.327 INFO  [Thread-89] c.netflix.discovery.DiscoveryClient - Saw local status change event StatusChangeEvent [timestamp=1748944084327, current=DOWN, previous=UP]
2025-06-03 15:18:04.327 INFO  [DiscoveryClient-InstanceInfoReplicator-%d] c.netflix.discovery.DiscoveryClient - DiscoveryClient_AGRI-JAVA/192.168.116.7:AGRI-JAVA:8080: registering service...
2025-06-03 15:18:04.329 INFO  [Thread-89] o.s.b.w.e.tomcat.GracefulShutdown - Commencing graceful shutdown. Waiting for active requests to complete
2025-06-03 15:18:04.330 INFO  [tomcat-shutdown] o.a.coyote.http11.Http11NioProtocol - Pausing ProtocolHandler ["http-nio-8080"]
2025-06-03 15:18:04.331 INFO  [tomcat-shutdown] o.s.b.w.e.tomcat.GracefulShutdown - Graceful shutdown complete
2025-06-03 15:18:04.332 INFO  [Thread-89] o.a.coyote.http11.Http11NioProtocol - Stopping ProtocolHandler ["http-nio-8080"]
2025-06-03 15:18:04.345 INFO  [DiscoveryClient-InstanceInfoReplicator-%d] c.netflix.discovery.DiscoveryClient - DiscoveryClient_AGRI-JAVA/192.168.116.7:AGRI-JAVA:8080 - registration status: 204
2025-06-03 15:18:04.350 INFO  [Thread-89] o.s.o.j.LocalContainerEntityManagerFactoryBean - Closing JPA EntityManagerFactory for persistence unit 'default'
2025-06-03 15:18:04.353 INFO  [Thread-89] com.zaxxer.hikari.HikariDataSource - HikariPool-16 - Shutdown initiated...
2025-06-03 15:18:04.360 INFO  [Thread-89] com.zaxxer.hikari.HikariDataSource - HikariPool-16 - Shutdown completed.
2025-06-03 15:18:04.362 INFO  [Thread-89] c.netflix.discovery.DiscoveryClient - Shutting down DiscoveryClient ...
2025-06-03 15:18:07.363 INFO  [Thread-89] c.netflix.discovery.DiscoveryClient - Unregistering ...
2025-06-03 15:18:07.371 INFO  [Thread-89] c.netflix.discovery.DiscoveryClient - DiscoveryClient_AGRI-JAVA/192.168.116.7:AGRI-JAVA:8080 - deregister  status: 200
2025-06-03 15:18:07.372 INFO  [Thread-89] c.netflix.discovery.DiscoveryClient - Completed shut down of DiscoveryClient
2025-06-03 15:18:07.813 INFO  [restartedMain] com.farmflow.FarmFlowApplication - Starting FarmFlowApplication using Java 21.0.4 with PID 226285 (/media/pranjal/New Volume/CODES/PROJECT/AgriProject/TempAgriProject2/target/classes started by pranjal in /media/pranjal/New Volume/CODES/PROJECT/AgriProject/TempAgriProject2)
2025-06-03 15:18:07.813 INFO  [restartedMain] com.farmflow.FarmFlowApplication - No active profile set, falling back to 1 default profile: "default"
2025-06-03 15:18:08.295 INFO  [restartedMain] o.s.d.r.c.RepositoryConfigurationDelegate - Bootstrapping Spring Data JPA repositories in DEFAULT mode.
2025-06-03 15:18:08.355 INFO  [restartedMain] o.s.d.r.c.RepositoryConfigurationDelegate - Finished Spring Data repository scanning in 58 ms. Found 10 JPA repository interfaces.
2025-06-03 15:18:08.435 INFO  [restartedMain] o.s.cloud.context.scope.GenericScope - BeanFactory id=68b39a57-1bfb-3b47-b8f8-8e4841c833ed
2025-06-03 15:18:08.553 INFO  [restartedMain] o.s.b.w.e.tomcat.TomcatWebServer - Tomcat initialized with port 8080 (http)
2025-06-03 15:18:08.554 INFO  [restartedMain] o.a.coyote.http11.Http11NioProtocol - Initializing ProtocolHandler ["http-nio-8080"]
2025-06-03 15:18:08.555 INFO  [restartedMain] o.a.catalina.core.StandardService - Starting service [Tomcat]
2025-06-03 15:18:08.555 INFO  [restartedMain] o.a.catalina.core.StandardEngine - Starting Servlet engine: [Apache Tomcat/10.1.40]
2025-06-03 15:18:08.573 INFO  [restartedMain] o.a.c.c.C.[Tomcat-2].[localhost].[/] - Initializing Spring embedded WebApplicationContext
2025-06-03 15:18:08.573 INFO  [restartedMain] o.s.b.w.s.c.ServletWebServerApplicationContext - Root WebApplicationContext: initialization completed in 759 ms
2025-06-03 15:18:08.758 INFO  [restartedMain] c.f.service.impl.JwtServiceImpl - JwtServiceImpl instantiated
2025-06-03 15:18:08.849 INFO  [restartedMain] o.h.jpa.internal.util.LogHelper - HHH000204: Processing PersistenceUnitInfo [name: default]
2025-06-03 15:18:08.850 INFO  [restartedMain] o.h.c.i.RegionFactoryInitiator - HHH000026: Second-level cache disabled
2025-06-03 15:18:08.854 INFO  [restartedMain] o.s.o.j.p.SpringPersistenceUnitInfo - No LoadTimeWeaver setup: ignoring JPA class transformer
2025-06-03 15:18:08.854 INFO  [restartedMain] com.zaxxer.hikari.HikariDataSource - HikariPool-17 - Starting...
2025-06-03 15:18:08.869 INFO  [restartedMain] com.zaxxer.hikari.pool.HikariPool - HikariPool-17 - Added connection com.mysql.cj.jdbc.ConnectionImpl@465e3deb
2025-06-03 15:18:08.869 INFO  [restartedMain] com.zaxxer.hikari.HikariDataSource - HikariPool-17 - Start completed.
2025-06-03 15:18:08.870 INFO  [restartedMain] o.hibernate.orm.connections.pooling - HHH10001005: Database info:
	Database JDBC URL [Connecting through datasource 'HikariDataSource (HikariPool-17)']
	Database driver: undefined/unknown
	Database version: 8.0.41
	Autocommit mode: undefined/unknown
	Isolation level: undefined/unknown
	Minimum pool size: undefined/unknown
	Maximum pool size: undefined/unknown
2025-06-03 15:18:08.968 INFO  [restartedMain] o.h.e.t.j.p.i.JtaPlatformInitiator - HHH000489: No JTA platform available (set 'hibernate.transaction.jta.platform' to enable JTA platform integration)
2025-06-03 15:18:09.085 INFO  [restartedMain] o.s.o.j.LocalContainerEntityManagerFactoryBean - Initialized JPA EntityManagerFactory for persistence unit 'default'
2025-06-03 15:18:09.339 INFO  [restartedMain] o.s.s.c.a.a.c.InitializeAuthenticationProviderBeanManagerConfigurer$InitializeAuthenticationProviderManagerConfigurer - Global AuthenticationManager configured with AuthenticationProvider bean with name authenticationProvider
2025-06-03 15:18:09.339 WARN  [restartedMain] o.s.s.c.a.a.c.InitializeUserDetailsBeanManagerConfigurer$InitializeUserDetailsManagerConfigurer - Global AuthenticationManager configured with an AuthenticationProvider bean. UserDetailsService beans will not be used by Spring Security for automatically configuring username/password login. Consider removing the AuthenticationProvider bean. Alternatively, consider using the UserDetailsService in a manually instantiated DaoAuthenticationProvider. If the current configuration is intentional, to turn off this warning, increase the logging level of 'org.springframework.security.config.annotation.authentication.configuration.InitializeUserDetailsBeanManagerConfigurer' to ERROR
2025-06-03 15:18:09.534 WARN  [restartedMain] o.s.b.a.o.j.JpaBaseConfiguration$JpaWebConfiguration - spring.jpa.open-in-view is enabled by default. Therefore, database queries may be performed during view rendering. Explicitly configure spring.jpa.open-in-view to disable this warning
2025-06-03 15:18:09.581 INFO  [restartedMain] o.s.b.d.a.OptionalLiveReloadServer - LiveReload server is running on port 35729
2025-06-03 15:18:09.607 INFO  [restartedMain] o.s.c.o.FeignClientFactoryBean - For 'ML-SERVICE' URL not provided. Will try picking an instance via load-balancing.
2025-06-03 15:18:09.997 INFO  [restartedMain] o.s.b.a.e.web.EndpointLinksResolver - Exposing 18 endpoints beneath base path '/actuator'
2025-06-03 15:18:10.020 INFO  [restartedMain] c.f.config.security.SecurityConfig - SecurityConfig : securityFilterChain() : Execution Start
2025-06-03 15:18:10.036 INFO  [restartedMain] c.f.config.security.SecurityConfig - SecurityConfig : securityFilterChain() : Execution Complete
2025-06-03 15:18:10.099 INFO  [restartedMain] o.s.v.b.OptionalValidatorFactoryBean - Failed to set up a Bean Validation provider: jakarta.validation.NoProviderFoundException: Unable to create a Configuration, because no Jakarta Bean Validation provider could be found. Add a provider like Hibernate Validator (RI) to your classpath.
2025-06-03 15:18:10.455 INFO  [restartedMain] o.s.c.n.e.c.DiscoveryClientOptionalArgsConfiguration - Eureka HTTP Client uses RestTemplate.
2025-06-03 15:18:10.471 WARN  [restartedMain] o.s.c.l.c.LoadBalancerCacheAutoConfiguration$LoadBalancerCaffeineWarnLogger - Spring Cloud LoadBalancer is currently working with the default cache. While this cache implementation is useful for development and tests, it's recommended to use Caffeine cache in production.You can switch to using Caffeine cache, by adding it and org.springframework.cache.caffeine.CaffeineCacheManager to the classpath.
2025-06-03 15:18:10.498 INFO  [restartedMain] o.s.c.n.eureka.InstanceInfoFactory - Setting initial instance status as: STARTING
2025-06-03 15:18:10.501 INFO  [restartedMain] c.netflix.discovery.DiscoveryClient - Initializing Eureka in region us-east-1
2025-06-03 15:18:10.501 INFO  [restartedMain] c.n.d.s.r.aws.ConfigClusterResolver - Resolving eureka endpoints via configuration
2025-06-03 15:18:10.501 INFO  [restartedMain] c.netflix.discovery.DiscoveryClient - Disable delta property : false
2025-06-03 15:18:10.501 INFO  [restartedMain] c.netflix.discovery.DiscoveryClient - Single vip registry refresh property : null
2025-06-03 15:18:10.501 INFO  [restartedMain] c.netflix.discovery.DiscoveryClient - Force full registry fetch : false
2025-06-03 15:18:10.501 INFO  [restartedMain] c.netflix.discovery.DiscoveryClient - Application is null : false
2025-06-03 15:18:10.501 INFO  [restartedMain] c.netflix.discovery.DiscoveryClient - Registered Applications size is zero : true
2025-06-03 15:18:10.501 INFO  [restartedMain] c.netflix.discovery.DiscoveryClient - Application version is -1: true
2025-06-03 15:18:10.501 INFO  [restartedMain] c.netflix.discovery.DiscoveryClient - Getting all instance registry info from the eureka server
2025-06-03 15:18:10.531 INFO  [restartedMain] c.netflix.discovery.DiscoveryClient - The response status is 200
2025-06-03 15:18:10.531 INFO  [restartedMain] c.netflix.discovery.DiscoveryClient - Starting heartbeat executor: renew interval is: 30
2025-06-03 15:18:10.531 INFO  [restartedMain] c.n.discovery.InstanceInfoReplicator - InstanceInfoReplicator onDemand update allowed rate per min is 4
2025-06-03 15:18:10.532 INFO  [restartedMain] c.netflix.discovery.DiscoveryClient - Discovery Client initialized at timestamp 1748944090532 with initial instances count: 1
2025-06-03 15:18:10.542 INFO  [restartedMain] o.s.c.n.e.s.EurekaServiceRegistry - Registering application AGRI-JAVA with eureka with status UP
2025-06-03 15:18:10.542 INFO  [restartedMain] c.netflix.discovery.DiscoveryClient - Saw local status change event StatusChangeEvent [timestamp=1748944090542, current=UP, previous=STARTING]
2025-06-03 15:18:10.542 INFO  [DiscoveryClient-InstanceInfoReplicator-%d] c.netflix.discovery.DiscoveryClient - DiscoveryClient_AGRI-JAVA/192.168.116.7:AGRI-JAVA:8080: registering service...
2025-06-03 15:18:10.543 INFO  [restartedMain] o.a.coyote.http11.Http11NioProtocol - Starting ProtocolHandler ["http-nio-8080"]
2025-06-03 15:18:10.544 INFO  [restartedMain] o.s.b.w.e.tomcat.TomcatWebServer - Tomcat started on port 8080 (http) with context path '/'
2025-06-03 15:18:10.545 INFO  [restartedMain] o.s.c.n.e.s.EurekaAutoServiceRegistration - Updating port to 8080
2025-06-03 15:18:10.553 INFO  [DiscoveryClient-InstanceInfoReplicator-%d] c.netflix.discovery.DiscoveryClient - DiscoveryClient_AGRI-JAVA/192.168.116.7:AGRI-JAVA:8080 - registration status: 204
2025-06-03 15:18:10.564 INFO  [restartedMain] com.farmflow.FarmFlowApplication - Started FarmFlowApplication in 3.055 seconds (process running for 1490.415)
2025-06-03 15:18:10.566 INFO  [restartedMain] o.s.b.d.a.ConditionEvaluationDeltaLoggingListener - Condition evaluation unchanged
2025-06-03 15:18:48.547 INFO  [http-nio-8080-exec-2] o.a.c.c.C.[Tomcat-2].[localhost].[/] - Initializing Spring DispatcherServlet 'dispatcherServlet'
2025-06-03 15:18:48.547 INFO  [http-nio-8080-exec-2] o.s.web.servlet.DispatcherServlet - Initializing Servlet 'dispatcherServlet'
2025-06-03 15:18:48.553 INFO  [http-nio-8080-exec-2] o.s.web.servlet.DispatcherServlet - Completed initialization in 6 ms
2025-06-03 15:18:48.563 INFO  [http-nio-8080-exec-2] c.farmflow.config.security.JwtFilter - JwtFilter : doFilterInternal() : Execution Start
2025-06-03 15:18:48.563 INFO  [http-nio-8080-exec-2] c.farmflow.config.security.JwtFilter - Message :/swagger-ui/index.html
2025-06-03 15:18:48.566 INFO  [http-nio-8080-exec-2] c.farmflow.config.security.JwtFilter - JwtFilter : doFilterInternal() : Execution End
2025-06-03 15:18:48.737 INFO  [http-nio-8080-exec-3] c.farmflow.config.security.JwtFilter - JwtFilter : doFilterInternal() : Execution Start
2025-06-03 15:18:48.737 INFO  [http-nio-8080-exec-3] c.farmflow.config.security.JwtFilter - Message :/swagger-ui/index.css
2025-06-03 15:18:48.738 INFO  [http-nio-8080-exec-3] c.farmflow.config.security.JwtFilter - JwtFilter : doFilterInternal() : Execution End
2025-06-03 15:18:48.738 INFO  [http-nio-8080-exec-1] c.farmflow.config.security.JwtFilter - JwtFilter : doFilterInternal() : Execution Start
2025-06-03 15:18:48.738 INFO  [http-nio-8080-exec-1] c.farmflow.config.security.JwtFilter - Message :/swagger-ui/swagger-ui.css
2025-06-03 15:18:48.738 INFO  [http-nio-8080-exec-1] c.farmflow.config.security.JwtFilter - JwtFilter : doFilterInternal() : Execution End
2025-06-03 15:18:48.740 INFO  [http-nio-8080-exec-4] c.farmflow.config.security.JwtFilter - JwtFilter : doFilterInternal() : Execution Start
2025-06-03 15:18:48.740 INFO  [http-nio-8080-exec-4] c.farmflow.config.security.JwtFilter - Message :/swagger-ui/swagger-ui-bundle.js
2025-06-03 15:18:48.740 INFO  [http-nio-8080-exec-4] c.farmflow.config.security.JwtFilter - JwtFilter : doFilterInternal() : Execution End
2025-06-03 15:18:48.741 INFO  [http-nio-8080-exec-5] c.farmflow.config.security.JwtFilter - JwtFilter : doFilterInternal() : Execution Start
2025-06-03 15:18:48.741 INFO  [http-nio-8080-exec-5] c.farmflow.config.security.JwtFilter - Message :/swagger-ui/swagger-ui-standalone-preset.js
2025-06-03 15:18:48.741 INFO  [http-nio-8080-exec-5] c.farmflow.config.security.JwtFilter - JwtFilter : doFilterInternal() : Execution End
2025-06-03 15:18:48.743 INFO  [http-nio-8080-exec-6] c.farmflow.config.security.JwtFilter - JwtFilter : doFilterInternal() : Execution Start
2025-06-03 15:18:48.743 INFO  [http-nio-8080-exec-6] c.farmflow.config.security.JwtFilter - Message :/swagger-ui/swagger-initializer.js
2025-06-03 15:18:48.744 INFO  [http-nio-8080-exec-6] c.farmflow.config.security.JwtFilter - JwtFilter : doFilterInternal() : Execution End
2025-06-03 15:18:49.049 INFO  [http-nio-8080-exec-7] c.farmflow.config.security.JwtFilter - JwtFilter : doFilterInternal() : Execution Start
2025-06-03 15:18:49.049 INFO  [http-nio-8080-exec-7] c.farmflow.config.security.JwtFilter - Message :/farmer_app_shopping-docs/swagger-config
2025-06-03 15:18:49.049 INFO  [http-nio-8080-exec-7] c.farmflow.config.security.JwtFilter - Skipping JWT Filter for: /farmer_app_shopping-docs/swagger-config
2025-06-03 15:18:49.064 INFO  [http-nio-8080-exec-9] c.farmflow.config.security.JwtFilter - JwtFilter : doFilterInternal() : Execution Start
2025-06-03 15:18:49.064 INFO  [http-nio-8080-exec-9] c.farmflow.config.security.JwtFilter - Message :/swagger-ui/favicon-32x32.png
2025-06-03 15:18:49.064 INFO  [http-nio-8080-exec-9] c.farmflow.config.security.JwtFilter - JwtFilter : doFilterInternal() : Execution End
2025-06-03 15:18:49.114 INFO  [http-nio-8080-exec-10] c.farmflow.config.security.JwtFilter - JwtFilter : doFilterInternal() : Execution Start
2025-06-03 15:18:49.114 INFO  [http-nio-8080-exec-10] c.farmflow.config.security.JwtFilter - Message :/farmer_app_shopping-docs/public
2025-06-03 15:18:49.114 INFO  [http-nio-8080-exec-10] c.farmflow.config.security.JwtFilter - Skipping JWT Filter for: /farmer_app_shopping-docs/public
2025-06-03 15:18:49.516 INFO  [http-nio-8080-exec-10] o.s.api.AbstractOpenApiResource - Init duration for springdoc-openapi is: 393 ms
