2025-07-04 00:05:18.652 INFO  [http-nio-8080-exec-1] c.farmflow.config.security.JwtFilter - JwtFilter : doFilterInternal() : Execution Start
2025-07-04 00:05:18.655 INFO  [http-nio-8080-exec-1] c.farmflow.config.security.JwtFilter - Message :/api/v1/auth
2025-07-04 00:05:18.655 INFO  [http-nio-8080-exec-1] c.farmflow.config.security.JwtFilter - JwtFilter : doFilterInternal() : Execution End
2025-07-04 00:05:18.698 WARN  [http-nio-8080-exec-1] com.farmflow.util.CommonUtil - No authenticated user found, returning null.
2025-07-04 00:05:18.698 WARN  [http-nio-8080-exec-1] com.farmflow.aspect.LoggingAspect - No authenticated user found, falling back to anonymous.
2025-07-04 00:05:18.700 INFO  [http-nio-8080-exec-1] com.farmflow.aspect.LoggingAspect - [2025-07-04 00:05:18] [req-12195216779742-7114] [anonymous] [AuthController.create()] Entering method - Args: [UserDTO(id=0, name=John Doe, email=rebelguided@gmail.com, password=securePass123, phone=9876543210, image=null)]
2025-07-04 00:05:18.701 WARN  [http-nio-8080-exec-1] com.farmflow.util.CommonUtil - No authenticated user found, returning null.
2025-07-04 00:05:18.701 WARN  [http-nio-8080-exec-1] com.farmflow.aspect.LoggingAspect - No authenticated user found, falling back to anonymous.
2025-07-04 00:05:18.701 INFO  [http-nio-8080-exec-1] com.farmflow.aspect.LoggingAspect - [2025-07-04 00:05:18] [req-12195216779742-7114] [anonymous] [AuthServiceImpl.createUser()] Entering method - Args: [UserDTO(id=0, name=John Doe, email=rebelguided@gmail.com, password=securePass123, phone=9876543210, image=null)]
2025-07-04 00:05:24.200 WARN  [http-nio-8080-exec-1] com.farmflow.util.CommonUtil - No authenticated user found, returning null.
2025-07-04 00:05:24.200 WARN  [http-nio-8080-exec-1] com.farmflow.aspect.LoggingAspect - No authenticated user found, falling back to anonymous.
2025-07-04 00:05:24.200 INFO  [http-nio-8080-exec-1] com.farmflow.aspect.LoggingAspect - [2025-07-04 00:05:24] [req-12195216779742-7114] [anonymous] [EmailComposerServiceImpl.sendVerificationEmail()] Entering method - Args: [UserDTO(id=0, name=John Doe, email=rebelguided@gmail.com, password=securePass123, phone=9876543210, image=null)]
2025-07-04 00:05:47.004 WARN  [http-nio-8080-exec-1] com.farmflow.util.CommonUtil - No authenticated user found, returning null.
2025-07-04 00:05:47.005 WARN  [http-nio-8080-exec-1] com.farmflow.aspect.LoggingAspect - No authenticated user found, falling back to anonymous.
2025-07-04 00:05:47.005 INFO  [http-nio-8080-exec-1] com.farmflow.aspect.LoggingAspect - [2025-07-04 00:05:47] [req-12195216779742-7114] [anonymous] [EmailServiceImpl.isEmailServiceEnabled()] Entering method - Args: []
2025-07-04 00:05:47.006 INFO  [http-nio-8080-exec-1] com.farmflow.aspect.LoggingAspect - [2025-07-04 00:05:47] [req-12195216779742-7114] [anonymous] [EmailServiceImpl.isEmailServiceEnabled()] Exiting method - Duration: 0 ms, Result: true
2025-07-04 00:05:47.007 WARN  [http-nio-8080-exec-1] c.f.s.e.i.EmailComposerServiceImpl - Email service is disabled. Verification email not sent for user: rebelguided@gmail.com
2025-07-04 00:05:47.007 INFO  [http-nio-8080-exec-1] com.farmflow.aspect.LoggingAspect - [2025-07-04 00:05:24] [req-12195216779742-7114] [anonymous] [EmailComposerServiceImpl.sendVerificationEmail()] Exiting method - Duration: 22807 ms, Result: void
2025-07-04 00:05:47.030 INFO  [http-nio-8080-exec-1] c.farmflow.config.AuditAwareConfig - AuditAwareConfig : getCurrentAuditor()
2025-07-04 00:05:47.127 INFO  [http-nio-8080-exec-1] com.farmflow.aspect.LoggingAspect - [2025-07-04 00:05:18] [req-12195216779742-7114] [anonymous] [AuthServiceImpl.createUser()] Exiting method - Duration: 28425 ms, Result: UserDTO(id=28, name=John Doe, email=rebelguided@gmail.com, password=$2a$10$LP0Ai4K/B4IXDEZZO7MFz.8pocO9kBM.1u8fRl7TnxaSxvXefFPGe, phone=9876543210, image=null)
2025-07-04 00:05:47.128 INFO  [http-nio-8080-exec-1] com.farmflow.aspect.LoggingAspect - [2025-07-04 00:05:18] [req-12195216779742-7114] [anonymous] [AuthController.create()] Exiting method - Duration: 28428 ms, Result: <201 CREATED Created,{timestamp=2025-07-04T00:05:47.128683127, status=success, message=Operation Success, data=UserDTO(id=28, name=John Doe, email=rebelguided@gmail.com, password=$2a$10$LP0Ai4K/B4IXDEZZO7MFz.8pocO9kBM.1u8fRl7TnxaSxvXefFPGe, phone=9876543210, image=null)},[]>
