2025-07-06 23:18:23.571 INFO  [restartedMain] com.farmflow.FarmFlowApplication - Starting FarmFlowApplication using Java 21.0.4 with PID 336797 (/mnt/NewVolume/code/agri-project/FarmFlow/target/classes started by pranjal in /mnt/NewVolume/code/agri-project/FarmFlow)
2025-07-06 23:18:23.573 INFO  [restartedMain] com.farmflow.FarmFlowApplication - No active profile set, falling back to 1 default profile: "default"
2025-07-06 23:18:24.889 INFO  [restartedMain] o.s.d.r.c.RepositoryConfigurationDelegate - Bootstrapping Spring Data JPA repositories in DEFAULT mode.
2025-07-06 23:18:25.145 INFO  [restartedMain] o.s.d.r.c.RepositoryConfigurationDelegate - Finished Spring Data repository scanning in 254 ms. Found 10 JPA repository interfaces.
2025-07-06 23:18:25.370 INFO  [restartedMain] o.s.cloud.context.scope.GenericScope - BeanFactory id=5a7ecac0-c89a-33c0-8526-ddf1fb7ad915
2025-07-06 23:18:25.593 INFO  [restartedMain] o.s.b.w.e.tomcat.TomcatWebServer - Tomcat initialized with port 8080 (http)
2025-07-06 23:18:25.594 INFO  [restartedMain] o.a.coyote.http11.Http11NioProtocol - Initializing ProtocolHandler ["http-nio-8080"]
2025-07-06 23:18:25.594 INFO  [restartedMain] o.a.catalina.core.StandardService - Starting service [Tomcat]
2025-07-06 23:18:25.594 INFO  [restartedMain] o.a.catalina.core.StandardEngine - Starting Servlet engine: [Apache Tomcat/10.1.40]
2025-07-06 23:18:25.623 INFO  [restartedMain] o.a.c.c.C.[.[localhost].[/] - Initializing Spring embedded WebApplicationContext
2025-07-06 23:18:25.624 INFO  [restartedMain] o.s.b.w.s.c.ServletWebServerApplicationContext - Root WebApplicationContext: initialization completed in 2045 ms
2025-07-06 23:18:25.836 INFO  [restartedMain] c.f.service.impl.JwtServiceImpl - JwtServiceImpl instantiated
2025-07-06 23:18:26.089 INFO  [restartedMain] o.h.jpa.internal.util.LogHelper - HHH000204: Processing PersistenceUnitInfo [name: default]
2025-07-06 23:18:26.095 INFO  [restartedMain] o.h.c.i.RegionFactoryInitiator - HHH000026: Second-level cache disabled
2025-07-06 23:18:26.113 INFO  [restartedMain] o.s.o.j.p.SpringPersistenceUnitInfo - No LoadTimeWeaver setup: ignoring JPA class transformer
2025-07-06 23:18:26.116 INFO  [restartedMain] com.zaxxer.hikari.HikariDataSource - HikariPool-30 - Starting...
2025-07-06 23:18:26.149 INFO  [restartedMain] com.zaxxer.hikari.pool.HikariPool - HikariPool-30 - Added connection com.mysql.cj.jdbc.ConnectionImpl@474a268a
2025-07-06 23:18:26.150 INFO  [restartedMain] com.zaxxer.hikari.HikariDataSource - HikariPool-30 - Start completed.
2025-07-06 23:18:26.152 INFO  [restartedMain] o.hibernate.orm.connections.pooling - HHH10001005: Database info:
	Database JDBC URL [Connecting through datasource 'HikariDataSource (HikariPool-30)']
	Database driver: undefined/unknown
	Database version: 8.0.42
	Autocommit mode: undefined/unknown
	Isolation level: undefined/unknown
	Minimum pool size: undefined/unknown
	Maximum pool size: undefined/unknown
2025-07-06 23:18:26.544 INFO  [restartedMain] o.h.e.t.j.p.i.JtaPlatformInitiator - HHH000489: No JTA platform available (set 'hibernate.transaction.jta.platform' to enable JTA platform integration)
2025-07-06 23:18:26.664 INFO  [restartedMain] o.s.o.j.LocalContainerEntityManagerFactoryBean - Initialized JPA EntityManagerFactory for persistence unit 'default'
2025-07-06 23:18:27.269 WARN  [restartedMain] o.s.b.w.s.c.AnnotationConfigServletWebServerApplicationContext - Exception encountered during context initialization - cancelling refresh attempt: org.springframework.beans.factory.UnsatisfiedDependencyException: Error creating bean with name 'addressController' defined in file [/mnt/NewVolume/code/agri-project/FarmFlow/target/classes/com/farmflow/controller/AddressController.class]: Unsatisfied dependency expressed through constructor parameter 0: Error creating bean with name 'addressServiceImpl': Unsatisfied dependency expressed through field 'authService': No qualifying bean of type 'com.farmflow.service.AuthService' available: expected at least 1 bean which qualifies as autowire candidate. Dependency annotations: {@org.springframework.beans.factory.annotation.Autowired(required=true)}
2025-07-06 23:18:27.269 INFO  [restartedMain] o.s.o.j.LocalContainerEntityManagerFactoryBean - Closing JPA EntityManagerFactory for persistence unit 'default'
2025-07-06 23:18:27.269 INFO  [restartedMain] com.zaxxer.hikari.HikariDataSource - HikariPool-30 - Shutdown initiated...
2025-07-06 23:18:27.272 INFO  [restartedMain] com.zaxxer.hikari.HikariDataSource - HikariPool-30 - Shutdown completed.
2025-07-06 23:18:27.273 INFO  [restartedMain] o.a.catalina.core.StandardService - Stopping service [Tomcat]
2025-07-06 23:18:27.282 INFO  [restartedMain] o.s.b.a.l.ConditionEvaluationReportLogger - 

Error starting ApplicationContext. To display the condition evaluation report re-run your application with 'debug' enabled.
2025-07-06 23:18:27.292 ERROR [restartedMain] o.s.b.d.LoggingFailureAnalysisReporter - 

***************************
APPLICATION FAILED TO START
***************************

Description:

Field authService in com.farmflow.service.impl.AddressServiceImpl required a bean of type 'com.farmflow.service.AuthService' that could not be found.


Action:

Consider defining a bean of type 'com.farmflow.service.AuthService' in your configuration.

