2025-08-27 13:59:44.006 INFO  [File Watcher] o.s.b.d.a.LocalDevToolsAutoConfiguration$RestartingClassPathChangeChangedEventListener - Restarting due to 1 class path change (0 additions, 0 deletions, 1 modification)
2025-08-27 13:59:44.016 INFO  [Thread-340] o.s.c.n.e.s.EurekaServiceRegistry - Unregistering application AGRI-JAVA with eureka with status DOWN
2025-08-27 13:59:44.016 INFO  [Thread-340] c.netflix.discovery.DiscoveryClient - Saw local status change event StatusChangeEvent [timestamp=1756283384016, current=DOWN, previous=UP]
2025-08-27 13:59:44.017 INFO  [DiscoveryClient-InstanceInfoReplicator-%d] c.netflix.discovery.DiscoveryClient - DiscoveryClient_AGRI-JAVA/172.25.222.107:AGRI-JAVA:8080: registering service...
2025-08-27 13:59:44.035 INFO  [Thread-340] o.s.b.w.e.tomcat.GracefulShutdown - Commencing graceful shutdown. Waiting for active requests to complete
2025-08-27 13:59:44.041 INFO  [tomcat-shutdown] o.a.coyote.http11.Http11NioProtocol - Pausing ProtocolHandler ["http-nio-8080"]
2025-08-27 13:59:44.049 INFO  [tomcat-shutdown] o.s.b.w.e.tomcat.GracefulShutdown - Graceful shutdown complete
2025-08-27 13:59:44.057 INFO  [Thread-340] o.a.coyote.http11.Http11NioProtocol - Stopping ProtocolHandler ["http-nio-8080"]
2025-08-27 13:59:44.063 INFO  [DiscoveryClient-InstanceInfoReplicator-%d] c.netflix.discovery.DiscoveryClient - DiscoveryClient_AGRI-JAVA/172.25.222.107:AGRI-JAVA:8080 - registration status: 204
2025-08-27 13:59:44.084 INFO  [Thread-340] o.s.o.j.LocalContainerEntityManagerFactoryBean - Closing JPA EntityManagerFactory for persistence unit 'default'
2025-08-27 13:59:44.099 INFO  [Thread-340] com.zaxxer.hikari.HikariDataSource - HikariPool-58 - Shutdown initiated...
2025-08-27 13:59:44.144 INFO  [Thread-340] com.zaxxer.hikari.HikariDataSource - HikariPool-58 - Shutdown completed.
2025-08-27 13:59:44.147 INFO  [Thread-340] c.netflix.discovery.DiscoveryClient - Shutting down DiscoveryClient ...
2025-08-27 13:59:47.148 INFO  [Thread-340] c.netflix.discovery.DiscoveryClient - Unregistering ...
2025-08-27 13:59:47.157 INFO  [Thread-340] c.netflix.discovery.DiscoveryClient - DiscoveryClient_AGRI-JAVA/172.25.222.107:AGRI-JAVA:8080 - deregister  status: 200
2025-08-27 13:59:47.158 INFO  [Thread-340] c.netflix.discovery.DiscoveryClient - Completed shut down of DiscoveryClient
2025-08-27 13:59:48.451 INFO  [restartedMain] com.farmflow.FarmFlowApplication - Starting FarmFlowApplication using Java 21.0.4 with PID 127632 (/mnt/NewVolume/code/agri-project/FarmFlow/target/classes started by pranjal in /mnt/NewVolume/code/agri-project/FarmFlow)
2025-08-27 13:59:48.451 INFO  [restartedMain] com.farmflow.FarmFlowApplication - No active profile set, falling back to 1 default profile: "default"
2025-08-27 13:59:49.405 INFO  [restartedMain] o.s.d.r.c.RepositoryConfigurationDelegate - Bootstrapping Spring Data JPA repositories in DEFAULT mode.
2025-08-27 13:59:49.478 INFO  [restartedMain] o.s.d.r.c.RepositoryConfigurationDelegate - Finished Spring Data repository scanning in 72 ms. Found 10 JPA repository interfaces.
2025-08-27 13:59:49.564 INFO  [restartedMain] o.s.cloud.context.scope.GenericScope - BeanFactory id=794ef53f-d54b-3ca5-9235-bc0bb4532b59
2025-08-27 13:59:49.775 INFO  [restartedMain] o.s.b.w.e.tomcat.TomcatWebServer - Tomcat initialized with port 8080 (http)
2025-08-27 13:59:49.777 INFO  [restartedMain] o.a.coyote.http11.Http11NioProtocol - Initializing ProtocolHandler ["http-nio-8080"]
2025-08-27 13:59:49.778 INFO  [restartedMain] o.a.catalina.core.StandardService - Starting service [Tomcat]
2025-08-27 13:59:49.778 INFO  [restartedMain] o.a.catalina.core.StandardEngine - Starting Servlet engine: [Apache Tomcat/10.1.40]
2025-08-27 13:59:49.804 INFO  [restartedMain] o.a.c.c.C.[Tomcat-6].[localhost].[/] - Initializing Spring embedded WebApplicationContext
2025-08-27 13:59:49.804 INFO  [restartedMain] o.s.b.w.s.c.ServletWebServerApplicationContext - Root WebApplicationContext: initialization completed in 1345 ms
2025-08-27 13:59:49.965 INFO  [restartedMain] c.f.service.impl.JwtServiceImpl - JwtServiceImpl instantiated
2025-08-27 13:59:50.152 INFO  [restartedMain] o.h.jpa.internal.util.LogHelper - HHH000204: Processing PersistenceUnitInfo [name: default]
2025-08-27 13:59:50.158 INFO  [restartedMain] o.h.c.i.RegionFactoryInitiator - HHH000026: Second-level cache disabled
2025-08-27 13:59:50.169 INFO  [restartedMain] o.s.o.j.p.SpringPersistenceUnitInfo - No LoadTimeWeaver setup: ignoring JPA class transformer
2025-08-27 13:59:50.171 INFO  [restartedMain] com.zaxxer.hikari.HikariDataSource - HikariPool-59 - Starting...
2025-08-27 13:59:50.240 INFO  [restartedMain] com.zaxxer.hikari.pool.HikariPool - HikariPool-59 - Added connection com.mysql.cj.jdbc.ConnectionImpl@69851dd8
2025-08-27 13:59:50.241 INFO  [restartedMain] com.zaxxer.hikari.HikariDataSource - HikariPool-59 - Start completed.
2025-08-27 13:59:50.244 INFO  [restartedMain] o.hibernate.orm.connections.pooling - HHH10001005: Database info:
	Database JDBC URL [Connecting through datasource 'HikariDataSource (HikariPool-59)']
	Database driver: undefined/unknown
	Database version: 8.0.43
	Autocommit mode: undefined/unknown
	Isolation level: undefined/unknown
	Minimum pool size: undefined/unknown
	Maximum pool size: undefined/unknown
2025-08-27 13:59:50.549 INFO  [restartedMain] o.h.e.t.j.p.i.JtaPlatformInitiator - HHH000489: No JTA platform available (set 'hibernate.transaction.jta.platform' to enable JTA platform integration)
2025-08-27 13:59:50.714 INFO  [restartedMain] o.s.o.j.LocalContainerEntityManagerFactoryBean - Initialized JPA EntityManagerFactory for persistence unit 'default'
2025-08-27 13:59:51.263 INFO  [restartedMain] o.s.s.c.a.a.c.InitializeAuthenticationProviderBeanManagerConfigurer$InitializeAuthenticationProviderManagerConfigurer - Global AuthenticationManager configured with AuthenticationProvider bean with name authenticationProvider
2025-08-27 13:59:51.263 WARN  [restartedMain] o.s.s.c.a.a.c.InitializeUserDetailsBeanManagerConfigurer$InitializeUserDetailsManagerConfigurer - Global AuthenticationManager configured with an AuthenticationProvider bean. UserDetailsService beans will not be used by Spring Security for automatically configuring username/password login. Consider removing the AuthenticationProvider bean. Alternatively, consider using the UserDetailsService in a manually instantiated DaoAuthenticationProvider. If the current configuration is intentional, to turn off this warning, increase the logging level of 'org.springframework.security.config.annotation.authentication.configuration.InitializeUserDetailsBeanManagerConfigurer' to ERROR
2025-08-27 13:59:51.590 WARN  [restartedMain] o.s.b.a.o.j.JpaBaseConfiguration$JpaWebConfiguration - spring.jpa.open-in-view is enabled by default. Therefore, database queries may be performed during view rendering. Explicitly configure spring.jpa.open-in-view to disable this warning
2025-08-27 13:59:51.656 INFO  [restartedMain] o.s.b.d.a.OptionalLiveReloadServer - LiveReload server is running on port 35729
2025-08-27 13:59:51.804 INFO  [restartedMain] o.s.c.o.FeignClientFactoryBean - For 'ML-SERVICE' URL not provided. Will try picking an instance via load-balancing.
2025-08-27 13:59:52.636 INFO  [restartedMain] o.s.b.a.e.web.EndpointLinksResolver - Exposing 18 endpoints beneath base path '/actuator'
2025-08-27 13:59:52.668 INFO  [restartedMain] c.f.config.security.SecurityConfig - SecurityConfig : securityFilterChain() : Execution Start
2025-08-27 13:59:52.689 INFO  [restartedMain] c.f.config.security.SecurityConfig - SecurityConfig : securityFilterChain() : Execution Complete
2025-08-27 13:59:52.839 INFO  [restartedMain] o.s.v.b.OptionalValidatorFactoryBean - Failed to set up a Bean Validation provider: jakarta.validation.NoProviderFoundException: Unable to create a Configuration, because no Jakarta Bean Validation provider could be found. Add a provider like Hibernate Validator (RI) to your classpath.
2025-08-27 13:59:53.326 INFO  [restartedMain] o.s.c.n.e.c.DiscoveryClientOptionalArgsConfiguration - Eureka HTTP Client uses RestTemplate.
2025-08-27 13:59:53.376 WARN  [restartedMain] o.s.c.l.c.LoadBalancerCacheAutoConfiguration$LoadBalancerCaffeineWarnLogger - Spring Cloud LoadBalancer is currently working with the default cache. While this cache implementation is useful for development and tests, it's recommended to use Caffeine cache in production.You can switch to using Caffeine cache, by adding it and org.springframework.cache.caffeine.CaffeineCacheManager to the classpath.
2025-08-27 13:59:53.423 INFO  [restartedMain] o.s.c.n.eureka.InstanceInfoFactory - Setting initial instance status as: STARTING
2025-08-27 13:59:53.429 INFO  [restartedMain] c.netflix.discovery.DiscoveryClient - Initializing Eureka in region us-east-1
2025-08-27 13:59:53.429 INFO  [restartedMain] c.n.d.s.r.aws.ConfigClusterResolver - Resolving eureka endpoints via configuration
2025-08-27 13:59:53.429 INFO  [restartedMain] c.netflix.discovery.DiscoveryClient - Disable delta property : false
2025-08-27 13:59:53.429 INFO  [restartedMain] c.netflix.discovery.DiscoveryClient - Single vip registry refresh property : null
2025-08-27 13:59:53.430 INFO  [restartedMain] c.netflix.discovery.DiscoveryClient - Force full registry fetch : false
2025-08-27 13:59:53.430 INFO  [restartedMain] c.netflix.discovery.DiscoveryClient - Application is null : false
2025-08-27 13:59:53.430 INFO  [restartedMain] c.netflix.discovery.DiscoveryClient - Registered Applications size is zero : true
2025-08-27 13:59:53.430 INFO  [restartedMain] c.netflix.discovery.DiscoveryClient - Application version is -1: true
2025-08-27 13:59:53.430 INFO  [restartedMain] c.netflix.discovery.DiscoveryClient - Getting all instance registry info from the eureka server
2025-08-27 13:59:53.479 INFO  [restartedMain] c.netflix.discovery.DiscoveryClient - The response status is 200
2025-08-27 13:59:53.479 INFO  [restartedMain] c.netflix.discovery.DiscoveryClient - Starting heartbeat executor: renew interval is: 30
2025-08-27 13:59:53.480 INFO  [restartedMain] c.n.discovery.InstanceInfoReplicator - InstanceInfoReplicator onDemand update allowed rate per min is 4
2025-08-27 13:59:53.480 INFO  [restartedMain] c.netflix.discovery.DiscoveryClient - Discovery Client initialized at timestamp 1756283393480 with initial instances count: 1
2025-08-27 13:59:53.499 INFO  [restartedMain] o.s.c.n.e.s.EurekaServiceRegistry - Registering application AGRI-JAVA with eureka with status UP
2025-08-27 13:59:53.499 INFO  [restartedMain] c.netflix.discovery.DiscoveryClient - Saw local status change event StatusChangeEvent [timestamp=1756283393499, current=UP, previous=STARTING]
2025-08-27 13:59:53.499 INFO  [DiscoveryClient-InstanceInfoReplicator-%d] c.netflix.discovery.DiscoveryClient - DiscoveryClient_AGRI-JAVA/172.25.222.107:AGRI-JAVA:8080: registering service...
2025-08-27 13:59:53.500 INFO  [restartedMain] o.a.coyote.http11.Http11NioProtocol - Starting ProtocolHandler ["http-nio-8080"]
2025-08-27 13:59:53.502 INFO  [restartedMain] o.s.b.w.e.tomcat.TomcatWebServer - Tomcat started on port 8080 (http) with context path '/'
2025-08-27 13:59:53.502 INFO  [restartedMain] o.s.c.n.e.s.EurekaAutoServiceRegistration - Updating port to 8080
2025-08-27 13:59:53.514 INFO  [DiscoveryClient-InstanceInfoReplicator-%d] c.netflix.discovery.DiscoveryClient - DiscoveryClient_AGRI-JAVA/172.25.222.107:AGRI-JAVA:8080 - registration status: 204
2025-08-27 13:59:53.545 INFO  [restartedMain] com.farmflow.FarmFlowApplication - Started FarmFlowApplication in 5.379 seconds (process running for 9659.534)
2025-08-27 13:59:53.546 INFO  [restartedMain] o.s.b.d.a.ConditionEvaluationDeltaLoggingListener - Condition evaluation unchanged
