2025-08-27 14:03:44.661 INFO  [File Watcher] o.s.b.d.a.LocalDevToolsAutoConfiguration$RestartingClassPathChangeChangedEventListener - Restarting due to 5 class path changes (0 additions, 3 deletions, 2 modifications)
2025-08-27 14:03:44.663 INFO  [Thread-352] o.s.c.n.e.s.EurekaServiceRegistry - Unregistering application AGRI-JAVA with eureka with status DOWN
2025-08-27 14:03:44.663 INFO  [Thread-352] c.netflix.discovery.DiscoveryClient - Saw local status change event StatusChangeEvent [timestamp=1756283624663, current=DOWN, previous=UP]
2025-08-27 14:03:44.663 INFO  [DiscoveryClient-InstanceInfoReplicator-%d] c.netflix.discovery.DiscoveryClient - DiscoveryClient_AGRI-JAVA/172.25.222.107:AGRI-JAVA:8080: registering service...
2025-08-27 14:03:44.664 INFO  [Thread-352] o.s.b.w.e.tomcat.GracefulShutdown - Commencing graceful shutdown. Waiting for active requests to complete
2025-08-27 14:03:44.666 INFO  [tomcat-shutdown] o.a.coyote.http11.Http11NioProtocol - Pausing ProtocolHandler ["http-nio-8080"]
2025-08-27 14:03:44.666 INFO  [tomcat-shutdown] o.s.b.w.e.tomcat.GracefulShutdown - Graceful shutdown complete
2025-08-27 14:03:44.666 INFO  [Thread-352] o.a.coyote.http11.Http11NioProtocol - Stopping ProtocolHandler ["http-nio-8080"]
2025-08-27 14:03:44.676 INFO  [Thread-352] o.s.o.j.LocalContainerEntityManagerFactoryBean - Closing JPA EntityManagerFactory for persistence unit 'default'
2025-08-27 14:03:44.677 INFO  [Thread-352] com.zaxxer.hikari.HikariDataSource - HikariPool-60 - Shutdown initiated...
2025-08-27 14:03:44.720 INFO  [Thread-352] com.zaxxer.hikari.HikariDataSource - HikariPool-60 - Shutdown completed.
2025-08-27 14:03:44.722 INFO  [Thread-352] c.netflix.discovery.DiscoveryClient - Shutting down DiscoveryClient ...
2025-08-27 14:03:44.890 INFO  [DiscoveryClient-InstanceInfoReplicator-%d] c.netflix.discovery.DiscoveryClient - DiscoveryClient_AGRI-JAVA/172.25.222.107:AGRI-JAVA:8080 - registration status: 204
2025-08-27 14:03:44.891 INFO  [Thread-352] c.netflix.discovery.DiscoveryClient - Unregistering ...
2025-08-27 14:03:44.910 INFO  [Thread-352] c.netflix.discovery.DiscoveryClient - DiscoveryClient_AGRI-JAVA/172.25.222.107:AGRI-JAVA:8080 - deregister  status: 200
2025-08-27 14:03:44.911 INFO  [Thread-352] c.netflix.discovery.DiscoveryClient - Completed shut down of DiscoveryClient
2025-08-27 14:03:45.254 INFO  [restartedMain] com.farmflow.FarmFlowApplication - Starting FarmFlowApplication using Java 21.0.4 with PID 127632 (/mnt/NewVolume/code/agri-project/FarmFlow/target/classes started by pranjal in /mnt/NewVolume/code/agri-project/FarmFlow)
2025-08-27 14:03:45.254 INFO  [restartedMain] com.farmflow.FarmFlowApplication - No active profile set, falling back to 1 default profile: "default"
2025-08-27 14:03:46.116 INFO  [restartedMain] o.s.d.r.c.RepositoryConfigurationDelegate - Bootstrapping Spring Data JPA repositories in DEFAULT mode.
2025-08-27 14:03:46.196 INFO  [restartedMain] o.s.d.r.c.RepositoryConfigurationDelegate - Finished Spring Data repository scanning in 79 ms. Found 10 JPA repository interfaces.
2025-08-27 14:03:46.277 INFO  [restartedMain] o.s.cloud.context.scope.GenericScope - BeanFactory id=f3ed42e5-1c23-302d-aa19-517b0827c58a
2025-08-27 14:03:46.460 INFO  [restartedMain] o.s.b.w.e.tomcat.TomcatWebServer - Tomcat initialized with port 8080 (http)
2025-08-27 14:03:46.460 INFO  [restartedMain] o.a.coyote.http11.Http11NioProtocol - Initializing ProtocolHandler ["http-nio-8080"]
2025-08-27 14:03:46.461 INFO  [restartedMain] o.a.catalina.core.StandardService - Starting service [Tomcat]
2025-08-27 14:03:46.461 INFO  [restartedMain] o.a.catalina.core.StandardEngine - Starting Servlet engine: [Apache Tomcat/10.1.40]
2025-08-27 14:03:46.571 INFO  [restartedMain] o.a.c.c.C.[Tomcat-6].[localhost].[/] - Initializing Spring embedded WebApplicationContext
2025-08-27 14:03:46.571 INFO  [restartedMain] o.s.b.w.s.c.ServletWebServerApplicationContext - Root WebApplicationContext: initialization completed in 1315 ms
2025-08-27 14:03:46.741 INFO  [restartedMain] c.f.service.impl.JwtServiceImpl - JwtServiceImpl instantiated
2025-08-27 14:03:46.981 INFO  [restartedMain] o.h.jpa.internal.util.LogHelper - HHH000204: Processing PersistenceUnitInfo [name: default]
2025-08-27 14:03:46.984 INFO  [restartedMain] o.h.c.i.RegionFactoryInitiator - HHH000026: Second-level cache disabled
2025-08-27 14:03:46.992 INFO  [restartedMain] o.s.o.j.p.SpringPersistenceUnitInfo - No LoadTimeWeaver setup: ignoring JPA class transformer
2025-08-27 14:03:46.993 INFO  [restartedMain] com.zaxxer.hikari.HikariDataSource - HikariPool-61 - Starting...
2025-08-27 14:03:47.002 INFO  [restartedMain] com.zaxxer.hikari.pool.HikariPool - HikariPool-61 - Added connection com.mysql.cj.jdbc.ConnectionImpl@5d5038
2025-08-27 14:03:47.003 INFO  [restartedMain] com.zaxxer.hikari.HikariDataSource - HikariPool-61 - Start completed.
2025-08-27 14:03:47.003 INFO  [restartedMain] o.hibernate.orm.connections.pooling - HHH10001005: Database info:
	Database JDBC URL [Connecting through datasource 'HikariDataSource (HikariPool-61)']
	Database driver: undefined/unknown
	Database version: 8.0.43
	Autocommit mode: undefined/unknown
	Isolation level: undefined/unknown
	Minimum pool size: undefined/unknown
	Maximum pool size: undefined/unknown
2025-08-27 14:03:47.163 INFO  [restartedMain] o.h.e.t.j.p.i.JtaPlatformInitiator - HHH000489: No JTA platform available (set 'hibernate.transaction.jta.platform' to enable JTA platform integration)
2025-08-27 14:03:47.214 INFO  [restartedMain] o.s.o.j.LocalContainerEntityManagerFactoryBean - Initialized JPA EntityManagerFactory for persistence unit 'default'
2025-08-27 14:03:47.617 WARN  [restartedMain] o.s.b.w.s.c.AnnotationConfigServletWebServerApplicationContext - Exception encountered during context initialization - cancelling refresh attempt: org.springframework.beans.factory.UnsatisfiedDependencyException: Error creating bean with name 'addressController' defined in file [/mnt/NewVolume/code/agri-project/FarmFlow/target/classes/com/farmflow/controller/AddressController.class]: Unsatisfied dependency expressed through constructor parameter 0: Error creating bean with name 'addressServiceImpl': Unsatisfied dependency expressed through field 'authService': No qualifying bean of type 'com.farmflow.service.AuthService' available: expected at least 1 bean which qualifies as autowire candidate. Dependency annotations: {@org.springframework.beans.factory.annotation.Autowired(required=true)}
2025-08-27 14:03:47.618 INFO  [restartedMain] o.s.o.j.LocalContainerEntityManagerFactoryBean - Closing JPA EntityManagerFactory for persistence unit 'default'
2025-08-27 14:03:47.618 INFO  [restartedMain] com.zaxxer.hikari.HikariDataSource - HikariPool-61 - Shutdown initiated...
2025-08-27 14:03:47.620 INFO  [restartedMain] com.zaxxer.hikari.HikariDataSource - HikariPool-61 - Shutdown completed.
2025-08-27 14:03:47.620 INFO  [restartedMain] o.a.catalina.core.StandardService - Stopping service [Tomcat]
2025-08-27 14:03:47.626 INFO  [restartedMain] o.s.b.a.l.ConditionEvaluationReportLogger - 

Error starting ApplicationContext. To display the condition evaluation report re-run your application with 'debug' enabled.
2025-08-27 14:03:47.634 ERROR [restartedMain] o.s.b.d.LoggingFailureAnalysisReporter - 

***************************
APPLICATION FAILED TO START
***************************

Description:

Field authService in com.farmflow.service.impl.AddressServiceImpl required a bean of type 'com.farmflow.service.AuthService' that could not be found.


Action:

Consider defining a bean of type 'com.farmflow.service.AuthService' in your configuration.

