2025-07-06 08:03:01.576 INFO  [http-nio-8080-exec-1] c.farmflow.config.security.JwtFilter - JwtFilter : doFilterInternal() : Execution Start
2025-07-06 08:03:01.579 INFO  [http-nio-8080-exec-1] c.farmflow.config.security.JwtFilter - Message :/swagger-ui/index.html
2025-07-06 08:03:01.580 INFO  [http-nio-8080-exec-1] c.farmflow.config.security.JwtFilter - JwtFilter : doFilterInternal() : Execution End
2025-07-06 08:03:01.770 INFO  [http-nio-8080-exec-2] c.farmflow.config.security.JwtFilter - JwtFilter : doFilterInternal() : Execution Start
2025-07-06 08:03:01.771 INFO  [http-nio-8080-exec-2] c.farmflow.config.security.JwtFilter - Message :/swagger-ui/swagger-ui.css
2025-07-06 08:03:01.772 INFO  [http-nio-8080-exec-2] c.farmflow.config.security.JwtFilter - JwtFilter : doFilterInternal() : Execution End
2025-07-06 08:03:01.773 INFO  [http-nio-8080-exec-5] c.farmflow.config.security.JwtFilter - JwtFilter : doFilterInternal() : Execution Start
2025-07-06 08:03:01.775 INFO  [http-nio-8080-exec-3] c.farmflow.config.security.JwtFilter - JwtFilter : doFilterInternal() : Execution Start
2025-07-06 08:03:01.776 INFO  [http-nio-8080-exec-3] c.farmflow.config.security.JwtFilter - Message :/swagger-ui/index.css
2025-07-06 08:03:01.777 INFO  [http-nio-8080-exec-3] c.farmflow.config.security.JwtFilter - JwtFilter : doFilterInternal() : Execution End
2025-07-06 08:03:01.775 INFO  [http-nio-8080-exec-5] c.farmflow.config.security.JwtFilter - Message :/swagger-ui/swagger-ui-standalone-preset.js
2025-07-06 08:03:01.778 INFO  [http-nio-8080-exec-5] c.farmflow.config.security.JwtFilter - JwtFilter : doFilterInternal() : Execution End
2025-07-06 08:03:01.776 INFO  [http-nio-8080-exec-4] c.farmflow.config.security.JwtFilter - JwtFilter : doFilterInternal() : Execution Start
2025-07-06 08:03:01.781 INFO  [http-nio-8080-exec-4] c.farmflow.config.security.JwtFilter - Message :/swagger-ui/swagger-ui-bundle.js
2025-07-06 08:03:01.777 INFO  [http-nio-8080-exec-6] c.farmflow.config.security.JwtFilter - JwtFilter : doFilterInternal() : Execution Start
2025-07-06 08:03:01.782 INFO  [http-nio-8080-exec-4] c.farmflow.config.security.JwtFilter - JwtFilter : doFilterInternal() : Execution End
2025-07-06 08:03:01.782 INFO  [http-nio-8080-exec-6] c.farmflow.config.security.JwtFilter - Message :/swagger-ui/swagger-initializer.js
2025-07-06 08:03:01.783 INFO  [http-nio-8080-exec-6] c.farmflow.config.security.JwtFilter - JwtFilter : doFilterInternal() : Execution End
2025-07-06 08:03:02.115 INFO  [http-nio-8080-exec-7] c.farmflow.config.security.JwtFilter - JwtFilter : doFilterInternal() : Execution Start
2025-07-06 08:03:02.116 INFO  [http-nio-8080-exec-7] c.farmflow.config.security.JwtFilter - Message :/swagger-ui/favicon-16x16.png
2025-07-06 08:03:02.116 INFO  [http-nio-8080-exec-7] c.farmflow.config.security.JwtFilter - JwtFilter : doFilterInternal() : Execution End
2025-07-06 08:03:02.180 INFO  [http-nio-8080-exec-8] c.farmflow.config.security.JwtFilter - JwtFilter : doFilterInternal() : Execution Start
2025-07-06 08:03:02.180 INFO  [http-nio-8080-exec-8] c.farmflow.config.security.JwtFilter - Message :/farmer_app_shopping-docs/swagger-config
2025-07-06 08:03:02.180 INFO  [http-nio-8080-exec-8] c.farmflow.config.security.JwtFilter - Skipping JWT Filter for: /farmer_app_shopping-docs/swagger-config
2025-07-06 08:03:02.252 INFO  [http-nio-8080-exec-9] c.farmflow.config.security.JwtFilter - JwtFilter : doFilterInternal() : Execution Start
2025-07-06 08:03:02.252 INFO  [http-nio-8080-exec-9] c.farmflow.config.security.JwtFilter - Message :/farmer_app_shopping-docs/public
2025-07-06 08:03:02.253 INFO  [http-nio-8080-exec-9] c.farmflow.config.security.JwtFilter - Skipping JWT Filter for: /farmer_app_shopping-docs/public
2025-07-06 08:03:03.667 INFO  [http-nio-8080-exec-9] o.s.api.AbstractOpenApiResource - Init duration for springdoc-openapi is: 1390 ms
2025-07-06 08:03:25.777 INFO  [http-nio-8080-exec-10] c.farmflow.config.security.JwtFilter - JwtFilter : doFilterInternal() : Execution Start
2025-07-06 08:03:25.777 INFO  [http-nio-8080-exec-10] c.farmflow.config.security.JwtFilter - Message :/api/v1/auth
2025-07-06 08:03:25.778 INFO  [http-nio-8080-exec-10] c.farmflow.config.security.JwtFilter - JwtFilter : doFilterInternal() : Execution End
2025-07-06 08:03:25.790 ERROR [http-nio-8080-exec-10] c.f.exception.GlobalExceptionHandler - ResourceNotFoundException : HttpMessageNotReadableException() : JSON parse error: Unexpected character ('}' (code 125)): was expecting double-quote to start field name
2025-07-06 08:03:25.795 WARN  [http-nio-8080-exec-10] o.s.w.s.m.m.a.ExceptionHandlerExceptionResolver - Resolved [org.springframework.http.converter.HttpMessageNotReadableException: JSON parse error: Unexpected character ('}' (code 125)): was expecting double-quote to start field name]
2025-07-06 08:03:33.975 INFO  [http-nio-8080-exec-1] c.farmflow.config.security.JwtFilter - JwtFilter : doFilterInternal() : Execution Start
2025-07-06 08:03:33.976 INFO  [http-nio-8080-exec-1] c.farmflow.config.security.JwtFilter - Message :/api/v1/auth
2025-07-06 08:03:33.976 INFO  [http-nio-8080-exec-1] c.farmflow.config.security.JwtFilter - JwtFilter : doFilterInternal() : Execution End
2025-07-06 08:03:33.994 WARN  [http-nio-8080-exec-1] com.farmflow.util.CommonUtil - No authenticated user found, returning null.
2025-07-06 08:03:33.994 WARN  [http-nio-8080-exec-1] com.farmflow.aspect.LoggingAspect - No authenticated user found, falling back to anonymous.
2025-07-06 08:03:34.002 INFO  [http-nio-8080-exec-1] com.farmflow.aspect.LoggingAspect - [2025-07-06 08:03:33] [req-1721012055764-3815] [anonymous] [AuthController.create()] Entering method - Args: [UserDTO(id=0, name=John Doe, email=john.doe@example.com, password=securePass123, phone=9876543210, image=null)]
2025-07-06 08:03:34.009 WARN  [http-nio-8080-exec-1] com.farmflow.util.CommonUtil - No authenticated user found, returning null.
2025-07-06 08:03:34.009 WARN  [http-nio-8080-exec-1] com.farmflow.aspect.LoggingAspect - No authenticated user found, falling back to anonymous.
2025-07-06 08:03:34.010 INFO  [http-nio-8080-exec-1] com.farmflow.aspect.LoggingAspect - [2025-07-06 08:03:34] [req-1721012055764-3815] [anonymous] [AuthServiceImpl.createUser()] Entering method - Args: [UserDTO(id=0, name=John Doe, email=john.doe@example.com, password=securePass123, phone=9876543210, image=null)]
2025-07-06 08:03:34.424 WARN  [http-nio-8080-exec-1] com.farmflow.util.CommonUtil - No authenticated user found, returning null.
2025-07-06 08:03:34.424 WARN  [http-nio-8080-exec-1] com.farmflow.aspect.LoggingAspect - No authenticated user found, falling back to anonymous.
2025-07-06 08:03:34.425 INFO  [http-nio-8080-exec-1] com.farmflow.aspect.LoggingAspect - [2025-07-06 08:03:34] [req-1721012055764-3815] [anonymous] [EmailComposerServiceImpl.sendVerificationEmail()] Entering method - Args: [UserDTO(id=0, name=John Doe, email=john.doe@example.com, password=securePass123, phone=9876543210, image=null)]
2025-07-06 08:03:34.426 WARN  [http-nio-8080-exec-1] com.farmflow.util.CommonUtil - No authenticated user found, returning null.
2025-07-06 08:03:34.426 WARN  [http-nio-8080-exec-1] com.farmflow.aspect.LoggingAspect - No authenticated user found, falling back to anonymous.
2025-07-06 08:03:34.428 INFO  [http-nio-8080-exec-1] com.farmflow.aspect.LoggingAspect - [2025-07-06 08:03:34] [req-1721012055764-3815] [anonymous] [EmailServiceImpl.sendEmail()] Entering method - Args: [EmailRequest(title=Verify Your Email Address, subject=Verify Your Email Address, body=null, recipientEmail=john.doe@example.com, isHtml=true, templateName=verification-email, contextVariables={name=John Doe, verificationCode=CE22A441})]
2025-07-06 08:03:39.647 INFO  [http-nio-8080-exec-1] com.farmflow.aspect.LoggingAspect - [2025-07-06 08:03:34] [req-1721012055764-3815] [anonymous] [EmailServiceImpl.sendEmail()] Exiting method - Duration: 5219 ms, Result: void
2025-07-06 08:03:39.648 INFO  [http-nio-8080-exec-1] c.f.s.e.i.EmailComposerServiceImpl - Verification email sent successfully to john.doe@example.com
2025-07-06 08:03:39.648 INFO  [http-nio-8080-exec-1] com.farmflow.aspect.LoggingAspect - [2025-07-06 08:03:34] [req-1721012055764-3815] [anonymous] [EmailComposerServiceImpl.sendVerificationEmail()] Exiting method - Duration: 5223 ms, Result: CE22A441
2025-07-06 08:03:39.689 INFO  [http-nio-8080-exec-1] c.farmflow.config.AuditAwareConfig - AuditAwareConfig : getCurrentAuditor()
2025-07-06 08:03:39.877 INFO  [http-nio-8080-exec-1] com.farmflow.aspect.LoggingAspect - [2025-07-06 08:03:34] [req-1721012055764-3815] [anonymous] [AuthServiceImpl.createUser()] Exiting method - Duration: 5867 ms, Result: UserDTO(id=38, name=John Doe, email=john.doe@example.com, password=$2a$10$vdOZngB8Bu8WAvWMxjmt5eHuVphpHkuG1pnp2/492SoY7l505nWxm, phone=9876543210, image=null)
2025-07-06 08:03:39.878 INFO  [http-nio-8080-exec-1] com.farmflow.aspect.LoggingAspect - [2025-07-06 08:03:33] [req-1721012055764-3815] [anonymous] [AuthController.create()] Exiting method - Duration: 5876 ms, Result: <201 CREATED Created,{timestamp=2025-07-06T08:03:39.878274202, status=success, message=Operation Success, data=UserDTO(id=38, name=John Doe, email=john.doe@example.com, password=$2a$10$vdOZngB8Bu8WAvWMxjmt5eHuVphpHkuG1pnp2/492SoY7l505nWxm, phone=9876543210, image=null)},[]>
